# JRE version: OpenJDK Runtime Environment (11.0.5+10) (build 11.0.5+10-LTS)
# Java VM: OpenJDK 64-Bit Server VM (11.0.5+10-LTS, mixed mode, tiered, compressed oops, concurrent mark sweep gc, bsd-amd64)
Heap:
 par new generation   total 39296K, used 16178K [0x0000000780000000, 0x0000000782aa0000, 0x00000007aaaa0000)
  eden space 34944K,  33% used [0x0000000780000000, 0x0000000780b8c948, 0x0000000782220000)
  from space 4352K, 100% used [0x0000000782220000, 0x0000000782660000, 0x0000000782660000)
  to   space 4352K,   0% used [0x0000000782660000, 0x0000000782660000, 0x0000000782aa0000)
 concurrent mark-sweep generation total 102848K, used 67886K [0x00000007aaaa0000, 0x00000007b0f10000, 0x0000000800000000)
 Metaspace       used 44982K, capacity 46247K, committed 46432K, reserved 1089536K
  class space    used 5324K, capacity 5868K, committed 5888K, reserved 1048576K
GC Heap History (20 events):
Event: 3.527 GC heap before
{Heap before GC invocations=4 (full 2):
 par new generation   total 39296K, used 26736K [0x0000000780000000, 0x0000000782aa0000, 0x00000007aaaa0000)
  eden space 34944K,  74% used [0x0000000780000000, 0x0000000781952e70, 0x0000000782220000)
  from space 4352K,  18% used [0x0000000782220000, 0x00000007822e9568, 0x0000000782660000)
  to   space 4352K,   0% used [0x0000000782660000, 0x0000000782660000, 0x0000000782aa0000)
 concurrent mark-sweep generation total 101816K, used 61088K [0x00000007aaaa0000, 0x00000007b0e0e000, 0x0000000800000000)
 Metaspace       used 22270K, capacity 22893K, committed 23168K, reserved 1069056K
  class space    used 2443K, capacity 2661K, committed 2688K, reserved 1048576K
}
Event: 3.534 GC heap after
{Heap after GC invocations=5 (full 2):
 par new generation   total 39296K, used 4352K [0x0000000780000000, 0x0000000782aa0000, 0x00000007aaaa0000)
  eden space 34944K,   0% used [0x0000000780000000, 0x0000000780000000, 0x0000000782220000)
  from space 4352K, 100% used [0x0000000782660000, 0x0000000782aa0000, 0x0000000782aa0000)
  to   space 4352K,   0% used [0x0000000782220000, 0x0000000782220000, 0x0000000782660000)
 concurrent mark-sweep generation total 101816K, used 74843K [0x00000007aaaa0000, 0x00000007b0e0e000, 0x0000000800000000)
 Metaspace       used 22270K, capacity 22893K, committed 23168K, reserved 1069056K
  class space    used 2443K, capacity 2661K, committed 2688K, reserved 1048576K
}
Event: 6.569 GC heap before
{Heap before GC invocations=5 (full 3):
 par new generation   total 39296K, used 39296K [0x0000000780000000, 0x0000000782aa0000, 0x00000007aaaa0000)
  eden space 34944K, 100% used [0x0000000780000000, 0x0000000782220000, 0x0000000782220000)
  from space 4352K, 100% used [0x0000000782660000, 0x0000000782aa0000, 0x0000000782aa0000)
  to   space 4352K,   0% used [0x0000000782220000, 0x0000000782220000, 0x0000000782660000)
 concurrent mark-sweep generation total 101816K, used 74843K [0x00000007aaaa0000, 0x00000007b0e0e000, 0x0000000800000000)
 Metaspace       used 24890K, capacity 25465K, committed 25856K, reserved 1073152K
  class space    used 2760K, capacity 2985K, committed 3072K, reserved 1048576K
}
Event: 6.575 GC heap after
{Heap after GC invocations=6 (full 3):
 par new generation   total 39296K, used 4352K [0x0000000780000000, 0x0000000782aa0000, 0x00000007aaaa0000)
  eden space 34944K,   0% used [0x0000000780000000, 0x0000000780000000, 0x0000000782220000)
  from space 4352K, 100% used [0x0000000782220000, 0x0000000782660000, 0x0000000782660000)
  to   space 4352K,   0% used [0x0000000782660000, 0x0000000782660000, 0x0000000782aa0000)
 concurrent mark-sweep generation total 101816K, used 84863K [0x00000007aaaa0000, 0x00000007b0e0e000, 0x0000000800000000)
 Metaspace       used 24890K, capacity 25465K, committed 25856K, reserved 1073152K
  class space    used 2760K, capacity 2985K, committed 3072K, reserved 1048576K
}
Event: 7.045 GC heap before
{Heap before GC invocations=6 (full 3):
 par new generation   total 39296K, used 39296K [0x0000000780000000, 0x0000000782aa0000, 0x00000007aaaa0000)
  eden space 34944K, 100% used [0x0000000780000000, 0x0000000782220000, 0x0000000782220000)
  from space 4352K, 100% used [0x0000000782220000, 0x0000000782660000, 0x0000000782660000)
  to   space 4352K,   0% used [0x0000000782660000, 0x0000000782660000, 0x0000000782aa0000)
 concurrent mark-sweep generation total 101816K, used 51205K [0x00000007aaaa0000, 0x00000007b0e0e000, 0x0000000800000000)
 Metaspace       used 25312K, capacity 25915K, committed 26368K, reserved 1073152K
  class space    used 2791K, capacity 3031K, committed 3072K, reserved 1048576K
}
Event: 7.048 GC heap after
{Heap after GC invocations=7 (full 3):
 par new generation   total 39296K, used 4346K [0x0000000780000000, 0x0000000782aa0000, 0x00000007aaaa0000)
  eden space 34944K,   0% used [0x0000000780000000, 0x0000000780000000, 0x0000000782220000)
  from space 4352K,  99% used [0x0000000782660000, 0x0000000782a9e9e0, 0x0000000782aa0000)
  to   space 4352K,   0% used [0x0000000782220000, 0x0000000782220000, 0x0000000782660000)
 concurrent mark-sweep generation total 101816K, used 57937K [0x00000007aaaa0000, 0x00000007b0e0e000, 0x0000000800000000)
 Metaspace       used 25312K, capacity 25915K, committed 26368K, reserved 1073152K
  class space    used 2791K, capacity 3031K, committed 3072K, reserved 1048576K
}
Event: 7.501 GC heap before
{Heap before GC invocations=7 (full 3):
 par new generation   total 39296K, used 39290K [0x0000000780000000, 0x0000000782aa0000, 0x00000007aaaa0000)
  eden space 34944K, 100% used [0x0000000780000000, 0x0000000782220000, 0x0000000782220000)
  from space 4352K,  99% used [0x0000000782660000, 0x0000000782a9e9e0, 0x0000000782aa0000)
  to   space 4352K,   0% used [0x0000000782220000, 0x0000000782220000, 0x0000000782660000)
 concurrent mark-sweep generation total 101816K, used 57937K [0x00000007aaaa0000, 0x00000007b0e0e000, 0x0000000800000000)
 Metaspace       used 25533K, capacity 26171K, committed 26624K, reserved 1073152K
  class space    used 2792K, capacity 3031K, committed 3072K, reserved 1048576K
}
Event: 7.502 GC heap after
{Heap after GC invocations=8 (full 3):
 par new generation   total 39296K, used 408K [0x0000000780000000, 0x0000000782aa0000, 0x00000007aaaa0000)
  eden space 34944K,   0% used [0x0000000780000000, 0x0000000780000000, 0x0000000782220000)
  from space 4352K,   9% used [0x0000000782220000, 0x0000000782286038, 0x0000000782660000)
  to   space 4352K,   0% used [0x0000000782660000, 0x0000000782660000, 0x0000000782aa0000)
 concurrent mark-sweep generation total 101816K, used 61994K [0x00000007aaaa0000, 0x00000007b0e0e000, 0x0000000800000000)
 Metaspace       used 25533K, capacity 26171K, committed 26624K, reserved 1073152K
  class space    used 2792K, capacity 3031K, committed 3072K, reserved 1048576K
}
Event: 7.920 GC heap before
{Heap before GC invocations=8 (full 3):
 par new generation   total 39296K, used 35203K [0x0000000780000000, 0x0000000782aa0000, 0x00000007aaaa0000)
  eden space 34944K,  99% used [0x0000000780000000, 0x00000007821faf28, 0x0000000782220000)
  from space 4352K,   9% used [0x0000000782220000, 0x0000000782286038, 0x0000000782660000)
  to   space 4352K,   0% used [0x0000000782660000, 0x0000000782660000, 0x0000000782aa0000)
 concurrent mark-sweep generation total 101816K, used 61994K [0x00000007aaaa0000, 0x00000007b0e0e000, 0x0000000800000000)
 Metaspace       used 25652K, capacity 26299K, committed 26624K, reserved 1073152K
  class space    used 2792K, capacity 3031K, committed 3072K, reserved 1048576K
}
Event: 7.921 GC heap after
{Heap after GC invocations=9 (full 3):
 par new generation   total 39296K, used 347K [0x0000000780000000, 0x0000000782aa0000, 0x00000007aaaa0000)
  eden space 34944K,   0% used [0x0000000780000000, 0x0000000780000000, 0x0000000782220000)
  from space 4352K,   7% used [0x0000000782660000, 0x00000007826b6f40, 0x0000000782aa0000)
  to   space 4352K,   0% used [0x0000000782220000, 0x0000000782220000, 0x0000000782660000)
 concurrent mark-sweep generation total 101816K, used 61994K [0x00000007aaaa0000, 0x00000007b0e0e000, 0x0000000800000000)
 Metaspace       used 25652K, capacity 26299K, committed 26624K, reserved 1073152K
  class space    used 2792K, capacity 3031K, committed 3072K, reserved 1048576K
}
Event: 10.045 GC heap before
{Heap before GC invocations=9 (full 3):
 par new generation   total 39296K, used 35291K [0x0000000780000000, 0x0000000782aa0000, 0x00000007aaaa0000)
  eden space 34944K, 100% used [0x0000000780000000, 0x0000000782220000, 0x0000000782220000)
  from space 4352K,   7% used [0x0000000782660000, 0x00000007826b6f40, 0x0000000782aa0000)
  to   space 4352K,   0% used [0x0000000782220000, 0x0000000782220000, 0x0000000782660000)
 concurrent mark-sweep generation total 101816K, used 61994K [0x00000007aaaa0000, 0x00000007b0e0e000, 0x0000000800000000)
 Metaspace       used 31342K, capacity 32102K, committed 32512K, reserved 1077248K
  class space    used 3425K, capacity 3727K, committed 3840K, reserved 1048576K
}
Event: 10.047 GC heap after
{Heap after GC invocations=10 (full 3):
 par new generation   total 39296K, used 4062K [0x0000000780000000, 0x0000000782aa0000, 0x00000007aaaa0000)
  eden space 34944K,   0% used [0x0000000780000000, 0x0000000780000000, 0x0000000782220000)
  from space 4352K,  93% used [0x0000000782220000, 0x0000000782617bd8, 0x0000000782660000)
  to   space 4352K,   0% used [0x0000000782660000, 0x0000000782660000, 0x0000000782aa0000)
 concurrent mark-sweep generation total 101816K, used 69297K [0x00000007aaaa0000, 0x00000007b0e0e000, 0x0000000800000000)
 Metaspace       used 31342K, capacity 32102K, committed 32512K, reserved 1077248K
  class space    used 3425K, capacity 3727K, committed 3840K, reserved 1048576K
}
Event: 10.543 GC heap before
{Heap before GC invocations=10 (full 3):
 par new generation   total 39296K, used 39006K [0x0000000780000000, 0x0000000782aa0000, 0x00000007aaaa0000)
  eden space 34944K, 100% used [0x0000000780000000, 0x0000000782220000, 0x0000000782220000)
  from space 4352K,  93% used [0x0000000782220000, 0x0000000782617bd8, 0x0000000782660000)
  to   space 4352K,   0% used [0x0000000782660000, 0x0000000782660000, 0x0000000782aa0000)
 concurrent mark-sweep generation total 101816K, used 69297K [0x00000007aaaa0000, 0x00000007b0e0e000, 0x0000000800000000)
 Metaspace       used 40366K, capacity 41242K, committed 41472K, reserved 1085440K
  class space    used 4783K, capacity 5112K, committed 5120K, reserved 1048576K
}
Event: 10.550 GC heap after
{Heap after GC invocations=11 (full 3):
 par new generation   total 39296K, used 4352K [0x0000000780000000, 0x0000000782aa0000, 0x00000007aaaa0000)
  eden space 34944K,   0% used [0x0000000780000000, 0x0000000780000000, 0x0000000782220000)
  from space 4352K, 100% used [0x0000000782660000, 0x0000000782aa0000, 0x0000000782aa0000)
  to   space 4352K,   0% used [0x0000000782220000, 0x0000000782220000, 0x0000000782660000)
 concurrent mark-sweep generation total 101816K, used 73027K [0x00000007aaaa0000, 0x00000007b0e0e000, 0x0000000800000000)
 Metaspace       used 40366K, capacity 41242K, committed 41472K, reserved 1085440K
  class space    used 4783K, capacity 5112K, committed 5120K, reserved 1048576K
}
Event: 10.860 GC heap before
{Heap before GC invocations=11 (full 3):
 par new generation   total 39296K, used 39296K [0x0000000780000000, 0x0000000782aa0000, 0x00000007aaaa0000)
  eden space 34944K, 100% used [0x0000000780000000, 0x0000000782220000, 0x0000000782220000)
  from space 4352K, 100% used [0x0000000782660000, 0x0000000782aa0000, 0x0000000782aa0000)
  to   space 4352K,   0% used [0x0000000782220000, 0x0000000782220000, 0x0000000782660000)
 concurrent mark-sweep generation total 101816K, used 73042K [0x00000007aaaa0000, 0x00000007b0e0e000, 0x0000000800000000)
 Metaspace       used 43592K, capacity 44814K, committed 45104K, reserved 1089536K
  class space    used 5223K, capacity 5721K, committed 5760K, reserved 1048576K
}
Event: 10.863 GC heap after
{Heap after GC invocations=12 (full 3):
 par new generation   total 39296K, used 3789K [0x0000000780000000, 0x0000000782aa0000, 0x00000007aaaa0000)
  eden space 34944K,   0% used [0x0000000780000000, 0x0000000780000000, 0x0000000782220000)
  from space 4352K,  87% used [0x0000000782220000, 0x00000007825d3610, 0x0000000782660000)
  to   space 4352K,   0% used [0x0000000782660000, 0x0000000782660000, 0x0000000782aa0000)
 concurrent mark-sweep generation total 101816K, used 76461K [0x00000007aaaa0000, 0x00000007b0e0e000, 0x0000000800000000)
 Metaspace       used 43592K, capacity 44814K, committed 45104K, reserved 1089536K
  class space    used 5223K, capacity 5721K, committed 5760K, reserved 1048576K
}
Event: 11.195 GC heap before
{Heap before GC invocations=12 (full 4):
 par new generation   total 39296K, used 38733K [0x0000000780000000, 0x0000000782aa0000, 0x00000007aaaa0000)
  eden space 34944K, 100% used [0x0000000780000000, 0x0000000782220000, 0x0000000782220000)
  from space 4352K,  87% used [0x0000000782220000, 0x00000007825d3610, 0x0000000782660000)
  to   space 4352K,   0% used [0x0000000782660000, 0x0000000782660000, 0x0000000782aa0000)
 concurrent mark-sweep generation total 101816K, used 76461K [0x00000007aaaa0000, 0x00000007b0e0e000, 0x0000000800000000)
 Metaspace       used 44324K, capacity 45559K, committed 45744K, reserved 1089536K
  class space    used 5274K, capacity 5792K, committed 5888K, reserved 1048576K
}
Event: 11.197 GC heap after
{Heap after GC invocations=13 (full 4):
 par new generation   total 39296K, used 4352K [0x0000000780000000, 0x0000000782aa0000, 0x00000007aaaa0000)
  eden space 34944K,   0% used [0x0000000780000000, 0x0000000780000000, 0x0000000782220000)
  from space 4352K, 100% used [0x0000000782660000, 0x0000000782aa0000, 0x0000000782aa0000)
  to   space 4352K,   0% used [0x0000000782220000, 0x0000000782220000, 0x0000000782660000)
 concurrent mark-sweep generation total 101816K, used 78959K [0x00000007aaaa0000, 0x00000007b0e0e000, 0x0000000800000000)
 Metaspace       used 44324K, capacity 45559K, committed 45744K, reserved 1089536K
  class space    used 5274K, capacity 5792K, committed 5888K, reserved 1048576K
}
Event: 11.794 GC heap before
{Heap before GC invocations=13 (full 4):
 par new generation   total 39296K, used 39296K [0x0000000780000000, 0x0000000782aa0000, 0x00000007aaaa0000)
  eden space 34944K, 100% used [0x0000000780000000, 0x0000000782220000, 0x0000000782220000)
  from space 4352K, 100% used [0x0000000782660000, 0x0000000782aa0000, 0x0000000782aa0000)
  to   space 4352K,   0% used [0x0000000782220000, 0x0000000782220000, 0x0000000782660000)
 concurrent mark-sweep generation total 102848K, used 61746K [0x00000007aaaa0000, 0x00000007b0f10000, 0x0000000800000000)
 Metaspace       used 44761K, capacity 45999K, committed 46176K, reserved 1089536K
  class space    used 5298K, capacity 5809K, committed 5888K, reserved 1048576K
}
Event: 11.796 GC heap after
{Heap after GC invocations=14 (full 4):
 par new generation   total 39296K, used 4352K [0x0000000780000000, 0x0000000782aa0000, 0x00000007aaaa0000)
  eden space 34944K,   0% used [0x0000000780000000, 0x0000000780000000, 0x0000000782220000)
  from space 4352K, 100% used [0x0000000782220000, 0x0000000782660000, 0x0000000782660000)
  to   space 4352K,   0% used [0x0000000782660000, 0x0000000782660000, 0x0000000782aa0000)
 concurrent mark-sweep generation total 102848K, used 67886K [0x00000007aaaa0000, 0x00000007b0f10000, 0x0000000800000000)
 Metaspace       used 44761K, capacity 45999K, committed 46176K, reserved 1089536K
  class space    used 5298K, capacity 5809K, committed 5888K, reserved 1048576K
}

