# JRE version: OpenJDK Runtime Environment (11.0.5+10) (build 11.0.5+10-LTS)
# Java VM: OpenJDK 64-Bit Server VM (11.0.5+10-LTS, mixed mode, tiered, compressed oops, concurrent mark sweep gc, bsd-amd64)
Heap:
 par new generation   total 39296K, used 24010K [0x0000000780000000, 0x0000000782aa0000, 0x00000007aaaa0000)
  eden space 34944K,  56% used [0x0000000780000000, 0x0000000781332ac0, 0x0000000782220000)
  from space 4352K, 100% used [0x0000000782220000, 0x0000000782660000, 0x0000000782660000)
  to   space 4352K,   0% used [0x0000000782660000, 0x0000000782660000, 0x0000000782aa0000)
 concurrent mark-sweep generation total 113148K, used 67887K [0x00000007aaaa0000, 0x00000007b191f000, 0x0000000800000000)
 Metaspace       used 45064K, capacity 46358K, committed 46520K, reserved 1089536K
  class space    used 5343K, capacity 5866K, committed 5948K, reserved 1048576K
GC Heap History (20 events):
Event: 3.396 GC heap before
{Heap before GC invocations=4 (full 2):
 par new generation   total 39296K, used 26063K [0x0000000780000000, 0x0000000782aa0000, 0x00000007aaaa0000)
  eden space 34944K,  72% used [0x0000000780000000, 0x00000007818a4b58, 0x0000000782220000)
  from space 4352K,  19% used [0x0000000782220000, 0x00000007822ef210, 0x0000000782660000)
  to   space 4352K,   0% used [0x0000000782660000, 0x0000000782660000, 0x0000000782aa0000)
 concurrent mark-sweep generation total 101820K, used 61090K [0x00000007aaaa0000, 0x00000007b0e0f000, 0x0000000800000000)
 Metaspace       used 22254K, capacity 22829K, committed 23168K, reserved 1069056K
  class space    used 2442K, capacity 2661K, committed 2688K, reserved 1048576K
}
Event: 3.404 GC heap after
{Heap after GC invocations=5 (full 2):
 par new generation   total 39296K, used 4352K [0x0000000780000000, 0x0000000782aa0000, 0x00000007aaaa0000)
  eden space 34944K,   0% used [0x0000000780000000, 0x0000000780000000, 0x0000000782220000)
  from space 4352K, 100% used [0x0000000782660000, 0x0000000782aa0000, 0x0000000782aa0000)
  to   space 4352K,   0% used [0x0000000782220000, 0x0000000782220000, 0x0000000782660000)
 concurrent mark-sweep generation total 101820K, used 74953K [0x00000007aaaa0000, 0x00000007b0e0f000, 0x0000000800000000)
 Metaspace       used 22254K, capacity 22829K, committed 23168K, reserved 1069056K
  class space    used 2442K, capacity 2661K, committed 2688K, reserved 1048576K
}
Event: 6.421 GC heap before
{Heap before GC invocations=5 (full 3):
 par new generation   total 39296K, used 36354K [0x0000000780000000, 0x0000000782aa0000, 0x00000007aaaa0000)
  eden space 34944K,  91% used [0x0000000780000000, 0x0000000781f40a20, 0x0000000782220000)
  from space 4352K, 100% used [0x0000000782660000, 0x0000000782aa0000, 0x0000000782aa0000)
  to   space 4352K,   0% used [0x0000000782220000, 0x0000000782220000, 0x0000000782660000)
 concurrent mark-sweep generation total 101820K, used 74953K [0x00000007aaaa0000, 0x00000007b0e0f000, 0x0000000800000000)
 Metaspace       used 24860K, capacity 25465K, committed 25856K, reserved 1073152K
  class space    used 2760K, capacity 2985K, committed 3072K, reserved 1048576K
}
Event: 6.425 GC heap after
{Heap after GC invocations=6 (full 3):
 par new generation   total 39296K, used 4326K [0x0000000780000000, 0x0000000782aa0000, 0x00000007aaaa0000)
  eden space 34944K,   0% used [0x0000000780000000, 0x0000000780000000, 0x0000000782220000)
  from space 4352K,  99% used [0x0000000782220000, 0x0000000782659840, 0x0000000782660000)
  to   space 4352K,   0% used [0x0000000782660000, 0x0000000782660000, 0x0000000782aa0000)
 concurrent mark-sweep generation total 101820K, used 82109K [0x00000007aaaa0000, 0x00000007b0e0f000, 0x0000000800000000)
 Metaspace       used 24860K, capacity 25465K, committed 25856K, reserved 1073152K
  class space    used 2760K, capacity 2985K, committed 3072K, reserved 1048576K
}
Event: 6.571 GC heap before
{Heap before GC invocations=6 (full 3):
 par new generation   total 39296K, used 39270K [0x0000000780000000, 0x0000000782aa0000, 0x00000007aaaa0000)
  eden space 34944K, 100% used [0x0000000780000000, 0x0000000782220000, 0x0000000782220000)
  from space 4352K,  99% used [0x0000000782220000, 0x0000000782659840, 0x0000000782660000)
  to   space 4352K,   0% used [0x0000000782660000, 0x0000000782660000, 0x0000000782aa0000)
 concurrent mark-sweep generation total 101820K, used 82109K [0x00000007aaaa0000, 0x00000007b0e0f000, 0x0000000800000000)
 Metaspace       used 24938K, capacity 25552K, committed 25856K, reserved 1073152K
  class space    used 2765K, capacity 2995K, committed 3072K, reserved 1048576K
}
Event: 6.573 GC heap after
{Heap after GC invocations=7 (full 3):
 par new generation   total 39296K, used 4352K [0x0000000780000000, 0x0000000782aa0000, 0x00000007aaaa0000)
  eden space 34944K,   0% used [0x0000000780000000, 0x0000000780000000, 0x0000000782220000)
  from space 4352K, 100% used [0x0000000782660000, 0x0000000782aa0000, 0x0000000782aa0000)
  to   space 4352K,   0% used [0x0000000782220000, 0x0000000782220000, 0x0000000782660000)
 concurrent mark-sweep generation total 101820K, used 89998K [0x00000007aaaa0000, 0x00000007b0e0f000, 0x0000000800000000)
 Metaspace       used 24938K, capacity 25552K, committed 25856K, reserved 1073152K
  class space    used 2765K, capacity 2995K, committed 3072K, reserved 1048576K
}
Event: 7.326 GC heap before
{Heap before GC invocations=7 (full 3):
 par new generation   total 39296K, used 39169K [0x0000000780000000, 0x0000000782aa0000, 0x00000007aaaa0000)
  eden space 34944K,  99% used [0x0000000780000000, 0x00000007822006b0, 0x0000000782220000)
  from space 4352K, 100% used [0x0000000782660000, 0x0000000782aa0000, 0x0000000782aa0000)
  to   space 4352K,   0% used [0x0000000782220000, 0x0000000782220000, 0x0000000782660000)
 concurrent mark-sweep generation total 101820K, used 56340K [0x00000007aaaa0000, 0x00000007b0e0f000, 0x0000000800000000)
 Metaspace       used 25525K, capacity 26171K, committed 26624K, reserved 1073152K
  class space    used 2792K, capacity 3031K, committed 3072K, reserved 1048576K
}
Event: 7.327 GC heap after
{Heap after GC invocations=8 (full 3):
 par new generation   total 39296K, used 543K [0x0000000780000000, 0x0000000782aa0000, 0x00000007aaaa0000)
  eden space 34944K,   0% used [0x0000000780000000, 0x0000000780000000, 0x0000000782220000)
  from space 4352K,  12% used [0x0000000782220000, 0x00000007822a7e10, 0x0000000782660000)
  to   space 4352K,   0% used [0x0000000782660000, 0x0000000782660000, 0x0000000782aa0000)
 concurrent mark-sweep generation total 101820K, used 59877K [0x00000007aaaa0000, 0x00000007b0e0f000, 0x0000000800000000)
 Metaspace       used 25525K, capacity 26171K, committed 26624K, reserved 1073152K
  class space    used 2792K, capacity 3031K, committed 3072K, reserved 1048576K
}
Event: 7.751 GC heap before
{Heap before GC invocations=8 (full 3):
 par new generation   total 39296K, used 35357K [0x0000000780000000, 0x0000000782aa0000, 0x00000007aaaa0000)
  eden space 34944K,  99% used [0x0000000780000000, 0x00000007821ff818, 0x0000000782220000)
  from space 4352K,  12% used [0x0000000782220000, 0x00000007822a7e10, 0x0000000782660000)
  to   space 4352K,   0% used [0x0000000782660000, 0x0000000782660000, 0x0000000782aa0000)
 concurrent mark-sweep generation total 101820K, used 59877K [0x00000007aaaa0000, 0x00000007b0e0f000, 0x0000000800000000)
 Metaspace       used 25628K, capacity 26235K, committed 26624K, reserved 1073152K
  class space    used 2792K, capacity 3031K, committed 3072K, reserved 1048576K
}
Event: 7.751 GC heap after
{Heap after GC invocations=9 (full 3):
 par new generation   total 39296K, used 746K [0x0000000780000000, 0x0000000782aa0000, 0x00000007aaaa0000)
  eden space 34944K,   0% used [0x0000000780000000, 0x0000000780000000, 0x0000000782220000)
  from space 4352K,  17% used [0x0000000782660000, 0x000000078271ab60, 0x0000000782aa0000)
  to   space 4352K,   0% used [0x0000000782220000, 0x0000000782220000, 0x0000000782660000)
 concurrent mark-sweep generation total 101820K, used 59877K [0x00000007aaaa0000, 0x00000007b0e0f000, 0x0000000800000000)
 Metaspace       used 25628K, capacity 26235K, committed 26624K, reserved 1073152K
  class space    used 2792K, capacity 3031K, committed 3072K, reserved 1048576K
}
Event: 9.594 GC heap before
{Heap before GC invocations=9 (full 3):
 par new generation   total 39296K, used 35690K [0x0000000780000000, 0x0000000782aa0000, 0x00000007aaaa0000)
  eden space 34944K, 100% used [0x0000000780000000, 0x0000000782220000, 0x0000000782220000)
  from space 4352K,  17% used [0x0000000782660000, 0x000000078271ab60, 0x0000000782aa0000)
  to   space 4352K,   0% used [0x0000000782220000, 0x0000000782220000, 0x0000000782660000)
 concurrent mark-sweep generation total 101820K, used 59877K [0x00000007aaaa0000, 0x00000007b0e0f000, 0x0000000800000000)
 Metaspace       used 31151K, capacity 31972K, committed 32256K, reserved 1077248K
  class space    used 3431K, capacity 3727K, committed 3840K, reserved 1048576K
}
Event: 9.596 GC heap after
{Heap after GC invocations=10 (full 3):
 par new generation   total 39296K, used 4273K [0x0000000780000000, 0x0000000782aa0000, 0x00000007aaaa0000)
  eden space 34944K,   0% used [0x0000000780000000, 0x0000000780000000, 0x0000000782220000)
  from space 4352K,  98% used [0x0000000782220000, 0x000000078264c638, 0x0000000782660000)
  to   space 4352K,   0% used [0x0000000782660000, 0x0000000782660000, 0x0000000782aa0000)
 concurrent mark-sweep generation total 101820K, used 67180K [0x00000007aaaa0000, 0x00000007b0e0f000, 0x0000000800000000)
 Metaspace       used 31151K, capacity 31972K, committed 32256K, reserved 1077248K
  class space    used 3431K, capacity 3727K, committed 3840K, reserved 1048576K
}
Event: 10.033 GC heap before
{Heap before GC invocations=10 (full 3):
 par new generation   total 39296K, used 39217K [0x0000000780000000, 0x0000000782aa0000, 0x00000007aaaa0000)
  eden space 34944K, 100% used [0x0000000780000000, 0x0000000782220000, 0x0000000782220000)
  from space 4352K,  98% used [0x0000000782220000, 0x000000078264c638, 0x0000000782660000)
  to   space 4352K,   0% used [0x0000000782660000, 0x0000000782660000, 0x0000000782aa0000)
 concurrent mark-sweep generation total 101820K, used 67180K [0x00000007aaaa0000, 0x00000007b0e0f000, 0x0000000800000000)
 Metaspace       used 38821K, capacity 39657K, committed 39936K, reserved 1085440K
  class space    used 4544K, capacity 4862K, committed 4864K, reserved 1048576K
}
Event: 10.039 GC heap after
{Heap after GC invocations=11 (full 3):
 par new generation   total 39296K, used 4352K [0x0000000780000000, 0x0000000782aa0000, 0x00000007aaaa0000)
  eden space 34944K,   0% used [0x0000000780000000, 0x0000000780000000, 0x0000000782220000)
  from space 4352K, 100% used [0x0000000782660000, 0x0000000782aa0000, 0x0000000782aa0000)
  to   space 4352K,   0% used [0x0000000782220000, 0x0000000782220000, 0x0000000782660000)
 concurrent mark-sweep generation total 101820K, used 70654K [0x00000007aaaa0000, 0x00000007b0e0f000, 0x0000000800000000)
 Metaspace       used 38821K, capacity 39657K, committed 39936K, reserved 1085440K
  class space    used 4544K, capacity 4862K, committed 4864K, reserved 1048576K
}
Event: 10.361 GC heap before
{Heap before GC invocations=11 (full 3):
 par new generation   total 39296K, used 39296K [0x0000000780000000, 0x0000000782aa0000, 0x00000007aaaa0000)
  eden space 34944K, 100% used [0x0000000780000000, 0x0000000782220000, 0x0000000782220000)
  from space 4352K, 100% used [0x0000000782660000, 0x0000000782aa0000, 0x0000000782aa0000)
  to   space 4352K,   0% used [0x0000000782220000, 0x0000000782220000, 0x0000000782660000)
 concurrent mark-sweep generation total 101820K, used 70772K [0x00000007aaaa0000, 0x00000007b0e0f000, 0x0000000800000000)
 Metaspace       used 43559K, capacity 44778K, committed 45012K, reserved 1089536K
  class space    used 5237K, capacity 5751K, committed 5820K, reserved 1048576K
}
Event: 10.365 GC heap after
{Heap after GC invocations=12 (full 3):
 par new generation   total 39296K, used 3664K [0x0000000780000000, 0x0000000782aa0000, 0x00000007aaaa0000)
  eden space 34944K,   0% used [0x0000000780000000, 0x0000000780000000, 0x0000000782220000)
  from space 4352K,  84% used [0x0000000782220000, 0x00000007825b4160, 0x0000000782660000)
  to   space 4352K,   0% used [0x0000000782660000, 0x0000000782660000, 0x0000000782aa0000)
 concurrent mark-sweep generation total 101820K, used 74228K [0x00000007aaaa0000, 0x00000007b0e0f000, 0x0000000800000000)
 Metaspace       used 43559K, capacity 44778K, committed 45012K, reserved 1089536K
  class space    used 5237K, capacity 5751K, committed 5820K, reserved 1048576K
}
Event: 10.609 GC heap before
{Heap before GC invocations=12 (full 4):
 par new generation   total 39296K, used 38651K [0x0000000780000000, 0x0000000782aa0000, 0x00000007aaaa0000)
  eden space 34944K, 100% used [0x0000000780000000, 0x0000000782220000, 0x0000000782220000)
  from space 4352K,  85% used [0x0000000782220000, 0x00000007825becb8, 0x0000000782660000)
  to   space 4352K,   0% used [0x0000000782660000, 0x0000000782660000, 0x0000000782aa0000)
 concurrent mark-sweep generation total 101820K, used 75199K [0x00000007aaaa0000, 0x00000007b0e0f000, 0x0000000800000000)
 Metaspace       used 44265K, capacity 45519K, committed 45752K, reserved 1089536K
  class space    used 5288K, capacity 5823K, committed 5948K, reserved 1048576K
}
Event: 10.611 GC heap after
{Heap after GC invocations=13 (full 4):
 par new generation   total 39296K, used 4351K [0x0000000780000000, 0x0000000782aa0000, 0x00000007aaaa0000)
  eden space 34944K,   0% used [0x0000000780000000, 0x0000000780000000, 0x0000000782220000)
  from space 4352K,  99% used [0x0000000782660000, 0x0000000782a9fff8, 0x0000000782aa0000)
  to   space 4352K,   0% used [0x0000000782220000, 0x0000000782220000, 0x0000000782660000)
 concurrent mark-sweep generation total 101820K, used 75307K [0x00000007aaaa0000, 0x00000007b0e0f000, 0x0000000800000000)
 Metaspace       used 44265K, capacity 45519K, committed 45752K, reserved 1089536K
  class space    used 5288K, capacity 5823K, committed 5948K, reserved 1048576K
}
Event: 11.224 GC heap before
{Heap before GC invocations=13 (full 4):
 par new generation   total 39296K, used 39295K [0x0000000780000000, 0x0000000782aa0000, 0x00000007aaaa0000)
  eden space 34944K, 100% used [0x0000000780000000, 0x0000000782220000, 0x0000000782220000)
  from space 4352K,  99% used [0x0000000782660000, 0x0000000782a9fff8, 0x0000000782aa0000)
  to   space 4352K,   0% used [0x0000000782220000, 0x0000000782220000, 0x0000000782660000)
 concurrent mark-sweep generation total 101820K, used 59964K [0x00000007aaaa0000, 0x00000007b0e0f000, 0x0000000800000000)
 Metaspace       used 44778K, capacity 46009K, committed 46264K, reserved 1089536K
  class space    used 5315K, capacity 5838K, committed 5948K, reserved 1048576K
}
Event: 11.227 GC heap after
{Heap after GC invocations=14 (full 4):
 par new generation   total 39296K, used 4352K [0x0000000780000000, 0x0000000782aa0000, 0x00000007aaaa0000)
  eden space 34944K,   0% used [0x0000000780000000, 0x0000000780000000, 0x0000000782220000)
  from space 4352K, 100% used [0x0000000782220000, 0x0000000782660000, 0x0000000782660000)
  to   space 4352K,   0% used [0x0000000782660000, 0x0000000782660000, 0x0000000782aa0000)
 concurrent mark-sweep generation total 101820K, used 68137K [0x00000007aaaa0000, 0x00000007b0e0f000, 0x0000000800000000)
 Metaspace       used 44778K, capacity 46009K, committed 46264K, reserved 1089536K
  class space    used 5315K, capacity 5838K, committed 5948K, reserved 1048576K
}

