# JRE version: OpenJDK Runtime Environment (11.0.5+10) (build 11.0.5+10-LTS)
# Java VM: OpenJDK 64-Bit Server VM (11.0.5+10-LTS, mixed mode, tiered, compressed oops, concurrent mark sweep gc, bsd-amd64)
Heap:
 par new generation   total 39296K, used 13321K [0x0000000780000000, 0x0000000782aa0000, 0x00000007aaaa0000)
  eden space 34944K,  26% used [0x0000000780000000, 0x0000000780930ac8, 0x0000000782220000)
  from space 4352K,  89% used [0x0000000782660000, 0x0000000782a31c20, 0x0000000782aa0000)
  to   space 4352K,   0% used [0x0000000782220000, 0x0000000782220000, 0x0000000782660000)
 concurrent mark-sweep generation total 125112K, used 81050K [0x00000007aaaa0000, 0x00000007b24ce000, 0x0000000800000000)
 Metaspace       used 46382K, capacity 47753K, committed 47956K, reserved 1091584K
  class space    used 5443K, capacity 6006K, committed 6092K, reserved 1048576K
GC Heap History (20 events):
Event: 2.737 GC heap before
{Heap before GC invocations=3 (full 1):
 par new generation   total 39296K, used 35651K [0x0000000780000000, 0x0000000782aa0000, 0x00000007aaaa0000)
  eden space 34944K, 100% used [0x0000000780000000, 0x0000000782220000, 0x0000000782220000)
  from space 4352K,  16% used [0x0000000782660000, 0x0000000782710cc0, 0x0000000782aa0000)
  to   space 4352K,   0% used [0x0000000782220000, 0x0000000782220000, 0x0000000782660000)
 concurrent mark-sweep generation total 87424K, used 49885K [0x00000007aaaa0000, 0x00000007b0000000, 0x0000000800000000)
 Metaspace       used 18000K, capacity 18471K, committed 18816K, reserved 1067008K
  class space    used 1930K, capacity 2094K, committed 2176K, reserved 1048576K
}
Event: 2.743 GC heap after
{Heap after GC invocations=4 (full 1):
 par new generation   total 39296K, used 845K [0x0000000780000000, 0x0000000782aa0000, 0x00000007aaaa0000)
  eden space 34944K,   0% used [0x0000000780000000, 0x0000000780000000, 0x0000000782220000)
  from space 4352K,  19% used [0x0000000782220000, 0x00000007822f35c8, 0x0000000782660000)
  to   space 4352K,   0% used [0x0000000782660000, 0x0000000782660000, 0x0000000782aa0000)
 concurrent mark-sweep generation total 87424K, used 61097K [0x00000007aaaa0000, 0x00000007b0000000, 0x0000000800000000)
 Metaspace       used 18000K, capacity 18471K, committed 18816K, reserved 1067008K
  class space    used 1930K, capacity 2094K, committed 2176K, reserved 1048576K
}
Event: 3.065 GC heap before
{Heap before GC invocations=4 (full 2):
 par new generation   total 39296K, used 26207K [0x0000000780000000, 0x0000000782aa0000, 0x00000007aaaa0000)
  eden space 34944K,  72% used [0x0000000780000000, 0x00000007818c4758, 0x0000000782220000)
  from space 4352K,  19% used [0x0000000782220000, 0x00000007822f35c8, 0x0000000782660000)
  to   space 4352K,   0% used [0x0000000782660000, 0x0000000782660000, 0x0000000782aa0000)
 concurrent mark-sweep generation total 101816K, used 61089K [0x00000007aaaa0000, 0x00000007b0e0e000, 0x0000000800000000)
 Metaspace       used 22255K, capacity 22829K, committed 23168K, reserved 1069056K
  class space    used 2443K, capacity 2661K, committed 2688K, reserved 1048576K
}
Event: 3.074 GC heap after
{Heap after GC invocations=5 (full 2):
 par new generation   total 39296K, used 4352K [0x0000000780000000, 0x0000000782aa0000, 0x00000007aaaa0000)
  eden space 34944K,   0% used [0x0000000780000000, 0x0000000780000000, 0x0000000782220000)
  from space 4352K, 100% used [0x0000000782660000, 0x0000000782aa0000, 0x0000000782aa0000)
  to   space 4352K,   0% used [0x0000000782220000, 0x0000000782220000, 0x0000000782660000)
 concurrent mark-sweep generation total 101816K, used 77190K [0x00000007aaaa0000, 0x00000007b0e0e000, 0x0000000800000000)
 Metaspace       used 22255K, capacity 22829K, committed 23168K, reserved 1069056K
  class space    used 2443K, capacity 2661K, committed 2688K, reserved 1048576K
}
Event: 6.086 GC heap before
{Heap before GC invocations=5 (full 3):
 par new generation   total 39296K, used 39296K [0x0000000780000000, 0x0000000782aa0000, 0x00000007aaaa0000)
  eden space 34944K, 100% used [0x0000000780000000, 0x0000000782220000, 0x0000000782220000)
  from space 4352K, 100% used [0x0000000782660000, 0x0000000782aa0000, 0x0000000782aa0000)
  to   space 4352K,   0% used [0x0000000782220000, 0x0000000782220000, 0x0000000782660000)
 concurrent mark-sweep generation total 101816K, used 77190K [0x00000007aaaa0000, 0x00000007b0e0e000, 0x0000000800000000)
 Metaspace       used 24609K, capacity 25241K, committed 25600K, reserved 1071104K
  class space    used 2734K, capacity 2953K, committed 3072K, reserved 1048576K
}
Event: 6.090 GC heap after
{Heap after GC invocations=6 (full 3):
 par new generation   total 39296K, used 4339K [0x0000000780000000, 0x0000000782aa0000, 0x00000007aaaa0000)
  eden space 34944K,   0% used [0x0000000780000000, 0x0000000780000000, 0x0000000782220000)
  from space 4352K,  99% used [0x0000000782220000, 0x000000078265cdc8, 0x0000000782660000)
  to   space 4352K,   0% used [0x0000000782660000, 0x0000000782660000, 0x0000000782aa0000)
 concurrent mark-sweep generation total 101816K, used 85391K [0x00000007aaaa0000, 0x00000007b0e0e000, 0x0000000800000000)
 Metaspace       used 24609K, capacity 25241K, committed 25600K, reserved 1071104K
  class space    used 2734K, capacity 2953K, committed 3072K, reserved 1048576K
}
Event: 6.930 GC heap before
{Heap before GC invocations=6 (full 3):
 par new generation   total 39296K, used 39283K [0x0000000780000000, 0x0000000782aa0000, 0x00000007aaaa0000)
  eden space 34944K, 100% used [0x0000000780000000, 0x0000000782220000, 0x0000000782220000)
  from space 4352K,  99% used [0x0000000782220000, 0x000000078265cdc8, 0x0000000782660000)
  to   space 4352K,   0% used [0x0000000782660000, 0x0000000782660000, 0x0000000782aa0000)
 concurrent mark-sweep generation total 101816K, used 51733K [0x00000007aaaa0000, 0x00000007b0e0e000, 0x0000000800000000)
 Metaspace       used 25430K, capacity 26075K, committed 26368K, reserved 1073152K
  class space    used 2779K, capacity 2999K, committed 3072K, reserved 1048576K
}
Event: 6.932 GC heap after
{Heap after GC invocations=7 (full 3):
 par new generation   total 39296K, used 4291K [0x0000000780000000, 0x0000000782aa0000, 0x00000007aaaa0000)
  eden space 34944K,   0% used [0x0000000780000000, 0x0000000780000000, 0x0000000782220000)
  from space 4352K,  98% used [0x0000000782660000, 0x0000000782a90f70, 0x0000000782aa0000)
  to   space 4352K,   0% used [0x0000000782220000, 0x0000000782220000, 0x0000000782660000)
 concurrent mark-sweep generation total 101816K, used 57425K [0x00000007aaaa0000, 0x00000007b0e0e000, 0x0000000800000000)
 Metaspace       used 25430K, capacity 26075K, committed 26368K, reserved 1073152K
  class space    used 2779K, capacity 2999K, committed 3072K, reserved 1048576K
}
Event: 15.436 GC heap before
{Heap before GC invocations=7 (full 3):
 par new generation   total 39296K, used 39235K [0x0000000780000000, 0x0000000782aa0000, 0x00000007aaaa0000)
  eden space 34944K, 100% used [0x0000000780000000, 0x0000000782220000, 0x0000000782220000)
  from space 4352K,  98% used [0x0000000782660000, 0x0000000782a90f70, 0x0000000782aa0000)
  to   space 4352K,   0% used [0x0000000782220000, 0x0000000782220000, 0x0000000782660000)
 concurrent mark-sweep generation total 101816K, used 57425K [0x00000007aaaa0000, 0x00000007b0e0e000, 0x0000000800000000)
 Metaspace       used 31679K, capacity 32433K, committed 32640K, reserved 1077248K
  class space    used 3576K, capacity 3864K, committed 3968K, reserved 1048576K
}
Event: 15.442 GC heap after
{Heap after GC invocations=8 (full 3):
 par new generation   total 39296K, used 2925K [0x0000000780000000, 0x0000000782aa0000, 0x00000007aaaa0000)
  eden space 34944K,   0% used [0x0000000780000000, 0x0000000780000000, 0x0000000782220000)
  from space 4352K,  67% used [0x0000000782220000, 0x00000007824fb458, 0x0000000782660000)
  to   space 4352K,   0% used [0x0000000782660000, 0x0000000782660000, 0x0000000782aa0000)
 concurrent mark-sweep generation total 101816K, used 68815K [0x00000007aaaa0000, 0x00000007b0e0e000, 0x0000000800000000)
 Metaspace       used 31679K, capacity 32433K, committed 32640K, reserved 1077248K
  class space    used 3576K, capacity 3864K, committed 3968K, reserved 1048576K
}
Event: 15.763 GC heap before
{Heap before GC invocations=8 (full 3):
 par new generation   total 39296K, used 33927K [0x0000000780000000, 0x0000000782aa0000, 0x00000007aaaa0000)
  eden space 34944K,  88% used [0x0000000780000000, 0x0000000781e46a90, 0x0000000782220000)
  from space 4352K,  67% used [0x0000000782220000, 0x00000007824fb458, 0x0000000782660000)
  to   space 4352K,   0% used [0x0000000782660000, 0x0000000782660000, 0x0000000782aa0000)
 concurrent mark-sweep generation total 101816K, used 68815K [0x00000007aaaa0000, 0x00000007b0e0e000, 0x0000000800000000)
 Metaspace       used 36057K, capacity 36996K, committed 37248K, reserved 1081344K
  class space    used 4312K, capacity 4670K, committed 4736K, reserved 1048576K
}
Event: 15.766 GC heap after
{Heap after GC invocations=9 (full 3):
 par new generation   total 39296K, used 2791K [0x0000000780000000, 0x0000000782aa0000, 0x00000007aaaa0000)
  eden space 34944K,   0% used [0x0000000780000000, 0x0000000780000000, 0x0000000782220000)
  from space 4352K,  64% used [0x0000000782660000, 0x0000000782919ec0, 0x0000000782aa0000)
  to   space 4352K,   0% used [0x0000000782220000, 0x0000000782220000, 0x0000000782660000)
 concurrent mark-sweep generation total 101816K, used 79609K [0x00000007aaaa0000, 0x00000007b0e0e000, 0x0000000800000000)
 Metaspace       used 36057K, capacity 36996K, committed 37248K, reserved 1081344K
  class space    used 4312K, capacity 4670K, committed 4736K, reserved 1048576K
}
Event: 16.126 GC heap before
{Heap before GC invocations=9 (full 4):
 par new generation   total 39296K, used 38054K [0x0000000780000000, 0x0000000782aa0000, 0x00000007aaaa0000)
  eden space 34944K, 100% used [0x0000000780000000, 0x0000000782220000, 0x0000000782220000)
  from space 4352K,  71% used [0x0000000782660000, 0x0000000782969988, 0x0000000782aa0000)
  to   space 4352K,   0% used [0x0000000782220000, 0x0000000782220000, 0x0000000782660000)
 concurrent mark-sweep generation total 101816K, used 79609K [0x00000007aaaa0000, 0x00000007b0e0e000, 0x0000000800000000)
 Metaspace       used 42236K, capacity 43396K, committed 43684K, reserved 1087488K
  class space    used 5038K, capacity 5545K, committed 5580K, reserved 1048576K
}
Event: 16.130 GC heap after
{Heap after GC invocations=10 (full 4):
 par new generation   total 39296K, used 4352K [0x0000000780000000, 0x0000000782aa0000, 0x00000007aaaa0000)
  eden space 34944K,   0% used [0x0000000780000000, 0x0000000780000000, 0x0000000782220000)
  from space 4352K, 100% used [0x0000000782220000, 0x0000000782660000, 0x0000000782660000)
  to   space 4352K,   0% used [0x0000000782660000, 0x0000000782660000, 0x0000000782aa0000)
 concurrent mark-sweep generation total 101816K, used 90897K [0x00000007aaaa0000, 0x00000007b0e0e000, 0x0000000800000000)
 Metaspace       used 42236K, capacity 43396K, committed 43684K, reserved 1087488K
  class space    used 5038K, capacity 5545K, committed 5580K, reserved 1048576K
}
Event: 16.460 GC heap before
{Heap before GC invocations=10 (full 4):
 par new generation   total 39296K, used 39296K [0x0000000780000000, 0x0000000782aa0000, 0x00000007aaaa0000)
  eden space 34944K, 100% used [0x0000000780000000, 0x0000000782220000, 0x0000000782220000)
  from space 4352K, 100% used [0x0000000782220000, 0x0000000782660000, 0x0000000782660000)
  to   space 4352K,   0% used [0x0000000782660000, 0x0000000782660000, 0x0000000782aa0000)
 concurrent mark-sweep generation total 122672K, used 73908K [0x00000007aaaa0000, 0x00000007b226c000, 0x0000000800000000)
 Metaspace       used 43597K, capacity 44827K, committed 45012K, reserved 1089536K
  class space    used 5183K, capacity 5701K, committed 5708K, reserved 1048576K
}
Event: 16.464 GC heap after
{Heap after GC invocations=11 (full 4):
 par new generation   total 39296K, used 3740K [0x0000000780000000, 0x0000000782aa0000, 0x00000007aaaa0000)
  eden space 34944K,   0% used [0x0000000780000000, 0x0000000780000000, 0x0000000782220000)
  from space 4352K,  85% used [0x0000000782660000, 0x0000000782a07270, 0x0000000782aa0000)
  to   space 4352K,   0% used [0x0000000782220000, 0x0000000782220000, 0x0000000782660000)
 concurrent mark-sweep generation total 122672K, used 78050K [0x00000007aaaa0000, 0x00000007b226c000, 0x0000000800000000)
 Metaspace       used 43597K, capacity 44827K, committed 45012K, reserved 1089536K
  class space    used 5183K, capacity 5701K, committed 5708K, reserved 1048576K
}
Event: 17.079 GC heap before
{Heap before GC invocations=11 (full 4):
 par new generation   total 39296K, used 39021K [0x0000000780000000, 0x0000000782aa0000, 0x00000007aaaa0000)
  eden space 34944K, 100% used [0x0000000780000000, 0x0000000782220000, 0x0000000782220000)
  from space 4352K,  93% used [0x0000000782660000, 0x0000000782a5b508, 0x0000000782aa0000)
  to   space 4352K,   0% used [0x0000000782220000, 0x0000000782220000, 0x0000000782660000)
 concurrent mark-sweep generation total 122672K, used 78050K [0x00000007aaaa0000, 0x00000007b226c000, 0x0000000800000000)
 Metaspace       used 44685K, capacity 45931K, committed 46164K, reserved 1089536K
  class space    used 5280K, capacity 5810K, committed 5836K, reserved 1048576K
}
Event: 17.082 GC heap after
{Heap after GC invocations=12 (full 4):
 par new generation   total 39296K, used 4352K [0x0000000780000000, 0x0000000782aa0000, 0x00000007aaaa0000)
  eden space 34944K,   0% used [0x0000000780000000, 0x0000000780000000, 0x0000000782220000)
  from space 4352K, 100% used [0x0000000782220000, 0x0000000782660000, 0x0000000782660000)
  to   space 4352K,   0% used [0x0000000782660000, 0x0000000782660000, 0x0000000782aa0000)
 concurrent mark-sweep generation total 122672K, used 83859K [0x00000007aaaa0000, 0x00000007b226c000, 0x0000000800000000)
 Metaspace       used 44685K, capacity 45931K, committed 46164K, reserved 1089536K
  class space    used 5280K, capacity 5810K, committed 5836K, reserved 1048576K
}
Event: 17.730 GC heap before
{Heap before GC invocations=12 (full 5):
 par new generation   total 39296K, used 39296K [0x0000000780000000, 0x0000000782aa0000, 0x00000007aaaa0000)
  eden space 34944K, 100% used [0x0000000780000000, 0x0000000782220000, 0x0000000782220000)
  from space 4352K, 100% used [0x0000000782220000, 0x0000000782660000, 0x0000000782660000)
  to   space 4352K,   0% used [0x0000000782660000, 0x0000000782660000, 0x0000000782aa0000)
 concurrent mark-sweep generation total 125112K, used 75065K [0x00000007aaaa0000, 0x00000007b24ce000, 0x0000000800000000)
 Metaspace       used 46004K, capacity 47344K, committed 47700K, reserved 1091584K
  class space    used 5415K, capacity 5979K, committed 6092K, reserved 1048576K
}
Event: 17.733 GC heap after
{Heap after GC invocations=13 (full 5):
 par new generation   total 39296K, used 3911K [0x0000000780000000, 0x0000000782aa0000, 0x00000007aaaa0000)
  eden space 34944K,   0% used [0x0000000780000000, 0x0000000780000000, 0x0000000782220000)
  from space 4352K,  89% used [0x0000000782660000, 0x0000000782a31c20, 0x0000000782aa0000)
  to   space 4352K,   0% used [0x0000000782220000, 0x0000000782220000, 0x0000000782660000)
 concurrent mark-sweep generation total 125112K, used 81050K [0x00000007aaaa0000, 0x00000007b24ce000, 0x0000000800000000)
 Metaspace       used 46004K, capacity 47344K, committed 47700K, reserved 1091584K
  class space    used 5415K, capacity 5979K, committed 6092K, reserved 1048576K
}

