# JRE version: OpenJDK Runtime Environment (11.0.5+10) (build 11.0.5+10-LTS)
# Java VM: OpenJDK 64-Bit Server VM (11.0.5+10-LTS, mixed mode, tiered, compressed oops, concurrent mark sweep gc, bsd-amd64)
Heap:
 par new generation   total 39296K, used 10308K [0x0000000780000000, 0x0000000782aa0000, 0x00000007aaaa0000)
  eden space 34944K,  17% used [0x0000000780000000, 0x00000007805d1148, 0x0000000782220000)
  from space 4352K, 100% used [0x0000000782660000, 0x0000000782aa0000, 0x0000000782aa0000)
  to   space 4352K,   0% used [0x0000000782220000, 0x0000000782220000, 0x0000000782660000)
 concurrent mark-sweep generation total 122680K, used 78251K [0x00000007aaaa0000, 0x00000007b226e000, 0x0000000800000000)
 Metaspace       used 44851K, capacity 46110K, committed 46308K, reserved 1089536K
  class space    used 5343K, capacity 5894K, committed 5964K, reserved 1048576K
GC Heap History (20 events):
Event: 2.828 GC heap before
{Heap before GC invocations=1 (full 0):
 par new generation   total 39296K, used 37383K [0x0000000780000000, 0x0000000782aa0000, 0x00000007aaaa0000)
  eden space 34944K,  94% used [0x0000000780000000, 0x0000000782041c48, 0x0000000782220000)
  from space 4352K, 100% used [0x0000000782660000, 0x0000000782aa0000, 0x0000000782aa0000)
  to   space 4352K,   0% used [0x0000000782220000, 0x0000000782220000, 0x0000000782660000)
 concurrent mark-sweep generation total 87424K, used 11648K [0x00000007aaaa0000, 0x00000007b0000000, 0x0000000800000000)
 Metaspace       used 17985K, capacity 18471K, committed 18816K, reserved 1067008K
  class space    used 1934K, capacity 2094K, committed 2176K, reserved 1048576K
}
Event: 2.839 GC heap after
{Heap after GC invocations=2 (full 0):
 par new generation   total 39296K, used 2487K [0x0000000780000000, 0x0000000782aa0000, 0x00000007aaaa0000)
  eden space 34944K,   0% used [0x0000000780000000, 0x0000000780000000, 0x0000000782220000)
  from space 4352K,  57% used [0x0000000782220000, 0x000000078248de48, 0x0000000782660000)
  to   space 4352K,   0% used [0x0000000782660000, 0x0000000782660000, 0x0000000782aa0000)
 concurrent mark-sweep generation total 87424K, used 27492K [0x00000007aaaa0000, 0x00000007b0000000, 0x0000000800000000)
 Metaspace       used 17985K, capacity 18471K, committed 18816K, reserved 1067008K
  class space    used 1934K, capacity 2094K, committed 2176K, reserved 1048576K
}
Event: 2.915 GC heap before
{Heap before GC invocations=2 (full 0):
 par new generation   total 39296K, used 37431K [0x0000000780000000, 0x0000000782aa0000, 0x00000007aaaa0000)
  eden space 34944K, 100% used [0x0000000780000000, 0x0000000782220000, 0x0000000782220000)
  from space 4352K,  57% used [0x0000000782220000, 0x000000078248de48, 0x0000000782660000)
  to   space 4352K,   0% used [0x0000000782660000, 0x0000000782660000, 0x0000000782aa0000)
 concurrent mark-sweep generation total 87424K, used 27492K [0x00000007aaaa0000, 0x00000007b0000000, 0x0000000800000000)
 Metaspace       used 17987K, capacity 18471K, committed 18816K, reserved 1067008K
  class space    used 1934K, capacity 2094K, committed 2176K, reserved 1048576K
}
Event: 2.924 GC heap after
{Heap after GC invocations=3 (full 0):
 par new generation   total 39296K, used 717K [0x0000000780000000, 0x0000000782aa0000, 0x00000007aaaa0000)
  eden space 34944K,   0% used [0x0000000780000000, 0x0000000780000000, 0x0000000782220000)
  from space 4352K,  16% used [0x0000000782660000, 0x00000007827134c0, 0x0000000782aa0000)
  to   space 4352K,   0% used [0x0000000782220000, 0x0000000782220000, 0x0000000782660000)
 concurrent mark-sweep generation total 87424K, used 49916K [0x00000007aaaa0000, 0x00000007b0000000, 0x0000000800000000)
 Metaspace       used 17987K, capacity 18471K, committed 18816K, reserved 1067008K
  class space    used 1934K, capacity 2094K, committed 2176K, reserved 1048576K
}
Event: 3.386 GC heap before
{Heap before GC invocations=3 (full 1):
 par new generation   total 39296K, used 35661K [0x0000000780000000, 0x0000000782aa0000, 0x00000007aaaa0000)
  eden space 34944K, 100% used [0x0000000780000000, 0x0000000782220000, 0x0000000782220000)
  from space 4352K,  16% used [0x0000000782660000, 0x00000007827134c0, 0x0000000782aa0000)
  to   space 4352K,   0% used [0x0000000782220000, 0x0000000782220000, 0x0000000782660000)
 concurrent mark-sweep generation total 87424K, used 49885K [0x00000007aaaa0000, 0x00000007b0000000, 0x0000000800000000)
 Metaspace       used 17996K, capacity 18471K, committed 18816K, reserved 1067008K
  class space    used 1934K, capacity 2094K, committed 2176K, reserved 1048576K
}
Event: 3.393 GC heap after
{Heap after GC invocations=4 (full 1):
 par new generation   total 39296K, used 806K [0x0000000780000000, 0x0000000782aa0000, 0x00000007aaaa0000)
  eden space 34944K,   0% used [0x0000000780000000, 0x0000000780000000, 0x0000000782220000)
  from space 4352K,  18% used [0x0000000782220000, 0x00000007822e9b38, 0x0000000782660000)
  to   space 4352K,   0% used [0x0000000782660000, 0x0000000782660000, 0x0000000782aa0000)
 concurrent mark-sweep generation total 87424K, used 61097K [0x00000007aaaa0000, 0x00000007b0000000, 0x0000000800000000)
 Metaspace       used 17996K, capacity 18471K, committed 18816K, reserved 1067008K
  class space    used 1934K, capacity 2094K, committed 2176K, reserved 1048576K
}
Event: 3.721 GC heap before
{Heap before GC invocations=4 (full 2):
 par new generation   total 39296K, used 26990K [0x0000000780000000, 0x0000000782aa0000, 0x00000007aaaa0000)
  eden space 34944K,  74% used [0x0000000780000000, 0x0000000781991cf0, 0x0000000782220000)
  from space 4352K,  18% used [0x0000000782220000, 0x00000007822e9b38, 0x0000000782660000)
  to   space 4352K,   0% used [0x0000000782660000, 0x0000000782660000, 0x0000000782aa0000)
 concurrent mark-sweep generation total 101816K, used 61088K [0x00000007aaaa0000, 0x00000007b0e0e000, 0x0000000800000000)
 Metaspace       used 22288K, capacity 22893K, committed 23168K, reserved 1069056K
  class space    used 2441K, capacity 2661K, committed 2688K, reserved 1048576K
}
Event: 3.730 GC heap after
{Heap after GC invocations=5 (full 2):
 par new generation   total 39296K, used 4352K [0x0000000780000000, 0x0000000782aa0000, 0x00000007aaaa0000)
  eden space 34944K,   0% used [0x0000000780000000, 0x0000000780000000, 0x0000000782220000)
  from space 4352K, 100% used [0x0000000782660000, 0x0000000782aa0000, 0x0000000782aa0000)
  to   space 4352K,   0% used [0x0000000782220000, 0x0000000782220000, 0x0000000782660000)
 concurrent mark-sweep generation total 101816K, used 77138K [0x00000007aaaa0000, 0x00000007b0e0e000, 0x0000000800000000)
 Metaspace       used 22288K, capacity 22893K, committed 23168K, reserved 1069056K
  class space    used 2441K, capacity 2661K, committed 2688K, reserved 1048576K
}
Event: 6.751 GC heap before
{Heap before GC invocations=5 (full 3):
 par new generation   total 39296K, used 39296K [0x0000000780000000, 0x0000000782aa0000, 0x00000007aaaa0000)
  eden space 34944K, 100% used [0x0000000780000000, 0x0000000782220000, 0x0000000782220000)
  from space 4352K, 100% used [0x0000000782660000, 0x0000000782aa0000, 0x0000000782aa0000)
  to   space 4352K,   0% used [0x0000000782220000, 0x0000000782220000, 0x0000000782660000)
 concurrent mark-sweep generation total 101816K, used 77138K [0x00000007aaaa0000, 0x00000007b0e0e000, 0x0000000800000000)
 Metaspace       used 24637K, capacity 25241K, committed 25600K, reserved 1071104K
  class space    used 2734K, capacity 2953K, committed 3072K, reserved 1048576K
}
Event: 6.756 GC heap after
{Heap after GC invocations=6 (full 3):
 par new generation   total 39296K, used 4289K [0x0000000780000000, 0x0000000782aa0000, 0x00000007aaaa0000)
  eden space 34944K,   0% used [0x0000000780000000, 0x0000000780000000, 0x0000000782220000)
  from space 4352K,  98% used [0x0000000782220000, 0x0000000782650640, 0x0000000782660000)
  to   space 4352K,   0% used [0x0000000782660000, 0x0000000782660000, 0x0000000782aa0000)
 concurrent mark-sweep generation total 101816K, used 85099K [0x00000007aaaa0000, 0x00000007b0e0e000, 0x0000000800000000)
 Metaspace       used 24637K, capacity 25241K, committed 25600K, reserved 1071104K
  class space    used 2734K, capacity 2953K, committed 3072K, reserved 1048576K
}
Event: 7.583 GC heap before
{Heap before GC invocations=6 (full 3):
 par new generation   total 39296K, used 39233K [0x0000000780000000, 0x0000000782aa0000, 0x00000007aaaa0000)
  eden space 34944K, 100% used [0x0000000780000000, 0x0000000782220000, 0x0000000782220000)
  from space 4352K,  98% used [0x0000000782220000, 0x0000000782650640, 0x0000000782660000)
  to   space 4352K,   0% used [0x0000000782660000, 0x0000000782660000, 0x0000000782aa0000)
 concurrent mark-sweep generation total 101816K, used 51441K [0x00000007aaaa0000, 0x00000007b0e0e000, 0x0000000800000000)
 Metaspace       used 25459K, capacity 26075K, committed 26368K, reserved 1073152K
  class space    used 2779K, capacity 2999K, committed 3072K, reserved 1048576K
}
Event: 7.585 GC heap after
{Heap after GC invocations=7 (full 3):
 par new generation   total 39296K, used 4352K [0x0000000780000000, 0x0000000782aa0000, 0x00000007aaaa0000)
  eden space 34944K,   0% used [0x0000000780000000, 0x0000000780000000, 0x0000000782220000)
  from space 4352K, 100% used [0x0000000782660000, 0x0000000782aa0000, 0x0000000782aa0000)
  to   space 4352K,   0% used [0x0000000782220000, 0x0000000782220000, 0x0000000782660000)
 concurrent mark-sweep generation total 101816K, used 57692K [0x00000007aaaa0000, 0x00000007b0e0e000, 0x0000000800000000)
 Metaspace       used 25459K, capacity 26075K, committed 26368K, reserved 1073152K
  class space    used 2779K, capacity 2999K, committed 3072K, reserved 1048576K
}
Event: 46.355 GC heap before
{Heap before GC invocations=7 (full 3):
 par new generation   total 39296K, used 39296K [0x0000000780000000, 0x0000000782aa0000, 0x00000007aaaa0000)
  eden space 34944K, 100% used [0x0000000780000000, 0x0000000782220000, 0x0000000782220000)
  from space 4352K, 100% used [0x0000000782660000, 0x0000000782aa0000, 0x0000000782aa0000)
  to   space 4352K,   0% used [0x0000000782220000, 0x0000000782220000, 0x0000000782660000)
 concurrent mark-sweep generation total 101816K, used 57692K [0x00000007aaaa0000, 0x00000007b0e0e000, 0x0000000800000000)
 Metaspace       used 31457K, capacity 32230K, committed 32640K, reserved 1077248K
  class space    used 3561K, capacity 3860K, committed 3968K, reserved 1048576K
}
Event: 46.358 GC heap after
{Heap after GC invocations=8 (full 3):
 par new generation   total 39296K, used 2738K [0x0000000780000000, 0x0000000782aa0000, 0x00000007aaaa0000)
  eden space 34944K,   0% used [0x0000000780000000, 0x0000000780000000, 0x0000000782220000)
  from space 4352K,  62% used [0x0000000782220000, 0x00000007824cca60, 0x0000000782660000)
  to   space 4352K,   0% used [0x0000000782660000, 0x0000000782660000, 0x0000000782aa0000)
 concurrent mark-sweep generation total 101816K, used 69201K [0x00000007aaaa0000, 0x00000007b0e0e000, 0x0000000800000000)
 Metaspace       used 31457K, capacity 32230K, committed 32640K, reserved 1077248K
  class space    used 3561K, capacity 3860K, committed 3968K, reserved 1048576K
}
Event: 46.807 GC heap before
{Heap before GC invocations=8 (full 3):
 par new generation   total 39296K, used 34973K [0x0000000780000000, 0x0000000782aa0000, 0x00000007aaaa0000)
  eden space 34944K,  92% used [0x0000000780000000, 0x0000000781f7ab98, 0x0000000782220000)
  from space 4352K,  62% used [0x0000000782220000, 0x00000007824cca60, 0x0000000782660000)
  to   space 4352K,   0% used [0x0000000782660000, 0x0000000782660000, 0x0000000782aa0000)
 concurrent mark-sweep generation total 101816K, used 69201K [0x00000007aaaa0000, 0x00000007b0e0e000, 0x0000000800000000)
 Metaspace       used 35998K, capacity 36929K, committed 37248K, reserved 1081344K
  class space    used 4311K, capacity 4669K, committed 4736K, reserved 1048576K
}
Event: 46.812 GC heap after
{Heap after GC invocations=9 (full 3):
 par new generation   total 39296K, used 2940K [0x0000000780000000, 0x0000000782aa0000, 0x00000007aaaa0000)
  eden space 34944K,   0% used [0x0000000780000000, 0x0000000780000000, 0x0000000782220000)
  from space 4352K,  67% used [0x0000000782660000, 0x000000078293f108, 0x0000000782aa0000)
  to   space 4352K,   0% used [0x0000000782220000, 0x0000000782220000, 0x0000000782660000)
 concurrent mark-sweep generation total 101816K, used 79910K [0x00000007aaaa0000, 0x00000007b0e0e000, 0x0000000800000000)
 Metaspace       used 35998K, capacity 36929K, committed 37248K, reserved 1081344K
  class space    used 4311K, capacity 4669K, committed 4736K, reserved 1048576K
}
Event: 47.380 GC heap before
{Heap before GC invocations=9 (full 4):
 par new generation   total 39296K, used 37947K [0x0000000780000000, 0x0000000782aa0000, 0x00000007aaaa0000)
  eden space 34944K, 100% used [0x0000000780000000, 0x0000000782220000, 0x0000000782220000)
  from space 4352K,  69% used [0x0000000782660000, 0x000000078294ed88, 0x0000000782aa0000)
  to   space 4352K,   0% used [0x0000000782220000, 0x0000000782220000, 0x0000000782660000)
 concurrent mark-sweep generation total 101816K, used 79910K [0x00000007aaaa0000, 0x00000007b0e0e000, 0x0000000800000000)
 Metaspace       used 42130K, capacity 43294K, committed 43520K, reserved 1087488K
  class space    used 5022K, capacity 5511K, committed 5632K, reserved 1048576K
}
Event: 47.387 GC heap after
{Heap after GC invocations=10 (full 4):
 par new generation   total 39296K, used 4352K [0x0000000780000000, 0x0000000782aa0000, 0x00000007aaaa0000)
  eden space 34944K,   0% used [0x0000000780000000, 0x0000000780000000, 0x0000000782220000)
  from space 4352K, 100% used [0x0000000782220000, 0x0000000782660000, 0x0000000782660000)
  to   space 4352K,   0% used [0x0000000782660000, 0x0000000782660000, 0x0000000782aa0000)
 concurrent mark-sweep generation total 101816K, used 91312K [0x00000007aaaa0000, 0x00000007b0e0e000, 0x0000000800000000)
 Metaspace       used 42130K, capacity 43294K, committed 43520K, reserved 1087488K
  class space    used 5022K, capacity 5511K, committed 5632K, reserved 1048576K
}
Event: 48.083 GC heap before
{Heap before GC invocations=10 (full 4):
 par new generation   total 39296K, used 39172K [0x0000000780000000, 0x0000000782aa0000, 0x00000007aaaa0000)
  eden space 34944K,  99% used [0x0000000780000000, 0x0000000782201230, 0x0000000782220000)
  from space 4352K, 100% used [0x0000000782220000, 0x0000000782660000, 0x0000000782660000)
  to   space 4352K,   0% used [0x0000000782660000, 0x0000000782660000, 0x0000000782aa0000)
 concurrent mark-sweep generation total 122680K, used 73997K [0x00000007aaaa0000, 0x00000007b226e000, 0x0000000800000000)
 Metaspace       used 44657K, capacity 45935K, committed 46052K, reserved 1089536K
  class space    used 5330K, capacity 5859K, committed 5964K, reserved 1048576K
}
Event: 48.086 GC heap after
{Heap after GC invocations=11 (full 4):
 par new generation   total 39296K, used 4352K [0x0000000780000000, 0x0000000782aa0000, 0x00000007aaaa0000)
  eden space 34944K,   0% used [0x0000000780000000, 0x0000000780000000, 0x0000000782220000)
  from space 4352K, 100% used [0x0000000782660000, 0x0000000782aa0000, 0x0000000782aa0000)
  to   space 4352K,   0% used [0x0000000782220000, 0x0000000782220000, 0x0000000782660000)
 concurrent mark-sweep generation total 122680K, used 78251K [0x00000007aaaa0000, 0x00000007b226e000, 0x0000000800000000)
 Metaspace       used 44657K, capacity 45935K, committed 46052K, reserved 1089536K
  class space    used 5330K, capacity 5859K, committed 5964K, reserved 1048576K
}

