# JRE version: OpenJDK Runtime Environment (11.0.5+10) (build 11.0.5+10-LTS)
# Java VM: OpenJDK 64-Bit Server VM (11.0.5+10-LTS, mixed mode, tiered, compressed oops, concurrent mark sweep gc, bsd-amd64)
Heap:
 par new generation   total 39296K, used 17171K [0x0000000780000000, 0x0000000782aa0000, 0x00000007aaaa0000)
  eden space 34944K,  36% used [0x0000000780000000, 0x0000000780c84e30, 0x0000000782220000)
  from space 4352K, 100% used [0x0000000782220000, 0x0000000782660000, 0x0000000782660000)
  to   space 4352K,   0% used [0x0000000782660000, 0x0000000782660000, 0x0000000782aa0000)
 concurrent mark-sweep generation total 101820K, used 68987K [0x00000007aaaa0000, 0x00000007b0e0f000, 0x0000000800000000)
 Metaspace       used 45149K, capacity 46441K, committed 46684K, reserved 1089536K
  class space    used 5342K, capacity 5868K, committed 5964K, reserved 1048576K
GC Heap History (20 events):
Event: 3.558 GC heap before
{Heap before GC invocations=4 (full 2):
 par new generation   total 39296K, used 26571K [0x0000000780000000, 0x0000000782aa0000, 0x00000007aaaa0000)
  eden space 34944K,  73% used [0x0000000780000000, 0x0000000781930320, 0x0000000782220000)
  from space 4352K,  17% used [0x0000000782220000, 0x00000007822e2c60, 0x0000000782660000)
  to   space 4352K,   0% used [0x0000000782660000, 0x0000000782660000, 0x0000000782aa0000)
 concurrent mark-sweep generation total 101820K, used 61090K [0x00000007aaaa0000, 0x00000007b0e0f000, 0x0000000800000000)
 Metaspace       used 22242K, capacity 22829K, committed 23168K, reserved 1069056K
  class space    used 2436K, capacity 2661K, committed 2688K, reserved 1048576K
}
Event: 3.566 GC heap after
{Heap after GC invocations=5 (full 2):
 par new generation   total 39296K, used 4352K [0x0000000780000000, 0x0000000782aa0000, 0x00000007aaaa0000)
  eden space 34944K,   0% used [0x0000000780000000, 0x0000000780000000, 0x0000000782220000)
  from space 4352K, 100% used [0x0000000782660000, 0x0000000782aa0000, 0x0000000782aa0000)
  to   space 4352K,   0% used [0x0000000782220000, 0x0000000782220000, 0x0000000782660000)
 concurrent mark-sweep generation total 101820K, used 74864K [0x00000007aaaa0000, 0x00000007b0e0f000, 0x0000000800000000)
 Metaspace       used 22242K, capacity 22829K, committed 23168K, reserved 1069056K
  class space    used 2436K, capacity 2661K, committed 2688K, reserved 1048576K
}
Event: 6.593 GC heap before
{Heap before GC invocations=5 (full 3):
 par new generation   total 39296K, used 39296K [0x0000000780000000, 0x0000000782aa0000, 0x00000007aaaa0000)
  eden space 34944K, 100% used [0x0000000780000000, 0x0000000782220000, 0x0000000782220000)
  from space 4352K, 100% used [0x0000000782660000, 0x0000000782aa0000, 0x0000000782aa0000)
  to   space 4352K,   0% used [0x0000000782220000, 0x0000000782220000, 0x0000000782660000)
 concurrent mark-sweep generation total 101820K, used 74864K [0x00000007aaaa0000, 0x00000007b0e0f000, 0x0000000800000000)
 Metaspace       used 24859K, capacity 25465K, committed 25856K, reserved 1073152K
  class space    used 2752K, capacity 2985K, committed 3072K, reserved 1048576K
}
Event: 6.598 GC heap after
{Heap after GC invocations=6 (full 3):
 par new generation   total 39296K, used 4319K [0x0000000780000000, 0x0000000782aa0000, 0x00000007aaaa0000)
  eden space 34944K,   0% used [0x0000000780000000, 0x0000000780000000, 0x0000000782220000)
  from space 4352K,  99% used [0x0000000782220000, 0x0000000782657cb0, 0x0000000782660000)
  to   space 4352K,   0% used [0x0000000782660000, 0x0000000782660000, 0x0000000782aa0000)
 concurrent mark-sweep generation total 101820K, used 85465K [0x00000007aaaa0000, 0x00000007b0e0f000, 0x0000000800000000)
 Metaspace       used 24859K, capacity 25465K, committed 25856K, reserved 1073152K
  class space    used 2752K, capacity 2985K, committed 3072K, reserved 1048576K
}
Event: 7.072 GC heap before
{Heap before GC invocations=6 (full 3):
 par new generation   total 39296K, used 39263K [0x0000000780000000, 0x0000000782aa0000, 0x00000007aaaa0000)
  eden space 34944K, 100% used [0x0000000780000000, 0x0000000782220000, 0x0000000782220000)
  from space 4352K,  99% used [0x0000000782220000, 0x0000000782657cb0, 0x0000000782660000)
  to   space 4352K,   0% used [0x0000000782660000, 0x0000000782660000, 0x0000000782aa0000)
 concurrent mark-sweep generation total 101820K, used 51806K [0x00000007aaaa0000, 0x00000007b0e0f000, 0x0000000800000000)
 Metaspace       used 25318K, capacity 25947K, committed 26368K, reserved 1073152K
  class space    used 2784K, capacity 2999K, committed 3072K, reserved 1048576K
}
Event: 7.075 GC heap after
{Heap after GC invocations=7 (full 3):
 par new generation   total 39296K, used 4246K [0x0000000780000000, 0x0000000782aa0000, 0x00000007aaaa0000)
  eden space 34944K,   0% used [0x0000000780000000, 0x0000000780000000, 0x0000000782220000)
  from space 4352K,  97% used [0x0000000782660000, 0x0000000782a85bf8, 0x0000000782aa0000)
  to   space 4352K,   0% used [0x0000000782220000, 0x0000000782220000, 0x0000000782660000)
 concurrent mark-sweep generation total 101820K, used 58989K [0x00000007aaaa0000, 0x00000007b0e0f000, 0x0000000800000000)
 Metaspace       used 25318K, capacity 25947K, committed 26368K, reserved 1073152K
  class space    used 2784K, capacity 2999K, committed 3072K, reserved 1048576K
}
Event: 7.516 GC heap before
{Heap before GC invocations=7 (full 4):
 par new generation   total 39296K, used 39109K [0x0000000780000000, 0x0000000782aa0000, 0x00000007aaaa0000)
  eden space 34944K,  99% used [0x0000000780000000, 0x000000078220ba88, 0x0000000782220000)
  from space 4352K,  97% used [0x0000000782660000, 0x0000000782a85bf8, 0x0000000782aa0000)
  to   space 4352K,   0% used [0x0000000782220000, 0x0000000782220000, 0x0000000782660000)
 concurrent mark-sweep generation total 101820K, used 41089K [0x00000007aaaa0000, 0x00000007b0e0f000, 0x0000000800000000)
 Metaspace       used 25516K, capacity 26139K, committed 26624K, reserved 1073152K
  class space    used 2784K, capacity 2999K, committed 3072K, reserved 1048576K
}
Event: 7.516 GC heap after
{Heap after GC invocations=8 (full 4):
 par new generation   total 39296K, used 478K [0x0000000780000000, 0x0000000782aa0000, 0x00000007aaaa0000)
  eden space 34944K,   0% used [0x0000000780000000, 0x0000000780000000, 0x0000000782220000)
  from space 4352K,  10% used [0x0000000782220000, 0x0000000782297ab0, 0x0000000782660000)
  to   space 4352K,   0% used [0x0000000782660000, 0x0000000782660000, 0x0000000782aa0000)
 concurrent mark-sweep generation total 101820K, used 45072K [0x00000007aaaa0000, 0x00000007b0e0f000, 0x0000000800000000)
 Metaspace       used 25516K, capacity 26139K, committed 26624K, reserved 1073152K
  class space    used 2784K, capacity 2999K, committed 3072K, reserved 1048576K
}
Event: 7.952 GC heap before
{Heap before GC invocations=8 (full 4):
 par new generation   total 39296K, used 35326K [0x0000000780000000, 0x0000000782aa0000, 0x00000007aaaa0000)
  eden space 34944K,  99% used [0x0000000780000000, 0x0000000782207f60, 0x0000000782220000)
  from space 4352K,  10% used [0x0000000782220000, 0x0000000782297ab0, 0x0000000782660000)
  to   space 4352K,   0% used [0x0000000782660000, 0x0000000782660000, 0x0000000782aa0000)
 concurrent mark-sweep generation total 101820K, used 45072K [0x00000007aaaa0000, 0x00000007b0e0f000, 0x0000000800000000)
 Metaspace       used 25625K, capacity 26203K, committed 26624K, reserved 1073152K
  class space    used 2784K, capacity 2999K, committed 3072K, reserved 1048576K
}
Event: 7.952 GC heap after
{Heap after GC invocations=9 (full 4):
 par new generation   total 39296K, used 126K [0x0000000780000000, 0x0000000782aa0000, 0x00000007aaaa0000)
  eden space 34944K,   0% used [0x0000000780000000, 0x0000000780000000, 0x0000000782220000)
  from space 4352K,   2% used [0x0000000782660000, 0x000000078267f9a0, 0x0000000782aa0000)
  to   space 4352K,   0% used [0x0000000782220000, 0x0000000782220000, 0x0000000782660000)
 concurrent mark-sweep generation total 101820K, used 45072K [0x00000007aaaa0000, 0x00000007b0e0f000, 0x0000000800000000)
 Metaspace       used 25625K, capacity 26203K, committed 26624K, reserved 1073152K
  class space    used 2784K, capacity 2999K, committed 3072K, reserved 1048576K
}
Event: 11.531 GC heap before
{Heap before GC invocations=9 (full 4):
 par new generation   total 39296K, used 35070K [0x0000000780000000, 0x0000000782aa0000, 0x00000007aaaa0000)
  eden space 34944K, 100% used [0x0000000780000000, 0x0000000782220000, 0x0000000782220000)
  from space 4352K,   2% used [0x0000000782660000, 0x000000078267f9a0, 0x0000000782aa0000)
  to   space 4352K,   0% used [0x0000000782220000, 0x0000000782220000, 0x0000000782660000)
 concurrent mark-sweep generation total 101820K, used 45072K [0x00000007aaaa0000, 0x00000007b0e0f000, 0x0000000800000000)
 Metaspace       used 31348K, capacity 32101K, committed 32512K, reserved 1077248K
  class space    used 3427K, capacity 3727K, committed 3840K, reserved 1048576K
}
Event: 11.537 GC heap after
{Heap after GC invocations=10 (full 4):
 par new generation   total 39296K, used 3519K [0x0000000780000000, 0x0000000782aa0000, 0x00000007aaaa0000)
  eden space 34944K,   0% used [0x0000000780000000, 0x0000000780000000, 0x0000000782220000)
  from space 4352K,  80% used [0x0000000782220000, 0x000000078258fc10, 0x0000000782660000)
  to   space 4352K,   0% used [0x0000000782660000, 0x0000000782660000, 0x0000000782aa0000)
 concurrent mark-sweep generation total 101820K, used 52375K [0x00000007aaaa0000, 0x00000007b0e0f000, 0x0000000800000000)
 Metaspace       used 31348K, capacity 32101K, committed 32512K, reserved 1077248K
  class space    used 3427K, capacity 3727K, committed 3840K, reserved 1048576K
}
Event: 11.942 GC heap before
{Heap before GC invocations=10 (full 4):
 par new generation   total 39296K, used 38468K [0x0000000780000000, 0x0000000782aa0000, 0x00000007aaaa0000)
  eden space 34944K, 100% used [0x0000000780000000, 0x0000000782220000, 0x0000000782220000)
  from space 4352K,  80% used [0x0000000782220000, 0x00000007825911a0, 0x0000000782660000)
  to   space 4352K,   0% used [0x0000000782660000, 0x0000000782660000, 0x0000000782aa0000)
 concurrent mark-sweep generation total 101820K, used 52375K [0x00000007aaaa0000, 0x00000007b0e0f000, 0x0000000800000000)
 Metaspace       used 39386K, capacity 40293K, committed 40576K, reserved 1085440K
  class space    used 4543K, capacity 4899K, committed 4992K, reserved 1048576K
}
Event: 11.945 GC heap after
{Heap after GC invocations=11 (full 4):
 par new generation   total 39296K, used 4352K [0x0000000780000000, 0x0000000782aa0000, 0x00000007aaaa0000)
  eden space 34944K,   0% used [0x0000000780000000, 0x0000000780000000, 0x0000000782220000)
  from space 4352K, 100% used [0x0000000782660000, 0x0000000782aa0000, 0x0000000782aa0000)
  to   space 4352K,   0% used [0x0000000782220000, 0x0000000782220000, 0x0000000782660000)
 concurrent mark-sweep generation total 101820K, used 55474K [0x00000007aaaa0000, 0x00000007b0e0f000, 0x0000000800000000)
 Metaspace       used 39386K, capacity 40293K, committed 40576K, reserved 1085440K
  class space    used 4543K, capacity 4899K, committed 4992K, reserved 1048576K
}
Event: 12.309 GC heap before
{Heap before GC invocations=11 (full 4):
 par new generation   total 39296K, used 39296K [0x0000000780000000, 0x0000000782aa0000, 0x00000007aaaa0000)
  eden space 34944K, 100% used [0x0000000780000000, 0x0000000782220000, 0x0000000782220000)
  from space 4352K, 100% used [0x0000000782660000, 0x0000000782aa0000, 0x0000000782aa0000)
  to   space 4352K,   0% used [0x0000000782220000, 0x0000000782220000, 0x0000000782660000)
 concurrent mark-sweep generation total 101820K, used 55680K [0x00000007aaaa0000, 0x00000007b0e0f000, 0x0000000800000000)
 Metaspace       used 43732K, capacity 44908K, committed 45072K, reserved 1089536K
  class space    used 5235K, capacity 5752K, committed 5836K, reserved 1048576K
}
Event: 12.313 GC heap after
{Heap after GC invocations=12 (full 4):
 par new generation   total 39296K, used 3546K [0x0000000780000000, 0x0000000782aa0000, 0x00000007aaaa0000)
  eden space 34944K,   0% used [0x0000000780000000, 0x0000000780000000, 0x0000000782220000)
  from space 4352K,  81% used [0x0000000782220000, 0x0000000782596b50, 0x0000000782660000)
  to   space 4352K,   0% used [0x0000000782660000, 0x0000000782660000, 0x0000000782aa0000)
 concurrent mark-sweep generation total 101820K, used 59355K [0x00000007aaaa0000, 0x00000007b0e0f000, 0x0000000800000000)
 Metaspace       used 43732K, capacity 44908K, committed 45072K, reserved 1089536K
  class space    used 5235K, capacity 5752K, committed 5836K, reserved 1048576K
}
Event: 12.686 GC heap before
{Heap before GC invocations=12 (full 5):
 par new generation   total 39296K, used 38530K [0x0000000780000000, 0x0000000782aa0000, 0x00000007aaaa0000)
  eden space 34944K, 100% used [0x0000000780000000, 0x0000000782220000, 0x0000000782220000)
  from space 4352K,  82% used [0x0000000782220000, 0x00000007825a09b8, 0x0000000782660000)
  to   space 4352K,   0% used [0x0000000782660000, 0x0000000782660000, 0x0000000782aa0000)
 concurrent mark-sweep generation total 101820K, used 59869K [0x00000007aaaa0000, 0x00000007b0e0f000, 0x0000000800000000)
 Metaspace       used 44486K, capacity 45713K, committed 45788K, reserved 1089536K
  class space    used 5289K, capacity 5823K, committed 5836K, reserved 1048576K
}
Event: 12.688 GC heap after
{Heap after GC invocations=13 (full 5):
 par new generation   total 39296K, used 4351K [0x0000000780000000, 0x0000000782aa0000, 0x00000007aaaa0000)
  eden space 34944K,   0% used [0x0000000780000000, 0x0000000780000000, 0x0000000782220000)
  from space 4352K,  99% used [0x0000000782660000, 0x0000000782a9fff8, 0x0000000782aa0000)
  to   space 4352K,   0% used [0x0000000782220000, 0x0000000782220000, 0x0000000782660000)
 concurrent mark-sweep generation total 101820K, used 60167K [0x00000007aaaa0000, 0x00000007b0e0f000, 0x0000000800000000)
 Metaspace       used 44486K, capacity 45713K, committed 45788K, reserved 1089536K
  class space    used 5289K, capacity 5823K, committed 5836K, reserved 1048576K
}
Event: 13.265 GC heap before
{Heap before GC invocations=13 (full 5):
 par new generation   total 39296K, used 39295K [0x0000000780000000, 0x0000000782aa0000, 0x00000007aaaa0000)
  eden space 34944K, 100% used [0x0000000780000000, 0x0000000782220000, 0x0000000782220000)
  from space 4352K,  99% used [0x0000000782660000, 0x0000000782a9fff8, 0x0000000782aa0000)
  to   space 4352K,   0% used [0x0000000782220000, 0x0000000782220000, 0x0000000782660000)
 concurrent mark-sweep generation total 101820K, used 60174K [0x00000007aaaa0000, 0x00000007b0e0f000, 0x0000000800000000)
 Metaspace       used 44889K, capacity 46220K, committed 46428K, reserved 1089536K
  class space    used 5313K, capacity 5840K, committed 5964K, reserved 1048576K
}
Event: 13.268 GC heap after
{Heap after GC invocations=14 (full 5):
 par new generation   total 39296K, used 4352K [0x0000000780000000, 0x0000000782aa0000, 0x00000007aaaa0000)
  eden space 34944K,   0% used [0x0000000780000000, 0x0000000780000000, 0x0000000782220000)
  from space 4352K, 100% used [0x0000000782220000, 0x0000000782660000, 0x0000000782660000)
  to   space 4352K,   0% used [0x0000000782660000, 0x0000000782660000, 0x0000000782aa0000)
 concurrent mark-sweep generation total 101820K, used 68987K [0x00000007aaaa0000, 0x00000007b0e0f000, 0x0000000800000000)
 Metaspace       used 44889K, capacity 46220K, committed 46428K, reserved 1089536K
  class space    used 5313K, capacity 5840K, committed 5964K, reserved 1048576K
}

