# JRE version: OpenJDK Runtime Environment (11.0.5+10) (build 11.0.5+10-LTS)
# Java VM: OpenJDK 64-Bit Server VM (11.0.5+10-LTS, mixed mode, tiered, compressed oops, g1 gc, bsd-amd64)
Heap:
 garbage-first heap   total 262144K, used 119763K [0x0000000700000000, 0x0000000800000000)
  region size 1024K, 7 young (7168K), 5 survivors (5120K)
 Metaspace       used 48932K, capacity 50278K, committed 50432K, reserved 1093632K
  class space    used 5836K, capacity 6399K, committed 6400K, reserved 1048576K
GC Heap History (20 events):
Event: 13.971 GC heap before
{Heap before GC invocations=15 (full 0):
 garbage-first heap   total 262144K, used 119283K [0x0000000700000000, 0x0000000800000000)
  region size 1024K, 8 young (8192K), 5 survivors (5120K)
 Metaspace       used 48637K, capacity 50006K, committed 50176K, reserved 1093632K
  class space    used 5808K, capacity 6373K, committed 6400K, reserved 1048576K
}
Event: 13.973 GC heap after
{Heap after GC invocations=16 (full 0):
 garbage-first heap   total 262144K, used 110916K [0x0000000700000000, 0x0000000800000000)
  region size 1024K, 5 young (5120K), 5 survivors (5120K)
 Metaspace       used 48637K, capacity 50006K, committed 50176K, reserved 1093632K
  class space    used 5808K, capacity 6373K, committed 6400K, reserved 1048576K
}
Event: 14.006 GC heap before
{Heap before GC invocations=17 (full 0):
 garbage-first heap   total 262144K, used 120132K [0x0000000700000000, 0x0000000800000000)
  region size 1024K, 8 young (8192K), 5 survivors (5120K)
 Metaspace       used 48643K, capacity 50070K, committed 50176K, reserved 1093632K
  class space    used 5808K, capacity 6373K, committed 6400K, reserved 1048576K
}
Event: 14.008 GC heap after
{Heap after GC invocations=18 (full 0):
 garbage-first heap   total 262144K, used 96887K [0x0000000700000000, 0x0000000800000000)
  region size 1024K, 5 young (5120K), 5 survivors (5120K)
 Metaspace       used 48643K, capacity 50070K, committed 50176K, reserved 1093632K
  class space    used 5808K, capacity 6373K, committed 6400K, reserved 1048576K
}
Event: 14.009 GC heap before
{Heap before GC invocations=18 (full 0):
 garbage-first heap   total 262144K, used 104055K [0x0000000700000000, 0x0000000800000000)
  region size 1024K, 6 young (6144K), 5 survivors (5120K)
 Metaspace       used 48643K, capacity 50070K, committed 50176K, reserved 1093632K
  class space    used 5808K, capacity 6373K, committed 6400K, reserved 1048576K
}
Event: 14.010 GC heap after
{Heap after GC invocations=19 (full 0):
 garbage-first heap   total 262144K, used 104018K [0x0000000700000000, 0x0000000800000000)
  region size 1024K, 5 young (5120K), 5 survivors (5120K)
 Metaspace       used 48643K, capacity 50070K, committed 50176K, reserved 1093632K
  class space    used 5808K, capacity 6373K, committed 6400K, reserved 1048576K
}
Event: 14.058 GC heap before
{Heap before GC invocations=20 (full 0):
 garbage-first heap   total 262144K, used 120402K [0x0000000700000000, 0x0000000800000000)
  region size 1024K, 8 young (8192K), 5 survivors (5120K)
 Metaspace       used 48676K, capacity 50076K, committed 50176K, reserved 1093632K
  class space    used 5813K, capacity 6375K, committed 6400K, reserved 1048576K
}
Event: 14.060 GC heap after
{Heap after GC invocations=21 (full 0):
 garbage-first heap   total 262144K, used 110741K [0x0000000700000000, 0x0000000800000000)
  region size 1024K, 4 young (4096K), 4 survivors (4096K)
 Metaspace       used 48676K, capacity 50076K, committed 50176K, reserved 1093632K
  class space    used 5813K, capacity 6375K, committed 6400K, reserved 1048576K
}
Event: 14.089 GC heap before
{Heap before GC invocations=22 (full 0):
 garbage-first heap   total 262144K, used 119957K [0x0000000700000000, 0x0000000800000000)
  region size 1024K, 7 young (7168K), 4 survivors (4096K)
 Metaspace       used 48809K, capacity 50212K, committed 50432K, reserved 1093632K
  class space    used 5834K, capacity 6399K, committed 6400K, reserved 1048576K
}
Event: 14.093 GC heap after
{Heap after GC invocations=23 (full 0):
 garbage-first heap   total 262144K, used 96514K [0x0000000700000000, 0x0000000800000000)
  region size 1024K, 5 young (5120K), 5 survivors (5120K)
 Metaspace       used 48809K, capacity 50212K, committed 50432K, reserved 1093632K
  class space    used 5834K, capacity 6399K, committed 6400K, reserved 1048576K
}
Event: 14.094 GC heap before
{Heap before GC invocations=23 (full 0):
 garbage-first heap   total 262144K, used 103682K [0x0000000700000000, 0x0000000800000000)
  region size 1024K, 5 young (5120K), 5 survivors (5120K)
 Metaspace       used 48809K, capacity 50212K, committed 50432K, reserved 1093632K
  class space    used 5834K, capacity 6399K, committed 6400K, reserved 1048576K
}
Event: 14.096 GC heap after
{Heap after GC invocations=24 (full 0):
 garbage-first heap   total 262144K, used 103778K [0x0000000700000000, 0x0000000800000000)
  region size 1024K, 5 young (5120K), 5 survivors (5120K)
 Metaspace       used 48809K, capacity 50212K, committed 50432K, reserved 1093632K
  class space    used 5834K, capacity 6399K, committed 6400K, reserved 1048576K
}
Event: 14.203 GC heap before
{Heap before GC invocations=25 (full 0):
 garbage-first heap   total 262144K, used 120162K [0x0000000700000000, 0x0000000800000000)
  region size 1024K, 9 young (9216K), 5 survivors (5120K)
 Metaspace       used 48882K, capacity 50276K, committed 50432K, reserved 1093632K
  class space    used 5836K, capacity 6399K, committed 6400K, reserved 1048576K
}
Event: 14.205 GC heap after
{Heap after GC invocations=26 (full 0):
 garbage-first heap   total 262144K, used 111315K [0x0000000700000000, 0x0000000800000000)
  region size 1024K, 5 young (5120K), 5 survivors (5120K)
 Metaspace       used 48882K, capacity 50276K, committed 50432K, reserved 1093632K
  class space    used 5836K, capacity 6399K, committed 6400K, reserved 1048576K
}
Event: 14.236 GC heap before
{Heap before GC invocations=27 (full 0):
 garbage-first heap   total 262144K, used 126675K [0x0000000700000000, 0x0000000800000000)
  region size 1024K, 7 young (7168K), 5 survivors (5120K)
 Metaspace       used 48882K, capacity 50276K, committed 50432K, reserved 1093632K
  class space    used 5836K, capacity 6399K, committed 6400K, reserved 1048576K
}
Event: 14.238 GC heap after
{Heap after GC invocations=28 (full 0):
 garbage-first heap   total 262144K, used 103971K [0x0000000700000000, 0x0000000800000000)
  region size 1024K, 5 young (5120K), 5 survivors (5120K)
 Metaspace       used 48882K, capacity 50276K, committed 50432K, reserved 1093632K
  class space    used 5836K, capacity 6399K, committed 6400K, reserved 1048576K
}
Event: 14.609 GC heap before
{Heap before GC invocations=29 (full 0):
 garbage-first heap   total 262144K, used 122403K [0x0000000700000000, 0x0000000800000000)
  region size 1024K, 10 young (10240K), 5 survivors (5120K)
 Metaspace       used 48921K, capacity 50278K, committed 50432K, reserved 1093632K
  class space    used 5836K, capacity 6399K, committed 6400K, reserved 1048576K
}
Event: 14.611 GC heap after
{Heap after GC invocations=30 (full 0):
 garbage-first heap   total 262144K, used 104253K [0x0000000700000000, 0x0000000800000000)
  region size 1024K, 5 young (5120K), 5 survivors (5120K)
 Metaspace       used 48921K, capacity 50278K, committed 50432K, reserved 1093632K
  class space    used 5836K, capacity 6399K, committed 6400K, reserved 1048576K
}
Event: 14.612 GC heap before
{Heap before GC invocations=30 (full 0):
 garbage-first heap   total 262144K, used 111421K [0x0000000700000000, 0x0000000800000000)
  region size 1024K, 5 young (5120K), 5 survivors (5120K)
 Metaspace       used 48921K, capacity 50278K, committed 50432K, reserved 1093632K
  class space    used 5836K, capacity 6399K, committed 6400K, reserved 1048576K
}
Event: 14.613 GC heap after
{Heap after GC invocations=31 (full 0):
 garbage-first heap   total 262144K, used 111571K [0x0000000700000000, 0x0000000800000000)
  region size 1024K, 5 young (5120K), 5 survivors (5120K)
 Metaspace       used 48921K, capacity 50278K, committed 50432K, reserved 1093632K
  class space    used 5836K, capacity 6399K, committed 6400K, reserved 1048576K
}

