# JRE version: OpenJDK Runtime Environment (11.0.5+10) (build 11.0.5+10-LTS)
# Java VM: OpenJDK 64-Bit Server VM (11.0.5+10-LTS, mixed mode, tiered, compressed oops, concurrent mark sweep gc, bsd-amd64)
Heap:
 par new generation   total 39296K, used 35709K [0x0000000780000000, 0x0000000782aa0000, 0x00000007aaaa0000)
  eden space 34944K,  89% used [0x0000000780000000, 0x0000000781e9f750, 0x0000000782220000)
  from space 4352K, 100% used [0x0000000782220000, 0x0000000782660000, 0x0000000782660000)
  to   space 4352K,   0% used [0x0000000782660000, 0x0000000782660000, 0x0000000782aa0000)
 concurrent mark-sweep generation total 101816K, used 69236K [0x00000007aaaa0000, 0x00000007b0e0e000, 0x0000000800000000)
 Metaspace       used 45175K, capacity 46418K, committed 46592K, reserved 1089536K
  class space    used 5344K, capacity 5864K, committed 5888K, reserved 1048576K
GC Heap History (20 events):
Event: 3.433 GC heap before
{Heap before GC invocations=4 (full 2):
 par new generation   total 39296K, used 26050K [0x0000000780000000, 0x0000000782aa0000, 0x00000007aaaa0000)
  eden space 34944K,  72% used [0x0000000780000000, 0x00000007818a7938, 0x0000000782220000)
  from space 4352K,  18% used [0x0000000782220000, 0x00000007822e8f98, 0x0000000782660000)
  to   space 4352K,   0% used [0x0000000782660000, 0x0000000782660000, 0x0000000782aa0000)
 concurrent mark-sweep generation total 101816K, used 61087K [0x00000007aaaa0000, 0x00000007b0e0e000, 0x0000000800000000)
 Metaspace       used 22256K, capacity 22893K, committed 23168K, reserved 1069056K
  class space    used 2436K, capacity 2661K, committed 2688K, reserved 1048576K
}
Event: 3.440 GC heap after
{Heap after GC invocations=5 (full 2):
 par new generation   total 39296K, used 4352K [0x0000000780000000, 0x0000000782aa0000, 0x00000007aaaa0000)
  eden space 34944K,   0% used [0x0000000780000000, 0x0000000780000000, 0x0000000782220000)
  from space 4352K, 100% used [0x0000000782660000, 0x0000000782aa0000, 0x0000000782aa0000)
  to   space 4352K,   0% used [0x0000000782220000, 0x0000000782220000, 0x0000000782660000)
 concurrent mark-sweep generation total 101816K, used 76712K [0x00000007aaaa0000, 0x00000007b0e0e000, 0x0000000800000000)
 Metaspace       used 22256K, capacity 22893K, committed 23168K, reserved 1069056K
  class space    used 2436K, capacity 2661K, committed 2688K, reserved 1048576K
}
Event: 6.450 GC heap before
{Heap before GC invocations=5 (full 3):
 par new generation   total 39296K, used 36837K [0x0000000780000000, 0x0000000782aa0000, 0x00000007aaaa0000)
  eden space 34944K,  92% used [0x0000000780000000, 0x0000000781fb9780, 0x0000000782220000)
  from space 4352K, 100% used [0x0000000782660000, 0x0000000782aa0000, 0x0000000782aa0000)
  to   space 4352K,   0% used [0x0000000782220000, 0x0000000782220000, 0x0000000782660000)
 concurrent mark-sweep generation total 101816K, used 76712K [0x00000007aaaa0000, 0x00000007b0e0e000, 0x0000000800000000)
 Metaspace       used 25011K, capacity 25593K, committed 26112K, reserved 1073152K
  class space    used 2764K, capacity 2985K, committed 3072K, reserved 1048576K
}
Event: 6.454 GC heap after
{Heap after GC invocations=6 (full 3):
 par new generation   total 39296K, used 4352K [0x0000000780000000, 0x0000000782aa0000, 0x00000007aaaa0000)
  eden space 34944K,   0% used [0x0000000780000000, 0x0000000780000000, 0x0000000782220000)
  from space 4352K, 100% used [0x0000000782220000, 0x0000000782660000, 0x0000000782660000)
  to   space 4352K,   0% used [0x0000000782660000, 0x0000000782660000, 0x0000000782aa0000)
 concurrent mark-sweep generation total 101816K, used 82471K [0x00000007aaaa0000, 0x00000007b0e0e000, 0x0000000800000000)
 Metaspace       used 25011K, capacity 25593K, committed 26112K, reserved 1073152K
  class space    used 2764K, capacity 2985K, committed 3072K, reserved 1048576K
}
Event: 6.596 GC heap before
{Heap before GC invocations=6 (full 3):
 par new generation   total 39296K, used 39296K [0x0000000780000000, 0x0000000782aa0000, 0x00000007aaaa0000)
  eden space 34944K, 100% used [0x0000000780000000, 0x0000000782220000, 0x0000000782220000)
  from space 4352K, 100% used [0x0000000782220000, 0x0000000782660000, 0x0000000782660000)
  to   space 4352K,   0% used [0x0000000782660000, 0x0000000782660000, 0x0000000782aa0000)
 concurrent mark-sweep generation total 101816K, used 82471K [0x00000007aaaa0000, 0x00000007b0e0e000, 0x0000000800000000)
 Metaspace       used 25126K, capacity 25721K, committed 26112K, reserved 1073152K
  class space    used 2764K, capacity 2985K, committed 3072K, reserved 1048576K
}
Event: 6.598 GC heap after
{Heap after GC invocations=7 (full 3):
 par new generation   total 39296K, used 4342K [0x0000000780000000, 0x0000000782aa0000, 0x00000007aaaa0000)
  eden space 34944K,   0% used [0x0000000780000000, 0x0000000780000000, 0x0000000782220000)
  from space 4352K,  99% used [0x0000000782660000, 0x0000000782a9db30, 0x0000000782aa0000)
  to   space 4352K,   0% used [0x0000000782220000, 0x0000000782220000, 0x0000000782660000)
 concurrent mark-sweep generation total 101816K, used 89549K [0x00000007aaaa0000, 0x00000007b0e0e000, 0x0000000800000000)
 Metaspace       used 25126K, capacity 25721K, committed 26112K, reserved 1073152K
  class space    used 2764K, capacity 2985K, committed 3072K, reserved 1048576K
}
Event: 7.344 GC heap before
{Heap before GC invocations=7 (full 3):
 par new generation   total 39296K, used 39286K [0x0000000780000000, 0x0000000782aa0000, 0x00000007aaaa0000)
  eden space 34944K, 100% used [0x0000000780000000, 0x0000000782220000, 0x0000000782220000)
  from space 4352K,  99% used [0x0000000782660000, 0x0000000782a9db30, 0x0000000782aa0000)
  to   space 4352K,   0% used [0x0000000782220000, 0x0000000782220000, 0x0000000782660000)
 concurrent mark-sweep generation total 101816K, used 55891K [0x00000007aaaa0000, 0x00000007b0e0e000, 0x0000000800000000)
 Metaspace       used 25751K, capacity 26363K, committed 26624K, reserved 1073152K
  class space    used 2797K, capacity 3031K, committed 3072K, reserved 1048576K
}
Event: 7.346 GC heap after
{Heap after GC invocations=8 (full 3):
 par new generation   total 39296K, used 750K [0x0000000780000000, 0x0000000782aa0000, 0x00000007aaaa0000)
  eden space 34944K,   0% used [0x0000000780000000, 0x0000000780000000, 0x0000000782220000)
  from space 4352K,  17% used [0x0000000782220000, 0x00000007822db950, 0x0000000782660000)
  to   space 4352K,   0% used [0x0000000782660000, 0x0000000782660000, 0x0000000782aa0000)
 concurrent mark-sweep generation total 101816K, used 59566K [0x00000007aaaa0000, 0x00000007b0e0e000, 0x0000000800000000)
 Metaspace       used 25751K, capacity 26363K, committed 26624K, reserved 1073152K
  class space    used 2797K, capacity 3031K, committed 3072K, reserved 1048576K
}
Event: 7.780 GC heap before
{Heap before GC invocations=8 (full 3):
 par new generation   total 39296K, used 35691K [0x0000000780000000, 0x0000000782aa0000, 0x00000007aaaa0000)
  eden space 34944K,  99% used [0x0000000780000000, 0x000000078221f5e8, 0x0000000782220000)
  from space 4352K,  17% used [0x0000000782220000, 0x00000007822db950, 0x0000000782660000)
  to   space 4352K,   0% used [0x0000000782660000, 0x0000000782660000, 0x0000000782aa0000)
 concurrent mark-sweep generation total 101816K, used 59566K [0x00000007aaaa0000, 0x00000007b0e0e000, 0x0000000800000000)
 Metaspace       used 25891K, capacity 26491K, committed 26880K, reserved 1073152K
  class space    used 2797K, capacity 3031K, committed 3072K, reserved 1048576K
}
Event: 7.781 GC heap after
{Heap after GC invocations=9 (full 3):
 par new generation   total 39296K, used 974K [0x0000000780000000, 0x0000000782aa0000, 0x00000007aaaa0000)
  eden space 34944K,   0% used [0x0000000780000000, 0x0000000780000000, 0x0000000782220000)
  from space 4352K,  22% used [0x0000000782660000, 0x00000007827539f0, 0x0000000782aa0000)
  to   space 4352K,   0% used [0x0000000782220000, 0x0000000782220000, 0x0000000782660000)
 concurrent mark-sweep generation total 101816K, used 59566K [0x00000007aaaa0000, 0x00000007b0e0e000, 0x0000000800000000)
 Metaspace       used 25891K, capacity 26491K, committed 26880K, reserved 1073152K
  class space    used 2797K, capacity 3031K, committed 3072K, reserved 1048576K
}
Event: 8.063 GC heap before
{Heap before GC invocations=9 (full 3):
 par new generation   total 39296K, used 35918K [0x0000000780000000, 0x0000000782aa0000, 0x00000007aaaa0000)
  eden space 34944K, 100% used [0x0000000780000000, 0x0000000782220000, 0x0000000782220000)
  from space 4352K,  22% used [0x0000000782660000, 0x00000007827539f0, 0x0000000782aa0000)
  to   space 4352K,   0% used [0x0000000782220000, 0x0000000782220000, 0x0000000782660000)
 concurrent mark-sweep generation total 101816K, used 59566K [0x00000007aaaa0000, 0x00000007b0e0e000, 0x0000000800000000)
 Metaspace       used 32485K, capacity 33265K, committed 33664K, reserved 1079296K
  class space    used 3552K, capacity 3859K, committed 3968K, reserved 1048576K
}
Event: 8.068 GC heap after
{Heap after GC invocations=10 (full 3):
 par new generation   total 39296K, used 4352K [0x0000000780000000, 0x0000000782aa0000, 0x00000007aaaa0000)
  eden space 34944K,   0% used [0x0000000780000000, 0x0000000780000000, 0x0000000782220000)
  from space 4352K, 100% used [0x0000000782220000, 0x0000000782660000, 0x0000000782660000)
  to   space 4352K,   0% used [0x0000000782660000, 0x0000000782660000, 0x0000000782aa0000)
 concurrent mark-sweep generation total 101816K, used 67345K [0x00000007aaaa0000, 0x00000007b0e0e000, 0x0000000800000000)
 Metaspace       used 32485K, capacity 33265K, committed 33664K, reserved 1079296K
  class space    used 3552K, capacity 3859K, committed 3968K, reserved 1048576K
}
Event: 8.500 GC heap before
{Heap before GC invocations=10 (full 4):
 par new generation   total 39296K, used 39296K [0x0000000780000000, 0x0000000782aa0000, 0x00000007aaaa0000)
  eden space 34944K, 100% used [0x0000000780000000, 0x0000000782220000, 0x0000000782220000)
  from space 4352K, 100% used [0x0000000782220000, 0x0000000782660000, 0x0000000782660000)
  to   space 4352K,   0% used [0x0000000782660000, 0x0000000782660000, 0x0000000782aa0000)
 concurrent mark-sweep generation total 101816K, used 52144K [0x00000007aaaa0000, 0x00000007b0e0e000, 0x0000000800000000)
 Metaspace       used 39820K, capacity 40686K, committed 40832K, reserved 1085440K
  class space    used 4625K, capacity 4966K, committed 4992K, reserved 1048576K
}
Event: 8.503 GC heap after
{Heap after GC invocations=11 (full 4):
 par new generation   total 39296K, used 3990K [0x0000000780000000, 0x0000000782aa0000, 0x00000007aaaa0000)
  eden space 34944K,   0% used [0x0000000780000000, 0x0000000780000000, 0x0000000782220000)
  from space 4352K,  91% used [0x0000000782660000, 0x0000000782a45a10, 0x0000000782aa0000)
  to   space 4352K,   0% used [0x0000000782220000, 0x0000000782220000, 0x0000000782660000)
 concurrent mark-sweep generation total 101816K, used 56413K [0x00000007aaaa0000, 0x00000007b0e0e000, 0x0000000800000000)
 Metaspace       used 39820K, capacity 40686K, committed 40832K, reserved 1085440K
  class space    used 4625K, capacity 4966K, committed 4992K, reserved 1048576K
}
Event: 8.878 GC heap before
{Heap before GC invocations=11 (full 4):
 par new generation   total 39296K, used 39295K [0x0000000780000000, 0x0000000782aa0000, 0x00000007aaaa0000)
  eden space 34944K, 100% used [0x0000000780000000, 0x0000000782220000, 0x0000000782220000)
  from space 4352K,  99% used [0x0000000782660000, 0x0000000782a9fff8, 0x0000000782aa0000)
  to   space 4352K,   0% used [0x0000000782220000, 0x0000000782220000, 0x0000000782660000)
 concurrent mark-sweep generation total 101816K, used 56604K [0x00000007aaaa0000, 0x00000007b0e0e000, 0x0000000800000000)
 Metaspace       used 43659K, capacity 44843K, committed 44928K, reserved 1089536K
  class space    used 5237K, capacity 5751K, committed 5760K, reserved 1048576K
}
Event: 8.881 GC heap after
{Heap after GC invocations=12 (full 4):
 par new generation   total 39296K, used 3252K [0x0000000780000000, 0x0000000782aa0000, 0x00000007aaaa0000)
  eden space 34944K,   0% used [0x0000000780000000, 0x0000000780000000, 0x0000000782220000)
  from space 4352K,  74% used [0x0000000782220000, 0x000000078254d178, 0x0000000782660000)
  to   space 4352K,   0% used [0x0000000782660000, 0x0000000782660000, 0x0000000782aa0000)
 concurrent mark-sweep generation total 101816K, used 59485K [0x00000007aaaa0000, 0x00000007b0e0e000, 0x0000000800000000)
 Metaspace       used 43659K, capacity 44843K, committed 44928K, reserved 1089536K
  class space    used 5237K, capacity 5751K, committed 5760K, reserved 1048576K
}
Event: 9.141 GC heap before
{Heap before GC invocations=12 (full 4):
 par new generation   total 39296K, used 37819K [0x0000000780000000, 0x0000000782aa0000, 0x00000007aaaa0000)
  eden space 34944K,  98% used [0x0000000780000000, 0x00000007821c1ad0, 0x0000000782220000)
  from space 4352K,  74% used [0x0000000782220000, 0x000000078254d178, 0x0000000782660000)
  to   space 4352K,   0% used [0x0000000782660000, 0x0000000782660000, 0x0000000782aa0000)
 concurrent mark-sweep generation total 101816K, used 59485K [0x00000007aaaa0000, 0x00000007b0e0e000, 0x0000000800000000)
 Metaspace       used 44284K, capacity 45508K, committed 45824K, reserved 1089536K
  class space    used 5276K, capacity 5820K, committed 5888K, reserved 1048576K
}
Event: 9.144 GC heap after
{Heap after GC invocations=13 (full 4):
 par new generation   total 39296K, used 4351K [0x0000000780000000, 0x0000000782aa0000, 0x00000007aaaa0000)
  eden space 34944K,   0% used [0x0000000780000000, 0x0000000780000000, 0x0000000782220000)
  from space 4352K,  99% used [0x0000000782660000, 0x0000000782a9fff8, 0x0000000782aa0000)
  to   space 4352K,   0% used [0x0000000782220000, 0x0000000782220000, 0x0000000782660000)
 concurrent mark-sweep generation total 101816K, used 61656K [0x00000007aaaa0000, 0x00000007b0e0e000, 0x0000000800000000)
 Metaspace       used 44284K, capacity 45508K, committed 45824K, reserved 1089536K
  class space    used 5276K, capacity 5820K, committed 5888K, reserved 1048576K
}
Event: 9.672 GC heap before
{Heap before GC invocations=13 (full 4):
 par new generation   total 39296K, used 39295K [0x0000000780000000, 0x0000000782aa0000, 0x00000007aaaa0000)
  eden space 34944K, 100% used [0x0000000780000000, 0x0000000782220000, 0x0000000782220000)
  from space 4352K,  99% used [0x0000000782660000, 0x0000000782a9fff8, 0x0000000782aa0000)
  to   space 4352K,   0% used [0x0000000782220000, 0x0000000782220000, 0x0000000782660000)
 concurrent mark-sweep generation total 101816K, used 61656K [0x00000007aaaa0000, 0x00000007b0e0e000, 0x0000000800000000)
 Metaspace       used 44798K, capacity 46003K, committed 46336K, reserved 1089536K
  class space    used 5313K, capacity 5836K, committed 5888K, reserved 1048576K
}
Event: 9.673 GC heap after
{Heap after GC invocations=14 (full 4):
 par new generation   total 39296K, used 4352K [0x0000000780000000, 0x0000000782aa0000, 0x00000007aaaa0000)
  eden space 34944K,   0% used [0x0000000780000000, 0x0000000780000000, 0x0000000782220000)
  from space 4352K, 100% used [0x0000000782220000, 0x0000000782660000, 0x0000000782660000)
  to   space 4352K,   0% used [0x0000000782660000, 0x0000000782660000, 0x0000000782aa0000)
 concurrent mark-sweep generation total 101816K, used 69236K [0x00000007aaaa0000, 0x00000007b0e0e000, 0x0000000800000000)
 Metaspace       used 44798K, capacity 46003K, committed 46336K, reserved 1089536K
  class space    used 5313K, capacity 5836K, committed 5888K, reserved 1048576K
}

