# JRE version: OpenJDK Runtime Environment (11.0.5+10) (build 11.0.5+10-LTS)
# Java VM: OpenJDK 64-Bit Server VM (11.0.5+10-LTS, mixed mode, tiered, compressed oops, concurrent mark sweep gc, bsd-amd64)
Heap:
 par new generation   total 39296K, used 33676K [0x0000000780000000, 0x0000000782aa0000, 0x00000007aaaa0000)
  eden space 34944K,  90% used [0x0000000780000000, 0x0000000781ee97b0, 0x0000000782220000)
  from space 4352K,  46% used [0x0000000782220000, 0x0000000782419a20, 0x0000000782660000)
  to   space 4352K,   0% used [0x0000000782660000, 0x0000000782660000, 0x0000000782aa0000)
 concurrent mark-sweep generation total 125308K, used 68881K [0x00000007aaaa0000, 0x00000007b24ff000, 0x0000000800000000)
 Metaspace       used 44988K, capacity 46236K, committed 46464K, reserved 1089536K
  class space    used 5343K, capacity 5896K, committed 6016K, reserved 1048576K
GC Heap History (20 events):
Event: 2.637 GC heap before
{Heap before GC invocations=2 (full 0):
 par new generation   total 39296K, used 37773K [0x0000000780000000, 0x0000000782aa0000, 0x00000007aaaa0000)
  eden space 34944K, 100% used [0x0000000780000000, 0x0000000782220000, 0x0000000782220000)
  from space 4352K,  65% used [0x0000000782220000, 0x00000007824e3480, 0x0000000782660000)
  to   space 4352K,   0% used [0x0000000782660000, 0x0000000782660000, 0x0000000782aa0000)
 concurrent mark-sweep generation total 87424K, used 27493K [0x00000007aaaa0000, 0x00000007b0000000, 0x0000000800000000)
 Metaspace       used 17963K, capacity 18471K, committed 18816K, reserved 1067008K
  class space    used 1930K, capacity 2094K, committed 2176K, reserved 1048576K
}
Event: 2.646 GC heap after
{Heap after GC invocations=3 (full 0):
 par new generation   total 39296K, used 713K [0x0000000780000000, 0x0000000782aa0000, 0x00000007aaaa0000)
  eden space 34944K,   0% used [0x0000000780000000, 0x0000000780000000, 0x0000000782220000)
  from space 4352K,  16% used [0x0000000782660000, 0x0000000782712680, 0x0000000782aa0000)
  to   space 4352K,   0% used [0x0000000782220000, 0x0000000782220000, 0x0000000782660000)
 concurrent mark-sweep generation total 87424K, used 49917K [0x00000007aaaa0000, 0x00000007b0000000, 0x0000000800000000)
 Metaspace       used 17963K, capacity 18471K, committed 18816K, reserved 1067008K
  class space    used 1930K, capacity 2094K, committed 2176K, reserved 1048576K
}
Event: 3.114 GC heap before
{Heap before GC invocations=3 (full 1):
 par new generation   total 39296K, used 35657K [0x0000000780000000, 0x0000000782aa0000, 0x00000007aaaa0000)
  eden space 34944K, 100% used [0x0000000780000000, 0x0000000782220000, 0x0000000782220000)
  from space 4352K,  16% used [0x0000000782660000, 0x0000000782712680, 0x0000000782aa0000)
  to   space 4352K,   0% used [0x0000000782220000, 0x0000000782220000, 0x0000000782660000)
 concurrent mark-sweep generation total 87424K, used 49885K [0x00000007aaaa0000, 0x00000007b0000000, 0x0000000800000000)
 Metaspace       used 17970K, capacity 18471K, committed 18816K, reserved 1067008K
  class space    used 1930K, capacity 2094K, committed 2176K, reserved 1048576K
}
Event: 3.120 GC heap after
{Heap after GC invocations=4 (full 1):
 par new generation   total 39296K, used 850K [0x0000000780000000, 0x0000000782aa0000, 0x00000007aaaa0000)
  eden space 34944K,   0% used [0x0000000780000000, 0x0000000780000000, 0x0000000782220000)
  from space 4352K,  19% used [0x0000000782220000, 0x00000007822f4a68, 0x0000000782660000)
  to   space 4352K,   0% used [0x0000000782660000, 0x0000000782660000, 0x0000000782aa0000)
 concurrent mark-sweep generation total 87424K, used 61097K [0x00000007aaaa0000, 0x00000007b0000000, 0x0000000800000000)
 Metaspace       used 17970K, capacity 18471K, committed 18816K, reserved 1067008K
  class space    used 1930K, capacity 2094K, committed 2176K, reserved 1048576K
}
Event: 3.446 GC heap before
{Heap before GC invocations=4 (full 2):
 par new generation   total 39296K, used 26338K [0x0000000780000000, 0x0000000782aa0000, 0x00000007aaaa0000)
  eden space 34944K,  72% used [0x0000000780000000, 0x00000007818e40e0, 0x0000000782220000)
  from space 4352K,  19% used [0x0000000782220000, 0x00000007822f4a68, 0x0000000782660000)
  to   space 4352K,   0% used [0x0000000782660000, 0x0000000782660000, 0x0000000782aa0000)
 concurrent mark-sweep generation total 101816K, used 61088K [0x00000007aaaa0000, 0x00000007b0e0e000, 0x0000000800000000)
 Metaspace       used 22264K, capacity 22893K, committed 23168K, reserved 1069056K
  class space    used 2436K, capacity 2661K, committed 2688K, reserved 1048576K
}
Event: 3.454 GC heap after
{Heap after GC invocations=5 (full 2):
 par new generation   total 39296K, used 4352K [0x0000000780000000, 0x0000000782aa0000, 0x00000007aaaa0000)
  eden space 34944K,   0% used [0x0000000780000000, 0x0000000780000000, 0x0000000782220000)
  from space 4352K, 100% used [0x0000000782660000, 0x0000000782aa0000, 0x0000000782aa0000)
  to   space 4352K,   0% used [0x0000000782220000, 0x0000000782220000, 0x0000000782660000)
 concurrent mark-sweep generation total 101816K, used 75059K [0x00000007aaaa0000, 0x00000007b0e0e000, 0x0000000800000000)
 Metaspace       used 22264K, capacity 22893K, committed 23168K, reserved 1069056K
  class space    used 2436K, capacity 2661K, committed 2688K, reserved 1048576K
}
Event: 6.459 GC heap before
{Heap before GC invocations=5 (full 3):
 par new generation   total 39296K, used 39296K [0x0000000780000000, 0x0000000782aa0000, 0x00000007aaaa0000)
  eden space 34944K, 100% used [0x0000000780000000, 0x0000000782220000, 0x0000000782220000)
  from space 4352K, 100% used [0x0000000782660000, 0x0000000782aa0000, 0x0000000782aa0000)
  to   space 4352K,   0% used [0x0000000782220000, 0x0000000782220000, 0x0000000782660000)
 concurrent mark-sweep generation total 101816K, used 75059K [0x00000007aaaa0000, 0x00000007b0e0e000, 0x0000000800000000)
 Metaspace       used 24614K, capacity 25241K, committed 25600K, reserved 1071104K
  class space    used 2727K, capacity 2953K, committed 3072K, reserved 1048576K
}
Event: 6.463 GC heap after
{Heap after GC invocations=6 (full 3):
 par new generation   total 39296K, used 4352K [0x0000000780000000, 0x0000000782aa0000, 0x00000007aaaa0000)
  eden space 34944K,   0% used [0x0000000780000000, 0x0000000780000000, 0x0000000782220000)
  from space 4352K, 100% used [0x0000000782220000, 0x0000000782660000, 0x0000000782660000)
  to   space 4352K,   0% used [0x0000000782660000, 0x0000000782660000, 0x0000000782aa0000)
 concurrent mark-sweep generation total 101816K, used 84989K [0x00000007aaaa0000, 0x00000007b0e0e000, 0x0000000800000000)
 Metaspace       used 24614K, capacity 25241K, committed 25600K, reserved 1071104K
  class space    used 2727K, capacity 2953K, committed 3072K, reserved 1048576K
}
Event: 7.311 GC heap before
{Heap before GC invocations=6 (full 3):
 par new generation   total 39296K, used 39296K [0x0000000780000000, 0x0000000782aa0000, 0x00000007aaaa0000)
  eden space 34944K, 100% used [0x0000000780000000, 0x0000000782220000, 0x0000000782220000)
  from space 4352K, 100% used [0x0000000782220000, 0x0000000782660000, 0x0000000782660000)
  to   space 4352K,   0% used [0x0000000782660000, 0x0000000782660000, 0x0000000782aa0000)
 concurrent mark-sweep generation total 101816K, used 51331K [0x00000007aaaa0000, 0x00000007b0e0e000, 0x0000000800000000)
 Metaspace       used 25435K, capacity 26075K, committed 26368K, reserved 1073152K
  class space    used 2772K, capacity 2999K, committed 3072K, reserved 1048576K
}
Event: 7.313 GC heap after
{Heap after GC invocations=7 (full 3):
 par new generation   total 39296K, used 4352K [0x0000000780000000, 0x0000000782aa0000, 0x00000007aaaa0000)
  eden space 34944K,   0% used [0x0000000780000000, 0x0000000780000000, 0x0000000782220000)
  from space 4352K, 100% used [0x0000000782660000, 0x0000000782aa0000, 0x0000000782aa0000)
  to   space 4352K,   0% used [0x0000000782220000, 0x0000000782220000, 0x0000000782660000)
 concurrent mark-sweep generation total 101816K, used 56690K [0x00000007aaaa0000, 0x00000007b0e0e000, 0x0000000800000000)
 Metaspace       used 25435K, capacity 26075K, committed 26368K, reserved 1073152K
  class space    used 2772K, capacity 2999K, committed 3072K, reserved 1048576K
}
Event: 40.383 GC heap before
{Heap before GC invocations=7 (full 3):
 par new generation   total 39296K, used 39296K [0x0000000780000000, 0x0000000782aa0000, 0x00000007aaaa0000)
  eden space 34944K, 100% used [0x0000000780000000, 0x0000000782220000, 0x0000000782220000)
  from space 4352K, 100% used [0x0000000782660000, 0x0000000782aa0000, 0x0000000782aa0000)
  to   space 4352K,   0% used [0x0000000782220000, 0x0000000782220000, 0x0000000782660000)
 concurrent mark-sweep generation total 101816K, used 56690K [0x00000007aaaa0000, 0x00000007b0e0e000, 0x0000000800000000)
 Metaspace       used 31677K, capacity 32431K, committed 32640K, reserved 1077248K
  class space    used 3572K, capacity 3863K, committed 3968K, reserved 1048576K
}
Event: 40.389 GC heap after
{Heap after GC invocations=8 (full 3):
 par new generation   total 39296K, used 2869K [0x0000000780000000, 0x0000000782aa0000, 0x00000007aaaa0000)
  eden space 34944K,   0% used [0x0000000780000000, 0x0000000780000000, 0x0000000782220000)
  from space 4352K,  65% used [0x0000000782220000, 0x00000007824ed658, 0x0000000782660000)
  to   space 4352K,   0% used [0x0000000782660000, 0x0000000782660000, 0x0000000782aa0000)
 concurrent mark-sweep generation total 101816K, used 68206K [0x00000007aaaa0000, 0x00000007b0e0e000, 0x0000000800000000)
 Metaspace       used 31677K, capacity 32431K, committed 32640K, reserved 1077248K
  class space    used 3572K, capacity 3863K, committed 3968K, reserved 1048576K
}
Event: 40.761 GC heap before
{Heap before GC invocations=8 (full 3):
 par new generation   total 39296K, used 34053K [0x0000000780000000, 0x0000000782aa0000, 0x00000007aaaa0000)
  eden space 34944K,  89% used [0x0000000780000000, 0x0000000781e73e80, 0x0000000782220000)
  from space 4352K,  65% used [0x0000000782220000, 0x00000007824ed658, 0x0000000782660000)
  to   space 4352K,   0% used [0x0000000782660000, 0x0000000782660000, 0x0000000782aa0000)
 concurrent mark-sweep generation total 101816K, used 68206K [0x00000007aaaa0000, 0x00000007b0e0e000, 0x0000000800000000)
 Metaspace       used 36057K, capacity 36993K, committed 37248K, reserved 1081344K
  class space    used 4305K, capacity 4669K, committed 4736K, reserved 1048576K
}
Event: 40.764 GC heap after
{Heap after GC invocations=9 (full 3):
 par new generation   total 39296K, used 2764K [0x0000000780000000, 0x0000000782aa0000, 0x00000007aaaa0000)
  eden space 34944K,   0% used [0x0000000780000000, 0x0000000780000000, 0x0000000782220000)
  from space 4352K,  63% used [0x0000000782660000, 0x0000000782913108, 0x0000000782aa0000)
  to   space 4352K,   0% used [0x0000000782220000, 0x0000000782220000, 0x0000000782660000)
 concurrent mark-sweep generation total 101816K, used 78925K [0x00000007aaaa0000, 0x00000007b0e0e000, 0x0000000800000000)
 Metaspace       used 36057K, capacity 36993K, committed 37248K, reserved 1081344K
  class space    used 4305K, capacity 4669K, committed 4736K, reserved 1048576K
}
Event: 40.814 GC heap before
{Heap before GC invocations=9 (full 4):
 par new generation   total 39296K, used 34179K [0x0000000780000000, 0x0000000782aa0000, 0x00000007aaaa0000)
  eden space 34944K,  89% used [0x0000000780000000, 0x0000000781eadb00, 0x0000000782220000)
  from space 4352K,  63% used [0x0000000782660000, 0x0000000782913108, 0x0000000782aa0000)
  to   space 4352K,   0% used [0x0000000782220000, 0x0000000782220000, 0x0000000782660000)
 concurrent mark-sweep generation total 101816K, used 78925K [0x00000007aaaa0000, 0x00000007b0e0e000, 0x0000000800000000)
 Metaspace       used 36588K, capacity 37601K, committed 37888K, reserved 1083392K
  class space    used 4372K, capacity 4768K, committed 4864K, reserved 1048576K
}
Event: 40.817 GC heap after
{Heap after GC invocations=10 (full 4):
 par new generation   total 39296K, used 4002K [0x0000000780000000, 0x0000000782aa0000, 0x00000007aaaa0000)
  eden space 34944K,   0% used [0x0000000780000000, 0x0000000780000000, 0x0000000782220000)
  from space 4352K,  91% used [0x0000000782220000, 0x0000000782608808, 0x0000000782660000)
  to   space 4352K,   0% used [0x0000000782660000, 0x0000000782660000, 0x0000000782aa0000)
 concurrent mark-sweep generation total 101816K, used 91890K [0x00000007aaaa0000, 0x00000007b0e0e000, 0x0000000800000000)
 Metaspace       used 36588K, capacity 37601K, committed 37888K, reserved 1083392K
  class space    used 4372K, capacity 4768K, committed 4864K, reserved 1048576K
}
Event: 41.106 GC heap before
{Heap before GC invocations=10 (full 4):
 par new generation   total 39296K, used 38946K [0x0000000780000000, 0x0000000782aa0000, 0x00000007aaaa0000)
  eden space 34944K, 100% used [0x0000000780000000, 0x0000000782220000, 0x0000000782220000)
  from space 4352K,  91% used [0x0000000782220000, 0x0000000782608808, 0x0000000782660000)
  to   space 4352K,   0% used [0x0000000782660000, 0x0000000782660000, 0x0000000782aa0000)
 concurrent mark-sweep generation total 125308K, used 75182K [0x00000007aaaa0000, 0x00000007b24ff000, 0x0000000800000000)
 Metaspace       used 40224K, capacity 41355K, committed 41728K, reserved 1085440K
  class space    used 4793K, capacity 5253K, committed 5376K, reserved 1048576K
}
Event: 41.108 GC heap after
{Heap after GC invocations=11 (full 4):
 par new generation   total 39296K, used 4352K [0x0000000780000000, 0x0000000782aa0000, 0x00000007aaaa0000)
  eden space 34944K,   0% used [0x0000000780000000, 0x0000000780000000, 0x0000000782220000)
  from space 4352K, 100% used [0x0000000782660000, 0x0000000782aa0000, 0x0000000782aa0000)
  to   space 4352K,   0% used [0x0000000782220000, 0x0000000782220000, 0x0000000782660000)
 concurrent mark-sweep generation total 125308K, used 83817K [0x00000007aaaa0000, 0x00000007b24ff000, 0x0000000800000000)
 Metaspace       used 40224K, capacity 41355K, committed 41728K, reserved 1085440K
  class space    used 4793K, capacity 5253K, committed 5376K, reserved 1048576K
}
Event: 41.712 GC heap before
{Heap before GC invocations=11 (full 4):
 par new generation   total 39296K, used 39296K [0x0000000780000000, 0x0000000782aa0000, 0x00000007aaaa0000)
  eden space 34944K, 100% used [0x0000000780000000, 0x0000000782220000, 0x0000000782220000)
  from space 4352K, 100% used [0x0000000782660000, 0x0000000782aa0000, 0x0000000782aa0000)
  to   space 4352K,   0% used [0x0000000782220000, 0x0000000782220000, 0x0000000782660000)
 concurrent mark-sweep generation total 125308K, used 83817K [0x00000007aaaa0000, 0x00000007b24ff000, 0x0000000800000000)
 Metaspace       used 43047K, capacity 44210K, committed 44544K, reserved 1087488K
  class space    used 5105K, capacity 5582K, committed 5632K, reserved 1048576K
}
Event: 41.715 GC heap after
{Heap after GC invocations=12 (full 4):
 par new generation   total 39296K, used 2022K [0x0000000780000000, 0x0000000782aa0000, 0x00000007aaaa0000)
  eden space 34944K,   0% used [0x0000000780000000, 0x0000000780000000, 0x0000000782220000)
  from space 4352K,  46% used [0x0000000782220000, 0x0000000782419a20, 0x0000000782660000)
  to   space 4352K,   0% used [0x0000000782660000, 0x0000000782660000, 0x0000000782aa0000)
 concurrent mark-sweep generation total 125308K, used 96384K [0x00000007aaaa0000, 0x00000007b24ff000, 0x0000000800000000)
 Metaspace       used 43047K, capacity 44210K, committed 44544K, reserved 1087488K
  class space    used 5105K, capacity 5582K, committed 5632K, reserved 1048576K
}

