# JRE version: OpenJDK Runtime Environment (11.0.5+10) (build 11.0.5+10-LTS)
# Java VM: OpenJDK 64-Bit Server VM (11.0.5+10-LTS, mixed mode, tiered, compressed oops, concurrent mark sweep gc, bsd-amd64)
Heap:
 par new generation   total 39296K, used 20836K [0x0000000780000000, 0x0000000782aa0000, 0x00000007aaaa0000)
  eden space 34944K,  55% used [0x0000000780000000, 0x0000000781310df8, 0x0000000782220000)
  from space 4352K,  30% used [0x0000000782220000, 0x0000000782368588, 0x0000000782660000)
  to   space 4352K,   0% used [0x0000000782660000, 0x0000000782660000, 0x0000000782aa0000)
 concurrent mark-sweep generation total 171924K, used 109050K [0x00000007aaaa0000, 0x00000007b5285000, 0x0000000800000000)
 Metaspace       used 46717K, capacity 48067K, committed 48380K, reserved 1091584K
  class space    used 5502K, capacity 6072K, committed 6192K, reserved 1048576K
GC Heap History (20 events):
Event: 81.589 GC heap before
{Heap before GC invocations=14 (full 4):
 par new generation   total 39296K, used 38573K [0x0000000780000000, 0x0000000782aa0000, 0x00000007aaaa0000)
  eden space 34944K,  98% used [0x0000000780000000, 0x00000007821b9080, 0x0000000782220000)
  from space 4352K,  92% used [0x0000000782220000, 0x00000007826126f0, 0x0000000782660000)
  to   space 4352K,   0% used [0x0000000782660000, 0x0000000782660000, 0x0000000782aa0000)
 concurrent mark-sweep generation total 101820K, used 60596K [0x00000007aaaa0000, 0x00000007b0e0f000, 0x0000000800000000)
 Metaspace       used 44735K, capacity 45996K, committed 46332K, reserved 1089536K
  class space    used 5303K, capacity 5833K, committed 5936K, reserved 1048576K
}
Event: 81.593 GC heap after
{Heap after GC invocations=15 (full 4):
 par new generation   total 39296K, used 4352K [0x0000000780000000, 0x0000000782aa0000, 0x00000007aaaa0000)
  eden space 34944K,   0% used [0x0000000780000000, 0x0000000780000000, 0x0000000782220000)
  from space 4352K, 100% used [0x0000000782660000, 0x0000000782aa0000, 0x0000000782aa0000)
  to   space 4352K,   0% used [0x0000000782220000, 0x0000000782220000, 0x0000000782660000)
 concurrent mark-sweep generation total 101820K, used 78205K [0x00000007aaaa0000, 0x00000007b0e0f000, 0x0000000800000000)
 Metaspace       used 44735K, capacity 45996K, committed 46332K, reserved 1089536K
  class space    used 5303K, capacity 5833K, committed 5936K, reserved 1048576K
}
Event: 81.662 GC heap before
{Heap before GC invocations=15 (full 5):
 par new generation   total 39296K, used 35018K [0x0000000780000000, 0x0000000782aa0000, 0x00000007aaaa0000)
  eden space 34944K,  87% used [0x0000000780000000, 0x0000000781df2820, 0x0000000782220000)
  from space 4352K, 100% used [0x0000000782660000, 0x0000000782aa0000, 0x0000000782aa0000)
  to   space 4352K,   0% used [0x0000000782220000, 0x0000000782220000, 0x0000000782660000)
 concurrent mark-sweep generation total 101820K, used 78205K [0x00000007aaaa0000, 0x00000007b0e0f000, 0x0000000800000000)
 Metaspace       used 44840K, capacity 46075K, committed 46332K, reserved 1089536K
  class space    used 5316K, capacity 5839K, committed 5936K, reserved 1048576K
}
Event: 81.664 GC heap after
{Heap after GC invocations=16 (full 5):
 par new generation   total 39296K, used 3264K [0x0000000780000000, 0x0000000782aa0000, 0x00000007aaaa0000)
  eden space 34944K,   0% used [0x0000000780000000, 0x0000000780000000, 0x0000000782220000)
  from space 4352K,  75% used [0x0000000782220000, 0x0000000782550160, 0x0000000782660000)
  to   space 4352K,   0% used [0x0000000782660000, 0x0000000782660000, 0x0000000782aa0000)
 concurrent mark-sweep generation total 101820K, used 97221K [0x00000007aaaa0000, 0x00000007b0e0f000, 0x0000000800000000)
 Metaspace       used 44840K, capacity 46075K, committed 46332K, reserved 1089536K
  class space    used 5316K, capacity 5839K, committed 5936K, reserved 1048576K
}
Event: 81.751 GC heap before
{Heap before GC invocations=16 (full 5):
 par new generation   total 39296K, used 35000K [0x0000000780000000, 0x0000000782aa0000, 0x00000007aaaa0000)
  eden space 34944K,  90% used [0x0000000780000000, 0x0000000781efe298, 0x0000000782220000)
  from space 4352K,  75% used [0x0000000782220000, 0x0000000782550160, 0x0000000782660000)
  to   space 4352K,   0% used [0x0000000782660000, 0x0000000782660000, 0x0000000782aa0000)
 concurrent mark-sweep generation total 101820K, used 97221K [0x00000007aaaa0000, 0x00000007b0e0f000, 0x0000000800000000)
 Metaspace       used 44842K, capacity 46075K, committed 46332K, reserved 1089536K
  class space    used 5316K, capacity 5839K, committed 5936K, reserved 1048576K
}
Event: 81.755 GC heap after
{Heap after GC invocations=17 (full 5):
 par new generation   total 39296K, used 4079K [0x0000000780000000, 0x0000000782aa0000, 0x00000007aaaa0000)
  eden space 34944K,   0% used [0x0000000780000000, 0x0000000780000000, 0x0000000782220000)
  from space 4352K,  93% used [0x0000000782660000, 0x0000000782a5bd00, 0x0000000782aa0000)
  to   space 4352K,   0% used [0x0000000782220000, 0x0000000782220000, 0x0000000782660000)
 concurrent mark-sweep generation total 108064K, used 103462K [0x00000007aaaa0000, 0x00000007b1428000, 0x0000000800000000)
 Metaspace       used 44842K, capacity 46075K, committed 46332K, reserved 1089536K
  class space    used 5316K, capacity 5839K, committed 5936K, reserved 1048576K
}
Event: 81.840 GC heap before
{Heap before GC invocations=17 (full 5):
 par new generation   total 39296K, used 37016K [0x0000000780000000, 0x0000000782aa0000, 0x00000007aaaa0000)
  eden space 34944K,  94% used [0x0000000780000000, 0x000000078202a448, 0x0000000782220000)
  from space 4352K,  93% used [0x0000000782660000, 0x0000000782a5bd00, 0x0000000782aa0000)
  to   space 4352K,   0% used [0x0000000782220000, 0x0000000782220000, 0x0000000782660000)
 concurrent mark-sweep generation total 171924K, used 103152K [0x00000007aaaa0000, 0x00000007b5285000, 0x0000000800000000)
 Metaspace       used 44993K, capacity 46209K, committed 46588K, reserved 1089536K
  class space    used 5329K, capacity 5840K, committed 5936K, reserved 1048576K
}
Event: 81.844 GC heap after
{Heap after GC invocations=18 (full 5):
 par new generation   total 39296K, used 173K [0x0000000780000000, 0x0000000782aa0000, 0x00000007aaaa0000)
  eden space 34944K,   0% used [0x0000000780000000, 0x0000000780000000, 0x0000000782220000)
  from space 4352K,   3% used [0x0000000782220000, 0x000000078224b470, 0x0000000782660000)
  to   space 4352K,   0% used [0x0000000782660000, 0x0000000782660000, 0x0000000782aa0000)
 concurrent mark-sweep generation total 171924K, used 111289K [0x00000007aaaa0000, 0x00000007b5285000, 0x0000000800000000)
 Metaspace       used 44993K, capacity 46209K, committed 46588K, reserved 1089536K
  class space    used 5329K, capacity 5840K, committed 5936K, reserved 1048576K
}
Event: 82.296 GC heap before
{Heap before GC invocations=18 (full 5):
 par new generation   total 39296K, used 34374K [0x0000000780000000, 0x0000000782aa0000, 0x00000007aaaa0000)
  eden space 34944K,  97% used [0x0000000780000000, 0x0000000782166438, 0x0000000782220000)
  from space 4352K,   3% used [0x0000000782220000, 0x000000078224b470, 0x0000000782660000)
  to   space 4352K,   0% used [0x0000000782660000, 0x0000000782660000, 0x0000000782aa0000)
 concurrent mark-sweep generation total 171924K, used 111289K [0x00000007aaaa0000, 0x00000007b5285000, 0x0000000800000000)
 Metaspace       used 45358K, capacity 46577K, committed 46844K, reserved 1089536K
  class space    used 5368K, capacity 5878K, committed 5936K, reserved 1048576K
}
Event: 82.300 GC heap after
{Heap after GC invocations=19 (full 5):
 par new generation   total 39296K, used 1548K [0x0000000780000000, 0x0000000782aa0000, 0x00000007aaaa0000)
  eden space 34944K,   0% used [0x0000000780000000, 0x0000000780000000, 0x0000000782220000)
  from space 4352K,  35% used [0x0000000782660000, 0x00000007827e32f0, 0x0000000782aa0000)
  to   space 4352K,   0% used [0x0000000782220000, 0x0000000782220000, 0x0000000782660000)
 concurrent mark-sweep generation total 171924K, used 117530K [0x00000007aaaa0000, 0x00000007b5285000, 0x0000000800000000)
 Metaspace       used 45358K, capacity 46577K, committed 46844K, reserved 1089536K
  class space    used 5368K, capacity 5878K, committed 5936K, reserved 1048576K
}
Event: 82.477 GC heap before
{Heap before GC invocations=19 (full 5):
 par new generation   total 39296K, used 31541K [0x0000000780000000, 0x0000000782aa0000, 0x00000007aaaa0000)
  eden space 34944K,  85% used [0x0000000780000000, 0x0000000781d4a1f0, 0x0000000782220000)
  from space 4352K,  35% used [0x0000000782660000, 0x00000007827e32f0, 0x0000000782aa0000)
  to   space 4352K,   0% used [0x0000000782220000, 0x0000000782220000, 0x0000000782660000)
 concurrent mark-sweep generation total 171924K, used 117530K [0x00000007aaaa0000, 0x00000007b5285000, 0x0000000800000000)
 Metaspace       used 46258K, capacity 47525K, committed 47740K, reserved 1091584K
  class space    used 5472K, capacity 6044K, committed 6064K, reserved 1048576K
}
Event: 82.482 GC heap after
{Heap after GC invocations=20 (full 5):
 par new generation   total 39296K, used 4351K [0x0000000780000000, 0x0000000782aa0000, 0x00000007aaaa0000)
  eden space 34944K,   0% used [0x0000000780000000, 0x0000000780000000, 0x0000000782220000)
  from space 4352K,  99% used [0x0000000782220000, 0x000000078265fff8, 0x0000000782660000)
  to   space 4352K,   0% used [0x0000000782660000, 0x0000000782660000, 0x0000000782aa0000)
 concurrent mark-sweep generation total 171924K, used 126875K [0x00000007aaaa0000, 0x00000007b5285000, 0x0000000800000000)
 Metaspace       used 46258K, capacity 47525K, committed 47740K, reserved 1091584K
  class space    used 5472K, capacity 6044K, committed 6064K, reserved 1048576K
}
Event: 82.558 GC heap before
{Heap before GC invocations=20 (full 5):
 par new generation   total 39296K, used 37196K [0x0000000780000000, 0x0000000782aa0000, 0x00000007aaaa0000)
  eden space 34944K,  93% used [0x0000000780000000, 0x0000000782013398, 0x0000000782220000)
  from space 4352K,  99% used [0x0000000782220000, 0x000000078265fff8, 0x0000000782660000)
  to   space 4352K,   0% used [0x0000000782660000, 0x0000000782660000, 0x0000000782aa0000)
 concurrent mark-sweep generation total 171924K, used 133116K [0x00000007aaaa0000, 0x00000007b5285000, 0x0000000800000000)
 Metaspace       used 46418K, capacity 47732K, committed 47996K, reserved 1091584K
  class space    used 5487K, capacity 6049K, committed 6064K, reserved 1048576K
}
Event: 82.563 GC heap after
{Heap after GC invocations=21 (full 5):
 par new generation   total 39296K, used 858K [0x0000000780000000, 0x0000000782aa0000, 0x00000007aaaa0000)
  eden space 34944K,   0% used [0x0000000780000000, 0x0000000780000000, 0x0000000782220000)
  from space 4352K,  19% used [0x0000000782660000, 0x00000007827369a8, 0x0000000782aa0000)
  to   space 4352K,   0% used [0x0000000782220000, 0x0000000782220000, 0x0000000782660000)
 concurrent mark-sweep generation total 171924K, used 143650K [0x00000007aaaa0000, 0x00000007b5285000, 0x0000000800000000)
 Metaspace       used 46418K, capacity 47732K, committed 47996K, reserved 1091584K
  class space    used 5487K, capacity 6049K, committed 6064K, reserved 1048576K
}
Event: 82.710 GC heap before
{Heap before GC invocations=21 (full 6):
 par new generation   total 39296K, used 32584K [0x0000000780000000, 0x0000000782aa0000, 0x00000007aaaa0000)
  eden space 34944K,  90% used [0x0000000780000000, 0x0000000781efb6d0, 0x0000000782220000)
  from space 4352K,  19% used [0x0000000782660000, 0x00000007827369a8, 0x0000000782aa0000)
  to   space 4352K,   0% used [0x0000000782220000, 0x0000000782220000, 0x0000000782660000)
 concurrent mark-sweep generation total 171924K, used 90327K [0x00000007aaaa0000, 0x00000007b5285000, 0x0000000800000000)
 Metaspace       used 46566K, capacity 47869K, committed 48124K, reserved 1091584K
  class space    used 5502K, capacity 6072K, committed 6192K, reserved 1048576K
}
Event: 82.711 GC heap after
{Heap after GC invocations=22 (full 6):
 par new generation   total 39296K, used 1101K [0x0000000780000000, 0x0000000782aa0000, 0x00000007aaaa0000)
  eden space 34944K,   0% used [0x0000000780000000, 0x0000000780000000, 0x0000000782220000)
  from space 4352K,  25% used [0x0000000782220000, 0x0000000782333690, 0x0000000782660000)
  to   space 4352K,   0% used [0x0000000782660000, 0x0000000782660000, 0x0000000782aa0000)
 concurrent mark-sweep generation total 171924K, used 96568K [0x00000007aaaa0000, 0x00000007b5285000, 0x0000000800000000)
 Metaspace       used 46566K, capacity 47869K, committed 48124K, reserved 1091584K
  class space    used 5502K, capacity 6072K, committed 6192K, reserved 1048576K
}
Event: 82.798 GC heap before
{Heap before GC invocations=22 (full 6):
 par new generation   total 39296K, used 30193K [0x0000000780000000, 0x0000000782aa0000, 0x00000007aaaa0000)
  eden space 34944K,  83% used [0x0000000780000000, 0x0000000781c68fb0, 0x0000000782220000)
  from space 4352K,  25% used [0x0000000782220000, 0x0000000782333690, 0x0000000782660000)
  to   space 4352K,   0% used [0x0000000782660000, 0x0000000782660000, 0x0000000782aa0000)
 concurrent mark-sweep generation total 171924K, used 96568K [0x00000007aaaa0000, 0x00000007b5285000, 0x0000000800000000)
 Metaspace       used 46634K, capacity 47934K, committed 48124K, reserved 1091584K
  class space    used 5502K, capacity 6072K, committed 6192K, reserved 1048576K
}
Event: 82.800 GC heap after
{Heap after GC invocations=23 (full 6):
 par new generation   total 39296K, used 1281K [0x0000000780000000, 0x0000000782aa0000, 0x00000007aaaa0000)
  eden space 34944K,   0% used [0x0000000780000000, 0x0000000780000000, 0x0000000782220000)
  from space 4352K,  29% used [0x0000000782660000, 0x00000007827a0798, 0x0000000782aa0000)
  to   space 4352K,   0% used [0x0000000782220000, 0x0000000782220000, 0x0000000782660000)
 concurrent mark-sweep generation total 171924K, used 102809K [0x00000007aaaa0000, 0x00000007b5285000, 0x0000000800000000)
 Metaspace       used 46634K, capacity 47934K, committed 48124K, reserved 1091584K
  class space    used 5502K, capacity 6072K, committed 6192K, reserved 1048576K
}
Event: 82.893 GC heap before
{Heap before GC invocations=23 (full 6):
 par new generation   total 39296K, used 34045K [0x0000000780000000, 0x0000000782aa0000, 0x00000007aaaa0000)
  eden space 34944K,  93% used [0x0000000780000000, 0x0000000781ffef80, 0x0000000782220000)
  from space 4352K,  29% used [0x0000000782660000, 0x00000007827a0798, 0x0000000782aa0000)
  to   space 4352K,   0% used [0x0000000782220000, 0x0000000782220000, 0x0000000782660000)
 concurrent mark-sweep generation total 171924K, used 102809K [0x00000007aaaa0000, 0x00000007b5285000, 0x0000000800000000)
 Metaspace       used 46714K, capacity 48066K, committed 48380K, reserved 1091584K
  class space    used 5502K, capacity 6072K, committed 6192K, reserved 1048576K
}
Event: 82.894 GC heap after
{Heap after GC invocations=24 (full 6):
 par new generation   total 39296K, used 1313K [0x0000000780000000, 0x0000000782aa0000, 0x00000007aaaa0000)
  eden space 34944K,   0% used [0x0000000780000000, 0x0000000780000000, 0x0000000782220000)
  from space 4352K,  30% used [0x0000000782220000, 0x0000000782368588, 0x0000000782660000)
  to   space 4352K,   0% used [0x0000000782660000, 0x0000000782660000, 0x0000000782aa0000)
 concurrent mark-sweep generation total 171924K, used 109050K [0x00000007aaaa0000, 0x00000007b5285000, 0x0000000800000000)
 Metaspace       used 46714K, capacity 48066K, committed 48380K, reserved 1091584K
  class space    used 5502K, capacity 6072K, committed 6192K, reserved 1048576K
}

