# JRE version: OpenJDK Runtime Environment (11.0.5+10) (build 11.0.5+10-LTS)
# Java VM: OpenJDK 64-Bit Server VM (11.0.5+10-LTS, mixed mode, tiered, compressed oops, concurrent mark sweep gc, bsd-amd64)
Heap:
 par new generation   total 39296K, used 5813K [0x0000000780000000, 0x0000000782aa0000, 0x00000007aaaa0000)
  eden space 34944K,   4% used [0x0000000780000000, 0x0000000780177200, 0x0000000782220000)
  from space 4352K,  99% used [0x0000000782220000, 0x0000000782656378, 0x0000000782660000)
  to   space 4352K,   0% used [0x0000000782660000, 0x0000000782660000, 0x0000000782aa0000)
 concurrent mark-sweep generation total 102016K, used 70204K [0x00000007aaaa0000, 0x00000007b0e40000, 0x0000000800000000)
 Metaspace       used 45147K, capacity 46423K, committed 46512K, reserved 1089536K
  class space    used 5343K, capacity 5865K, committed 5912K, reserved 1048576K
GC Heap History (20 events):
Event: 6.567 GC heap before
{Heap before GC invocations=6 (full 3):
 par new generation   total 39296K, used 39296K [0x0000000780000000, 0x0000000782aa0000, 0x00000007aaaa0000)
  eden space 34944K, 100% used [0x0000000780000000, 0x0000000782220000, 0x0000000782220000)
  from space 4352K, 100% used [0x0000000782220000, 0x0000000782660000, 0x0000000782660000)
  to   space 4352K,   0% used [0x0000000782660000, 0x0000000782660000, 0x0000000782aa0000)
 concurrent mark-sweep generation total 101824K, used 80715K [0x00000007aaaa0000, 0x00000007b0e10000, 0x0000000800000000)
 Metaspace       used 25004K, capacity 25616K, committed 26112K, reserved 1073152K
  class space    used 2777K, capacity 2995K, committed 3072K, reserved 1048576K
}
Event: 6.570 GC heap after
{Heap after GC invocations=7 (full 3):
 par new generation   total 39296K, used 4285K [0x0000000780000000, 0x0000000782aa0000, 0x00000007aaaa0000)
  eden space 34944K,   0% used [0x0000000780000000, 0x0000000780000000, 0x0000000782220000)
  from space 4352K,  98% used [0x0000000782660000, 0x0000000782a8f470, 0x0000000782aa0000)
  to   space 4352K,   0% used [0x0000000782220000, 0x0000000782220000, 0x0000000782660000)
 concurrent mark-sweep generation total 101824K, used 87773K [0x00000007aaaa0000, 0x00000007b0e10000, 0x0000000800000000)
 Metaspace       used 25004K, capacity 25616K, committed 26112K, reserved 1073152K
  class space    used 2777K, capacity 2995K, committed 3072K, reserved 1048576K
}
Event: 7.308 GC heap before
{Heap before GC invocations=7 (full 3):
 par new generation   total 39296K, used 39229K [0x0000000780000000, 0x0000000782aa0000, 0x00000007aaaa0000)
  eden space 34944K, 100% used [0x0000000780000000, 0x0000000782220000, 0x0000000782220000)
  from space 4352K,  98% used [0x0000000782660000, 0x0000000782a8f470, 0x0000000782aa0000)
  to   space 4352K,   0% used [0x0000000782220000, 0x0000000782220000, 0x0000000782660000)
 concurrent mark-sweep generation total 101824K, used 54116K [0x00000007aaaa0000, 0x00000007b0e10000, 0x0000000800000000)
 Metaspace       used 25583K, capacity 26203K, committed 26624K, reserved 1073152K
  class space    used 2804K, capacity 3063K, committed 3072K, reserved 1048576K
}
Event: 7.310 GC heap after
{Heap after GC invocations=8 (full 3):
 par new generation   total 39296K, used 544K [0x0000000780000000, 0x0000000782aa0000, 0x00000007aaaa0000)
  eden space 34944K,   0% used [0x0000000780000000, 0x0000000780000000, 0x0000000782220000)
  from space 4352K,  12% used [0x0000000782220000, 0x00000007822a8158, 0x0000000782660000)
  to   space 4352K,   0% used [0x0000000782660000, 0x0000000782660000, 0x0000000782aa0000)
 concurrent mark-sweep generation total 101824K, used 57949K [0x00000007aaaa0000, 0x00000007b0e10000, 0x0000000800000000)
 Metaspace       used 25583K, capacity 26203K, committed 26624K, reserved 1073152K
  class space    used 2804K, capacity 3063K, committed 3072K, reserved 1048576K
}
Event: 7.737 GC heap before
{Heap before GC invocations=8 (full 3):
 par new generation   total 39296K, used 35374K [0x0000000780000000, 0x0000000782aa0000, 0x00000007aaaa0000)
  eden space 34944K,  99% used [0x0000000780000000, 0x00000007822038d8, 0x0000000782220000)
  from space 4352K,  12% used [0x0000000782220000, 0x00000007822a8158, 0x0000000782660000)
  to   space 4352K,   0% used [0x0000000782660000, 0x0000000782660000, 0x0000000782aa0000)
 concurrent mark-sweep generation total 101824K, used 57949K [0x00000007aaaa0000, 0x00000007b0e10000, 0x0000000800000000)
 Metaspace       used 25690K, capacity 26331K, committed 26624K, reserved 1073152K
  class space    used 2804K, capacity 3063K, committed 3072K, reserved 1048576K
}
Event: 7.737 GC heap after
{Heap after GC invocations=9 (full 3):
 par new generation   total 39296K, used 607K [0x0000000780000000, 0x0000000782aa0000, 0x00000007aaaa0000)
  eden space 34944K,   0% used [0x0000000780000000, 0x0000000780000000, 0x0000000782220000)
  from space 4352K,  13% used [0x0000000782660000, 0x00000007826f7f60, 0x0000000782aa0000)
  to   space 4352K,   0% used [0x0000000782220000, 0x0000000782220000, 0x0000000782660000)
 concurrent mark-sweep generation total 101824K, used 57949K [0x00000007aaaa0000, 0x00000007b0e10000, 0x0000000800000000)
 Metaspace       used 25690K, capacity 26331K, committed 26624K, reserved 1073152K
  class space    used 2804K, capacity 3063K, committed 3072K, reserved 1048576K
}
Event: 17.385 GC heap before
{Heap before GC invocations=9 (full 3):
 par new generation   total 39296K, used 35551K [0x0000000780000000, 0x0000000782aa0000, 0x00000007aaaa0000)
  eden space 34944K, 100% used [0x0000000780000000, 0x0000000782220000, 0x0000000782220000)
  from space 4352K,  13% used [0x0000000782660000, 0x00000007826f7f60, 0x0000000782aa0000)
  to   space 4352K,   0% used [0x0000000782220000, 0x0000000782220000, 0x0000000782660000)
 concurrent mark-sweep generation total 101824K, used 57949K [0x00000007aaaa0000, 0x00000007b0e10000, 0x0000000800000000)
 Metaspace       used 31059K, capacity 31821K, committed 32256K, reserved 1077248K
  class space    used 3413K, capacity 3720K, committed 3840K, reserved 1048576K
}
Event: 17.390 GC heap after
{Heap after GC invocations=10 (full 3):
 par new generation   total 39296K, used 3514K [0x0000000780000000, 0x0000000782aa0000, 0x00000007aaaa0000)
  eden space 34944K,   0% used [0x0000000780000000, 0x0000000780000000, 0x0000000782220000)
  from space 4352K,  80% used [0x0000000782220000, 0x000000078258e978, 0x0000000782660000)
  to   space 4352K,   0% used [0x0000000782660000, 0x0000000782660000, 0x0000000782aa0000)
 concurrent mark-sweep generation total 101824K, used 65251K [0x00000007aaaa0000, 0x00000007b0e10000, 0x0000000800000000)
 Metaspace       used 31059K, capacity 31821K, committed 32256K, reserved 1077248K
  class space    used 3413K, capacity 3720K, committed 3840K, reserved 1048576K
}
Event: 17.783 GC heap before
{Heap before GC invocations=10 (full 3):
 par new generation   total 39296K, used 38458K [0x0000000780000000, 0x0000000782aa0000, 0x00000007aaaa0000)
  eden space 34944K, 100% used [0x0000000780000000, 0x0000000782220000, 0x0000000782220000)
  from space 4352K,  80% used [0x0000000782220000, 0x000000078258e978, 0x0000000782660000)
  to   space 4352K,   0% used [0x0000000782660000, 0x0000000782660000, 0x0000000782aa0000)
 concurrent mark-sweep generation total 101824K, used 65251K [0x00000007aaaa0000, 0x00000007b0e10000, 0x0000000800000000)
 Metaspace       used 39009K, capacity 39886K, committed 40192K, reserved 1085440K
  class space    used 4473K, capacity 4827K, committed 4864K, reserved 1048576K
}
Event: 17.788 GC heap after
{Heap after GC invocations=11 (full 3):
 par new generation   total 39296K, used 4352K [0x0000000780000000, 0x0000000782aa0000, 0x00000007aaaa0000)
  eden space 34944K,   0% used [0x0000000780000000, 0x0000000780000000, 0x0000000782220000)
  from space 4352K, 100% used [0x0000000782660000, 0x0000000782aa0000, 0x0000000782aa0000)
  to   space 4352K,   0% used [0x0000000782220000, 0x0000000782220000, 0x0000000782660000)
 concurrent mark-sweep generation total 101824K, used 68347K [0x00000007aaaa0000, 0x00000007b0e10000, 0x0000000800000000)
 Metaspace       used 39009K, capacity 39886K, committed 40192K, reserved 1085440K
  class space    used 4473K, capacity 4827K, committed 4864K, reserved 1048576K
}
Event: 18.115 GC heap before
{Heap before GC invocations=11 (full 3):
 par new generation   total 39296K, used 39296K [0x0000000780000000, 0x0000000782aa0000, 0x00000007aaaa0000)
  eden space 34944K, 100% used [0x0000000780000000, 0x0000000782220000, 0x0000000782220000)
  from space 4352K, 100% used [0x0000000782660000, 0x0000000782aa0000, 0x0000000782aa0000)
  to   space 4352K,   0% used [0x0000000782220000, 0x0000000782220000, 0x0000000782660000)
 concurrent mark-sweep generation total 101824K, used 68347K [0x00000007aaaa0000, 0x00000007b0e10000, 0x0000000800000000)
 Metaspace       used 43275K, capacity 44380K, committed 44696K, reserved 1087488K
  class space    used 5168K, capacity 5637K, committed 5784K, reserved 1048576K
}
Event: 18.118 GC heap after
{Heap after GC invocations=12 (full 3):
 par new generation   total 39296K, used 4347K [0x0000000780000000, 0x0000000782aa0000, 0x00000007aaaa0000)
  eden space 34944K,   0% used [0x0000000780000000, 0x0000000780000000, 0x0000000782220000)
  from space 4352K,  99% used [0x0000000782220000, 0x000000078265efe8, 0x0000000782660000)
  to   space 4352K,   0% used [0x0000000782660000, 0x0000000782660000, 0x0000000782aa0000)
 concurrent mark-sweep generation total 101824K, used 71618K [0x00000007aaaa0000, 0x00000007b0e10000, 0x0000000800000000)
 Metaspace       used 43275K, capacity 44380K, committed 44696K, reserved 1087488K
  class space    used 5168K, capacity 5637K, committed 5784K, reserved 1048576K
}
Event: 18.119 GC heap before
{Heap before GC invocations=12 (full 4):
 par new generation   total 39296K, used 4645K [0x0000000780000000, 0x0000000782aa0000, 0x00000007aaaa0000)
  eden space 34944K,   0% used [0x0000000780000000, 0x000000078004a5e0, 0x0000000782220000)
  from space 4352K,  99% used [0x0000000782220000, 0x000000078265efe8, 0x0000000782660000)
  to   space 4352K,   0% used [0x0000000782660000, 0x0000000782660000, 0x0000000782aa0000)
 concurrent mark-sweep generation total 101824K, used 71618K [0x00000007aaaa0000, 0x00000007b0e10000, 0x0000000800000000)
 Metaspace       used 43275K, capacity 44380K, committed 44696K, reserved 1087488K
  class space    used 5168K, capacity 5637K, committed 5784K, reserved 1048576K
}
Event: 18.121 GC heap after
{Heap after GC invocations=13 (full 4):
 par new generation   total 39296K, used 792K [0x0000000780000000, 0x0000000782aa0000, 0x00000007aaaa0000)
  eden space 34944K,   0% used [0x0000000780000000, 0x0000000780000000, 0x0000000782220000)
  from space 4352K,  18% used [0x0000000782660000, 0x0000000782726270, 0x0000000782aa0000)
  to   space 4352K,   0% used [0x0000000782220000, 0x0000000782220000, 0x0000000782660000)
 concurrent mark-sweep generation total 101824K, used 74555K [0x00000007aaaa0000, 0x00000007b0e10000, 0x0000000800000000)
 Metaspace       used 43275K, capacity 44380K, committed 44696K, reserved 1087488K
  class space    used 5168K, capacity 5637K, committed 5784K, reserved 1048576K
}
Event: 18.341 GC heap before
{Heap before GC invocations=13 (full 4):
 par new generation   total 39296K, used 37272K [0x0000000780000000, 0x0000000782aa0000, 0x00000007aaaa0000)
  eden space 34944K, 100% used [0x0000000780000000, 0x0000000782220000, 0x0000000782220000)
  from space 4352K,  53% used [0x0000000782660000, 0x00000007828a6050, 0x0000000782aa0000)
  to   space 4352K,   0% used [0x0000000782220000, 0x0000000782220000, 0x0000000782660000)
 concurrent mark-sweep generation total 102016K, used 61146K [0x00000007aaaa0000, 0x00000007b0e40000, 0x0000000800000000)
 Metaspace       used 43965K, capacity 45182K, committed 45360K, reserved 1089536K
  class space    used 5244K, capacity 5755K, committed 5784K, reserved 1048576K
}
Event: 18.342 GC heap after
{Heap after GC invocations=14 (full 4):
 par new generation   total 39296K, used 3224K [0x0000000780000000, 0x0000000782aa0000, 0x00000007aaaa0000)
  eden space 34944K,   0% used [0x0000000780000000, 0x0000000780000000, 0x0000000782220000)
  from space 4352K,  74% used [0x0000000782220000, 0x00000007825461f0, 0x0000000782660000)
  to   space 4352K,   0% used [0x0000000782660000, 0x0000000782660000, 0x0000000782aa0000)
 concurrent mark-sweep generation total 102016K, used 61146K [0x00000007aaaa0000, 0x00000007b0e40000, 0x0000000800000000)
 Metaspace       used 43965K, capacity 45182K, committed 45360K, reserved 1089536K
  class space    used 5244K, capacity 5755K, committed 5784K, reserved 1048576K
}
Event: 18.559 GC heap before
{Heap before GC invocations=14 (full 4):
 par new generation   total 39296K, used 37008K [0x0000000780000000, 0x0000000782aa0000, 0x00000007aaaa0000)
  eden space 34944K,  96% used [0x0000000780000000, 0x00000007820fde78, 0x0000000782220000)
  from space 4352K,  74% used [0x0000000782220000, 0x00000007825461f0, 0x0000000782660000)
  to   space 4352K,   0% used [0x0000000782660000, 0x0000000782660000, 0x0000000782aa0000)
 concurrent mark-sweep generation total 102016K, used 61146K [0x00000007aaaa0000, 0x00000007b0e40000, 0x0000000800000000)
 Metaspace       used 44628K, capacity 45848K, committed 46000K, reserved 1089536K
  class space    used 5293K, capacity 5825K, committed 5912K, reserved 1048576K
}
Event: 18.560 GC heap after
{Heap after GC invocations=15 (full 4):
 par new generation   total 39296K, used 4351K [0x0000000780000000, 0x0000000782aa0000, 0x00000007aaaa0000)
  eden space 34944K,   0% used [0x0000000780000000, 0x0000000780000000, 0x0000000782220000)
  from space 4352K,  99% used [0x0000000782660000, 0x0000000782a9fff8, 0x0000000782aa0000)
  to   space 4352K,   0% used [0x0000000782220000, 0x0000000782220000, 0x0000000782660000)
 concurrent mark-sweep generation total 102016K, used 64423K [0x00000007aaaa0000, 0x00000007b0e40000, 0x0000000800000000)
 Metaspace       used 44628K, capacity 45848K, committed 46000K, reserved 1089536K
  class space    used 5293K, capacity 5825K, committed 5912K, reserved 1048576K
}
Event: 19.305 GC heap before
{Heap before GC invocations=15 (full 4):
 par new generation   total 39296K, used 39295K [0x0000000780000000, 0x0000000782aa0000, 0x00000007aaaa0000)
  eden space 34944K, 100% used [0x0000000780000000, 0x0000000782220000, 0x0000000782220000)
  from space 4352K,  99% used [0x0000000782660000, 0x0000000782a9fff8, 0x0000000782aa0000)
  to   space 4352K,   0% used [0x0000000782220000, 0x0000000782220000, 0x0000000782660000)
 concurrent mark-sweep generation total 102016K, used 64423K [0x00000007aaaa0000, 0x00000007b0e40000, 0x0000000800000000)
 Metaspace       used 45136K, capacity 46422K, committed 46512K, reserved 1089536K
  class space    used 5343K, capacity 5865K, committed 5912K, reserved 1048576K
}
Event: 19.307 GC heap after
{Heap after GC invocations=16 (full 4):
 par new generation   total 39296K, used 4312K [0x0000000780000000, 0x0000000782aa0000, 0x00000007aaaa0000)
  eden space 34944K,   0% used [0x0000000780000000, 0x0000000780000000, 0x0000000782220000)
  from space 4352K,  99% used [0x0000000782220000, 0x0000000782656378, 0x0000000782660000)
  to   space 4352K,   0% used [0x0000000782660000, 0x0000000782660000, 0x0000000782aa0000)
 concurrent mark-sweep generation total 102016K, used 70204K [0x00000007aaaa0000, 0x00000007b0e40000, 0x0000000800000000)
 Metaspace       used 45136K, capacity 46422K, committed 46512K, reserved 1089536K
  class space    used 5343K, capacity 5865K, committed 5912K, reserved 1048576K
}

