# JRE version: OpenJDK Runtime Environment (11.0.5+10) (build 11.0.5+10-LTS)
# Java VM: OpenJDK 64-Bit Server VM (11.0.5+10-LTS, mixed mode, tiered, compressed oops, concurrent mark sweep gc, bsd-amd64)
Heap:
 par new generation   total 39296K, used 20181K [0x0000000780000000, 0x0000000782aa0000, 0x00000007aaaa0000)
  eden space 34944K,  55% used [0x0000000780000000, 0x0000000781314ea0, 0x0000000782220000)
  from space 4352K,  14% used [0x0000000782660000, 0x0000000782700830, 0x0000000782aa0000)
  to   space 4352K,   0% used [0x0000000782220000, 0x0000000782220000, 0x0000000782660000)
 concurrent mark-sweep generation total 101808K, used 66603K [0x00000007aaaa0000, 0x00000007b0e0c000, 0x0000000800000000)
 Metaspace       used 47672K, capacity 48991K, committed 49044K, reserved 1091584K
  class space    used 5696K, capacity 6252K, committed 6292K, reserved 1048576K
GC Heap History (20 events):
Event: 6.012 GC heap before
{Heap before GC invocations=5 (full 3):
 par new generation   total 39296K, used 36325K [0x0000000780000000, 0x0000000782aa0000, 0x00000007aaaa0000)
  eden space 34944K,  91% used [0x0000000780000000, 0x0000000781f39628, 0x0000000782220000)
  from space 4352K, 100% used [0x0000000782660000, 0x0000000782aa0000, 0x0000000782aa0000)
  to   space 4352K,   0% used [0x0000000782220000, 0x0000000782220000, 0x0000000782660000)
 concurrent mark-sweep generation total 101808K, used 74821K [0x00000007aaaa0000, 0x00000007b0e0c000, 0x0000000800000000)
 Metaspace       used 25045K, capacity 25593K, committed 25856K, reserved 1073152K
  class space    used 2773K, capacity 2985K, committed 3072K, reserved 1048576K
}
Event: 6.016 GC heap after
{Heap after GC invocations=6 (full 3):
 par new generation   total 39296K, used 4352K [0x0000000780000000, 0x0000000782aa0000, 0x00000007aaaa0000)
  eden space 34944K,   0% used [0x0000000780000000, 0x0000000780000000, 0x0000000782220000)
  from space 4352K, 100% used [0x0000000782220000, 0x0000000782660000, 0x0000000782660000)
  to   space 4352K,   0% used [0x0000000782660000, 0x0000000782660000, 0x0000000782aa0000)
 concurrent mark-sweep generation total 101808K, used 82465K [0x00000007aaaa0000, 0x00000007b0e0c000, 0x0000000800000000)
 Metaspace       used 25045K, capacity 25593K, committed 25856K, reserved 1073152K
  class space    used 2773K, capacity 2985K, committed 3072K, reserved 1048576K
}
Event: 6.158 GC heap before
{Heap before GC invocations=6 (full 3):
 par new generation   total 39296K, used 39296K [0x0000000780000000, 0x0000000782aa0000, 0x00000007aaaa0000)
  eden space 34944K, 100% used [0x0000000780000000, 0x0000000782220000, 0x0000000782220000)
  from space 4352K, 100% used [0x0000000782220000, 0x0000000782660000, 0x0000000782660000)
  to   space 4352K,   0% used [0x0000000782660000, 0x0000000782660000, 0x0000000782aa0000)
 concurrent mark-sweep generation total 101808K, used 82465K [0x00000007aaaa0000, 0x00000007b0e0c000, 0x0000000800000000)
 Metaspace       used 25132K, capacity 25744K, committed 26112K, reserved 1073152K
  class space    used 2778K, capacity 2995K, committed 3072K, reserved 1048576K
}
Event: 6.161 GC heap after
{Heap after GC invocations=7 (full 3):
 par new generation   total 39296K, used 4318K [0x0000000780000000, 0x0000000782aa0000, 0x00000007aaaa0000)
  eden space 34944K,   0% used [0x0000000780000000, 0x0000000780000000, 0x0000000782220000)
  from space 4352K,  99% used [0x0000000782660000, 0x0000000782a97b20, 0x0000000782aa0000)
  to   space 4352K,   0% used [0x0000000782220000, 0x0000000782220000, 0x0000000782660000)
 concurrent mark-sweep generation total 101808K, used 89620K [0x00000007aaaa0000, 0x00000007b0e0c000, 0x0000000800000000)
 Metaspace       used 25132K, capacity 25744K, committed 26112K, reserved 1073152K
  class space    used 2778K, capacity 2995K, committed 3072K, reserved 1048576K
}
Event: 6.903 GC heap before
{Heap before GC invocations=7 (full 3):
 par new generation   total 39296K, used 39201K [0x0000000780000000, 0x0000000782aa0000, 0x00000007aaaa0000)
  eden space 34944K,  99% used [0x0000000780000000, 0x0000000782210ae0, 0x0000000782220000)
  from space 4352K,  99% used [0x0000000782660000, 0x0000000782a97b20, 0x0000000782aa0000)
  to   space 4352K,   0% used [0x0000000782220000, 0x0000000782220000, 0x0000000782660000)
 concurrent mark-sweep generation total 101808K, used 55961K [0x00000007aaaa0000, 0x00000007b0e0c000, 0x0000000800000000)
 Metaspace       used 25702K, capacity 26331K, committed 26624K, reserved 1073152K
  class space    used 2806K, capacity 3063K, committed 3072K, reserved 1048576K
}
Event: 6.905 GC heap after
{Heap after GC invocations=8 (full 3):
 par new generation   total 39296K, used 570K [0x0000000780000000, 0x0000000782aa0000, 0x00000007aaaa0000)
  eden space 34944K,   0% used [0x0000000780000000, 0x0000000780000000, 0x0000000782220000)
  from space 4352K,  13% used [0x0000000782220000, 0x00000007822aeb90, 0x0000000782660000)
  to   space 4352K,   0% used [0x0000000782660000, 0x0000000782660000, 0x0000000782aa0000)
 concurrent mark-sweep generation total 101808K, used 59800K [0x00000007aaaa0000, 0x00000007b0e0c000, 0x0000000800000000)
 Metaspace       used 25702K, capacity 26331K, committed 26624K, reserved 1073152K
  class space    used 2806K, capacity 3063K, committed 3072K, reserved 1048576K
}
Event: 7.338 GC heap before
{Heap before GC invocations=8 (full 3):
 par new generation   total 39296K, used 35494K [0x0000000780000000, 0x0000000782aa0000, 0x00000007aaaa0000)
  eden space 34944K,  99% used [0x0000000780000000, 0x000000078221ac90, 0x0000000782220000)
  from space 4352K,  13% used [0x0000000782220000, 0x00000007822aeb90, 0x0000000782660000)
  to   space 4352K,   0% used [0x0000000782660000, 0x0000000782660000, 0x0000000782aa0000)
 concurrent mark-sweep generation total 101808K, used 59800K [0x00000007aaaa0000, 0x00000007b0e0c000, 0x0000000800000000)
 Metaspace       used 25836K, capacity 26459K, committed 26624K, reserved 1073152K
  class space    used 2806K, capacity 3063K, committed 3072K, reserved 1048576K
}
Event: 7.339 GC heap after
{Heap after GC invocations=9 (full 3):
 par new generation   total 39296K, used 709K [0x0000000780000000, 0x0000000782aa0000, 0x00000007aaaa0000)
  eden space 34944K,   0% used [0x0000000780000000, 0x0000000780000000, 0x0000000782220000)
  from space 4352K,  16% used [0x0000000782660000, 0x0000000782711718, 0x0000000782aa0000)
  to   space 4352K,   0% used [0x0000000782220000, 0x0000000782220000, 0x0000000782660000)
 concurrent mark-sweep generation total 101808K, used 59800K [0x00000007aaaa0000, 0x00000007b0e0c000, 0x0000000800000000)
 Metaspace       used 25836K, capacity 26459K, committed 26624K, reserved 1073152K
  class space    used 2806K, capacity 3063K, committed 3072K, reserved 1048576K
}
Event: 8.035 GC heap before
{Heap before GC invocations=9 (full 3):
 par new generation   total 39296K, used 35653K [0x0000000780000000, 0x0000000782aa0000, 0x00000007aaaa0000)
  eden space 34944K, 100% used [0x0000000780000000, 0x0000000782220000, 0x0000000782220000)
  from space 4352K,  16% used [0x0000000782660000, 0x0000000782711718, 0x0000000782aa0000)
  to   space 4352K,   0% used [0x0000000782220000, 0x0000000782220000, 0x0000000782660000)
 concurrent mark-sweep generation total 101808K, used 59800K [0x00000007aaaa0000, 0x00000007b0e0c000, 0x0000000800000000)
 Metaspace       used 33548K, capacity 34325K, committed 34560K, reserved 1079296K
  class space    used 3775K, capacity 4084K, committed 4096K, reserved 1048576K
}
Event: 8.039 GC heap after
{Heap after GC invocations=10 (full 3):
 par new generation   total 39296K, used 3907K [0x0000000780000000, 0x0000000782aa0000, 0x00000007aaaa0000)
  eden space 34944K,   0% used [0x0000000780000000, 0x0000000780000000, 0x0000000782220000)
  from space 4352K,  89% used [0x0000000782220000, 0x00000007825f0dc8, 0x0000000782660000)
  to   space 4352K,   0% used [0x0000000782660000, 0x0000000782660000, 0x0000000782aa0000)
 concurrent mark-sweep generation total 101808K, used 67103K [0x00000007aaaa0000, 0x00000007b0e0c000, 0x0000000800000000)
 Metaspace       used 33548K, capacity 34325K, committed 34560K, reserved 1079296K
  class space    used 3775K, capacity 4084K, committed 4096K, reserved 1048576K
}
Event: 8.528 GC heap before
{Heap before GC invocations=10 (full 3):
 par new generation   total 39296K, used 38851K [0x0000000780000000, 0x0000000782aa0000, 0x00000007aaaa0000)
  eden space 34944K, 100% used [0x0000000780000000, 0x0000000782220000, 0x0000000782220000)
  from space 4352K,  89% used [0x0000000782220000, 0x00000007825f0dc8, 0x0000000782660000)
  to   space 4352K,   0% used [0x0000000782660000, 0x0000000782660000, 0x0000000782aa0000)
 concurrent mark-sweep generation total 101808K, used 67103K [0x00000007aaaa0000, 0x00000007b0e0c000, 0x0000000800000000)
 Metaspace       used 41292K, capacity 42182K, committed 42368K, reserved 1087488K
  class space    used 4876K, capacity 5188K, committed 5248K, reserved 1048576K
}
Event: 8.532 GC heap after
{Heap after GC invocations=11 (full 3):
 par new generation   total 39296K, used 4352K [0x0000000780000000, 0x0000000782aa0000, 0x00000007aaaa0000)
  eden space 34944K,   0% used [0x0000000780000000, 0x0000000780000000, 0x0000000782220000)
  from space 4352K, 100% used [0x0000000782660000, 0x0000000782aa0000, 0x0000000782aa0000)
  to   space 4352K,   0% used [0x0000000782220000, 0x0000000782220000, 0x0000000782660000)
 concurrent mark-sweep generation total 101808K, used 70603K [0x00000007aaaa0000, 0x00000007b0e0c000, 0x0000000800000000)
 Metaspace       used 41292K, capacity 42182K, committed 42368K, reserved 1087488K
  class space    used 4876K, capacity 5188K, committed 5248K, reserved 1048576K
}
Event: 9.418 GC heap before
{Heap before GC invocations=11 (full 3):
 par new generation   total 39296K, used 39296K [0x0000000780000000, 0x0000000782aa0000, 0x00000007aaaa0000)
  eden space 34944K, 100% used [0x0000000780000000, 0x0000000782220000, 0x0000000782220000)
  from space 4352K, 100% used [0x0000000782660000, 0x0000000782aa0000, 0x0000000782aa0000)
  to   space 4352K,   0% used [0x0000000782220000, 0x0000000782220000, 0x0000000782660000)
 concurrent mark-sweep generation total 101808K, used 70888K [0x00000007aaaa0000, 0x00000007b0e0c000, 0x0000000800000000)
 Metaspace       used 45631K, capacity 46768K, committed 47124K, reserved 1089536K
  class space    used 5513K, capacity 6027K, committed 6164K, reserved 1048576K
}
Event: 9.421 GC heap after
{Heap after GC invocations=12 (full 3):
 par new generation   total 39296K, used 3710K [0x0000000780000000, 0x0000000782aa0000, 0x00000007aaaa0000)
  eden space 34944K,   0% used [0x0000000780000000, 0x0000000780000000, 0x0000000782220000)
  from space 4352K,  85% used [0x0000000782220000, 0x00000007825bf960, 0x0000000782660000)
  to   space 4352K,   0% used [0x0000000782660000, 0x0000000782660000, 0x0000000782aa0000)
 concurrent mark-sweep generation total 101808K, used 74775K [0x00000007aaaa0000, 0x00000007b0e0c000, 0x0000000800000000)
 Metaspace       used 45631K, capacity 46768K, committed 47124K, reserved 1089536K
  class space    used 5513K, capacity 6027K, committed 6164K, reserved 1048576K
}
Event: 10.259 GC heap before
{Heap before GC invocations=12 (full 4):
 par new generation   total 39296K, used 38936K [0x0000000780000000, 0x0000000782aa0000, 0x00000007aaaa0000)
  eden space 34944K, 100% used [0x0000000780000000, 0x0000000782220000, 0x0000000782220000)
  from space 4352K,  91% used [0x0000000782220000, 0x0000000782606328, 0x0000000782660000)
  to   space 4352K,   0% used [0x0000000782660000, 0x0000000782660000, 0x0000000782aa0000)
 concurrent mark-sweep generation total 101808K, used 59230K [0x00000007aaaa0000, 0x00000007b0e0c000, 0x0000000800000000)
 Metaspace       used 46741K, capacity 47965K, committed 48148K, reserved 1091584K
  class space    used 5624K, capacity 6148K, committed 6164K, reserved 1048576K
}
Event: 10.262 GC heap after
{Heap after GC invocations=13 (full 4):
 par new generation   total 39296K, used 4352K [0x0000000780000000, 0x0000000782aa0000, 0x00000007aaaa0000)
  eden space 34944K,   0% used [0x0000000780000000, 0x0000000780000000, 0x0000000782220000)
  from space 4352K, 100% used [0x0000000782660000, 0x0000000782aa0000, 0x0000000782aa0000)
  to   space 4352K,   0% used [0x0000000782220000, 0x0000000782220000, 0x0000000782660000)
 concurrent mark-sweep generation total 101808K, used 59946K [0x00000007aaaa0000, 0x00000007b0e0c000, 0x0000000800000000)
 Metaspace       used 46741K, capacity 47965K, committed 48148K, reserved 1091584K
  class space    used 5624K, capacity 6148K, committed 6164K, reserved 1048576K
}
Event: 12.485 GC heap before
{Heap before GC invocations=13 (full 4):
 par new generation   total 39296K, used 39296K [0x0000000780000000, 0x0000000782aa0000, 0x00000007aaaa0000)
  eden space 34944K, 100% used [0x0000000780000000, 0x0000000782220000, 0x0000000782220000)
  from space 4352K, 100% used [0x0000000782660000, 0x0000000782aa0000, 0x0000000782aa0000)
  to   space 4352K,   0% used [0x0000000782220000, 0x0000000782220000, 0x0000000782660000)
 concurrent mark-sweep generation total 101808K, used 60231K [0x00000007aaaa0000, 0x00000007b0e0c000, 0x0000000800000000)
 Metaspace       used 47333K, capacity 48503K, committed 48660K, reserved 1091584K
  class space    used 5656K, capacity 6155K, committed 6164K, reserved 1048576K
}
Event: 12.487 GC heap after
{Heap after GC invocations=14 (full 4):
 par new generation   total 39296K, used 3878K [0x0000000780000000, 0x0000000782aa0000, 0x00000007aaaa0000)
  eden space 34944K,   0% used [0x0000000780000000, 0x0000000780000000, 0x0000000782220000)
  from space 4352K,  89% used [0x0000000782220000, 0x00000007825e9838, 0x0000000782660000)
  to   space 4352K,   0% used [0x0000000782660000, 0x0000000782660000, 0x0000000782aa0000)
 concurrent mark-sweep generation total 101808K, used 64101K [0x00000007aaaa0000, 0x00000007b0e0c000, 0x0000000800000000)
 Metaspace       used 47333K, capacity 48503K, committed 48660K, reserved 1091584K
  class space    used 5656K, capacity 6155K, committed 6164K, reserved 1048576K
}
Event: 12.488 GC heap before
{Heap before GC invocations=14 (full 4):
 par new generation   total 39296K, used 4089K [0x0000000780000000, 0x0000000782aa0000, 0x00000007aaaa0000)
  eden space 34944K,   0% used [0x0000000780000000, 0x0000000780034f70, 0x0000000782220000)
  from space 4352K,  89% used [0x0000000782220000, 0x00000007825e9838, 0x0000000782660000)
  to   space 4352K,   0% used [0x0000000782660000, 0x0000000782660000, 0x0000000782aa0000)
 concurrent mark-sweep generation total 101808K, used 64101K [0x00000007aaaa0000, 0x00000007b0e0c000, 0x0000000800000000)
 Metaspace       used 47333K, capacity 48503K, committed 48660K, reserved 1091584K
  class space    used 5656K, capacity 6155K, committed 6164K, reserved 1048576K
}
Event: 12.488 GC heap after
{Heap after GC invocations=15 (full 4):
 par new generation   total 39296K, used 642K [0x0000000780000000, 0x0000000782aa0000, 0x00000007aaaa0000)
  eden space 34944K,   0% used [0x0000000780000000, 0x0000000780000000, 0x0000000782220000)
  from space 4352K,  14% used [0x0000000782660000, 0x0000000782700830, 0x0000000782aa0000)
  to   space 4352K,   0% used [0x0000000782220000, 0x0000000782220000, 0x0000000782660000)
 concurrent mark-sweep generation total 101808K, used 66603K [0x00000007aaaa0000, 0x00000007b0e0c000, 0x0000000800000000)
 Metaspace       used 47333K, capacity 48503K, committed 48660K, reserved 1091584K
  class space    used 5656K, capacity 6155K, committed 6164K, reserved 1048576K
}

