# JRE version: OpenJDK Runtime Environment (11.0.5+10) (build 11.0.5+10-LTS)
# Java VM: OpenJDK 64-Bit Server VM (11.0.5+10-LTS, mixed mode, tiered, compressed oops, concurrent mark sweep gc, bsd-amd64)
Heap:
 par new generation   total 39296K, used 35597K [0x0000000780000000, 0x0000000782aa0000, 0x00000007aaaa0000)
  eden space 34944K,  89% used [0x0000000780000000, 0x0000000781e83678, 0x0000000782220000)
  from space 4352K, 100% used [0x0000000782660000, 0x0000000782aa0000, 0x0000000782aa0000)
  to   space 4352K,   0% used [0x0000000782220000, 0x0000000782220000, 0x0000000782660000)
 concurrent mark-sweep generation total 103480K, used 67075K [0x00000007aaaa0000, 0x00000007b0fae000, 0x0000000800000000)
 Metaspace       used 45210K, capacity 46490K, committed 46752K, reserved 1089536K
  class space    used 5325K, capacity 5866K, committed 5888K, reserved 1048576K
GC Heap History (20 events):
Event: 6.840 GC heap before
{Heap before GC invocations=5 (full 3):
 par new generation   total 39296K, used 39296K [0x0000000780000000, 0x0000000782aa0000, 0x00000007aaaa0000)
  eden space 34944K, 100% used [0x0000000780000000, 0x0000000782220000, 0x0000000782220000)
  from space 4352K, 100% used [0x0000000782660000, 0x0000000782aa0000, 0x0000000782aa0000)
  to   space 4352K,   0% used [0x0000000782220000, 0x0000000782220000, 0x0000000782660000)
 concurrent mark-sweep generation total 101816K, used 76823K [0x00000007aaaa0000, 0x00000007b0e0e000, 0x0000000800000000)
 Metaspace       used 24667K, capacity 25238K, committed 25600K, reserved 1071104K
  class space    used 2732K, capacity 2952K, committed 3072K, reserved 1048576K
}
Event: 6.844 GC heap after
{Heap after GC invocations=6 (full 3):
 par new generation   total 39296K, used 4325K [0x0000000780000000, 0x0000000782aa0000, 0x00000007aaaa0000)
  eden space 34944K,   0% used [0x0000000780000000, 0x0000000780000000, 0x0000000782220000)
  from space 4352K,  99% used [0x0000000782220000, 0x0000000782659610, 0x0000000782660000)
  to   space 4352K,   0% used [0x0000000782660000, 0x0000000782660000, 0x0000000782aa0000)
 concurrent mark-sweep generation total 101816K, used 85493K [0x00000007aaaa0000, 0x00000007b0e0e000, 0x0000000800000000)
 Metaspace       used 24667K, capacity 25238K, committed 25600K, reserved 1071104K
  class space    used 2732K, capacity 2952K, committed 3072K, reserved 1048576K
}
Event: 7.321 GC heap before
{Heap before GC invocations=6 (full 3):
 par new generation   total 39296K, used 39269K [0x0000000780000000, 0x0000000782aa0000, 0x00000007aaaa0000)
  eden space 34944K, 100% used [0x0000000780000000, 0x0000000782220000, 0x0000000782220000)
  from space 4352K,  99% used [0x0000000782220000, 0x0000000782659610, 0x0000000782660000)
  to   space 4352K,   0% used [0x0000000782660000, 0x0000000782660000, 0x0000000782aa0000)
 concurrent mark-sweep generation total 101816K, used 51836K [0x00000007aaaa0000, 0x00000007b0e0e000, 0x0000000800000000)
 Metaspace       used 25116K, capacity 25752K, committed 26112K, reserved 1073152K
  class space    used 2765K, capacity 2998K, committed 3072K, reserved 1048576K
}
Event: 7.324 GC heap after
{Heap after GC invocations=7 (full 3):
 par new generation   total 39296K, used 4349K [0x0000000780000000, 0x0000000782aa0000, 0x00000007aaaa0000)
  eden space 34944K,   0% used [0x0000000780000000, 0x0000000780000000, 0x0000000782220000)
  from space 4352K,  99% used [0x0000000782660000, 0x0000000782a9f7d0, 0x0000000782aa0000)
  to   space 4352K,   0% used [0x0000000782220000, 0x0000000782220000, 0x0000000782660000)
 concurrent mark-sweep generation total 101816K, used 58087K [0x00000007aaaa0000, 0x00000007b0e0e000, 0x0000000800000000)
 Metaspace       used 25116K, capacity 25752K, committed 26112K, reserved 1073152K
  class space    used 2765K, capacity 2998K, committed 3072K, reserved 1048576K
}
Event: 7.797 GC heap before
{Heap before GC invocations=7 (full 3):
 par new generation   total 39296K, used 39286K [0x0000000780000000, 0x0000000782aa0000, 0x00000007aaaa0000)
  eden space 34944K,  99% used [0x0000000780000000, 0x000000078221e1b8, 0x0000000782220000)
  from space 4352K,  99% used [0x0000000782660000, 0x0000000782a9f7d0, 0x0000000782aa0000)
  to   space 4352K,   0% used [0x0000000782220000, 0x0000000782220000, 0x0000000782660000)
 concurrent mark-sweep generation total 101816K, used 58087K [0x00000007aaaa0000, 0x00000007b0e0e000, 0x0000000800000000)
 Metaspace       used 25317K, capacity 25944K, committed 26368K, reserved 1073152K
  class space    used 2765K, capacity 2998K, committed 3072K, reserved 1048576K
}
Event: 7.799 GC heap after
{Heap after GC invocations=8 (full 3):
 par new generation   total 39296K, used 458K [0x0000000780000000, 0x0000000782aa0000, 0x00000007aaaa0000)
  eden space 34944K,   0% used [0x0000000780000000, 0x0000000780000000, 0x0000000782220000)
  from space 4352K,  10% used [0x0000000782220000, 0x0000000782292920, 0x0000000782660000)
  to   space 4352K,   0% used [0x0000000782660000, 0x0000000782660000, 0x0000000782aa0000)
 concurrent mark-sweep generation total 101816K, used 62201K [0x00000007aaaa0000, 0x00000007b0e0e000, 0x0000000800000000)
 Metaspace       used 25317K, capacity 25944K, committed 26368K, reserved 1073152K
  class space    used 2765K, capacity 2998K, committed 3072K, reserved 1048576K
}
Event: 8.252 GC heap before
{Heap before GC invocations=8 (full 3):
 par new generation   total 39296K, used 35314K [0x0000000780000000, 0x0000000782aa0000, 0x00000007aaaa0000)
  eden space 34944K,  99% used [0x0000000780000000, 0x000000078220a048, 0x0000000782220000)
  from space 4352K,  10% used [0x0000000782220000, 0x0000000782292920, 0x0000000782660000)
  to   space 4352K,   0% used [0x0000000782660000, 0x0000000782660000, 0x0000000782aa0000)
 concurrent mark-sweep generation total 101816K, used 62201K [0x00000007aaaa0000, 0x00000007b0e0e000, 0x0000000800000000)
 Metaspace       used 25404K, capacity 26008K, committed 26368K, reserved 1073152K
  class space    used 2765K, capacity 2998K, committed 3072K, reserved 1048576K
}
Event: 8.252 GC heap after
{Heap after GC invocations=9 (full 3):
 par new generation   total 39296K, used 123K [0x0000000780000000, 0x0000000782aa0000, 0x00000007aaaa0000)
  eden space 34944K,   0% used [0x0000000780000000, 0x0000000780000000, 0x0000000782220000)
  from space 4352K,   2% used [0x0000000782660000, 0x000000078267ef00, 0x0000000782aa0000)
  to   space 4352K,   0% used [0x0000000782220000, 0x0000000782220000, 0x0000000782660000)
 concurrent mark-sweep generation total 101816K, used 62201K [0x00000007aaaa0000, 0x00000007b0e0e000, 0x0000000800000000)
 Metaspace       used 25404K, capacity 26008K, committed 26368K, reserved 1073152K
  class space    used 2765K, capacity 2998K, committed 3072K, reserved 1048576K
}
Event: 36.645 GC heap before
{Heap before GC invocations=9 (full 3):
 par new generation   total 39296K, used 35067K [0x0000000780000000, 0x0000000782aa0000, 0x00000007aaaa0000)
  eden space 34944K, 100% used [0x0000000780000000, 0x0000000782220000, 0x0000000782220000)
  from space 4352K,   2% used [0x0000000782660000, 0x000000078267ef00, 0x0000000782aa0000)
  to   space 4352K,   0% used [0x0000000782220000, 0x0000000782220000, 0x0000000782660000)
 concurrent mark-sweep generation total 101816K, used 62201K [0x00000007aaaa0000, 0x00000007b0e0e000, 0x0000000800000000)
 Metaspace       used 30891K, capacity 31724K, committed 31872K, reserved 1077248K
  class space    used 3364K, capacity 3688K, committed 3712K, reserved 1048576K
}
Event: 36.647 GC heap after
{Heap after GC invocations=10 (full 3):
 par new generation   total 39296K, used 3152K [0x0000000780000000, 0x0000000782aa0000, 0x00000007aaaa0000)
  eden space 34944K,   0% used [0x0000000780000000, 0x0000000780000000, 0x0000000782220000)
  from space 4352K,  72% used [0x0000000782220000, 0x00000007825342a8, 0x0000000782660000)
  to   space 4352K,   0% used [0x0000000782660000, 0x0000000782660000, 0x0000000782aa0000)
 concurrent mark-sweep generation total 101816K, used 69503K [0x00000007aaaa0000, 0x00000007b0e0e000, 0x0000000800000000)
 Metaspace       used 30891K, capacity 31724K, committed 31872K, reserved 1077248K
  class space    used 3364K, capacity 3688K, committed 3712K, reserved 1048576K
}
Event: 37.060 GC heap before
{Heap before GC invocations=10 (full 3):
 par new generation   total 39296K, used 38096K [0x0000000780000000, 0x0000000782aa0000, 0x00000007aaaa0000)
  eden space 34944K, 100% used [0x0000000780000000, 0x0000000782220000, 0x0000000782220000)
  from space 4352K,  72% used [0x0000000782220000, 0x00000007825342a8, 0x0000000782660000)
  to   space 4352K,   0% used [0x0000000782660000, 0x0000000782660000, 0x0000000782aa0000)
 concurrent mark-sweep generation total 101816K, used 69503K [0x00000007aaaa0000, 0x00000007b0e0e000, 0x0000000800000000)
 Metaspace       used 39379K, capacity 40272K, committed 40448K, reserved 1085440K
  class space    used 4489K, capacity 4828K, committed 4864K, reserved 1048576K
}
Event: 37.065 GC heap after
{Heap after GC invocations=11 (full 3):
 par new generation   total 39296K, used 4352K [0x0000000780000000, 0x0000000782aa0000, 0x00000007aaaa0000)
  eden space 34944K,   0% used [0x0000000780000000, 0x0000000780000000, 0x0000000782220000)
  from space 4352K, 100% used [0x0000000782660000, 0x0000000782aa0000, 0x0000000782aa0000)
  to   space 4352K,   0% used [0x0000000782220000, 0x0000000782220000, 0x0000000782660000)
 concurrent mark-sweep generation total 101816K, used 72045K [0x00000007aaaa0000, 0x00000007b0e0e000, 0x0000000800000000)
 Metaspace       used 39379K, capacity 40272K, committed 40448K, reserved 1085440K
  class space    used 4489K, capacity 4828K, committed 4864K, reserved 1048576K
}
Event: 37.423 GC heap before
{Heap before GC invocations=11 (full 3):
 par new generation   total 39296K, used 39296K [0x0000000780000000, 0x0000000782aa0000, 0x00000007aaaa0000)
  eden space 34944K, 100% used [0x0000000780000000, 0x0000000782220000, 0x0000000782220000)
  from space 4352K, 100% used [0x0000000782660000, 0x0000000782aa0000, 0x0000000782aa0000)
  to   space 4352K,   0% used [0x0000000782220000, 0x0000000782220000, 0x0000000782660000)
 concurrent mark-sweep generation total 101816K, used 72618K [0x00000007aaaa0000, 0x00000007b0e0e000, 0x0000000800000000)
 Metaspace       used 43410K, capacity 44478K, committed 44544K, reserved 1087488K
  class space    used 5150K, capacity 5606K, committed 5632K, reserved 1048576K
}
Event: 37.427 GC heap after
{Heap after GC invocations=12 (full 3):
 par new generation   total 39296K, used 4352K [0x0000000780000000, 0x0000000782aa0000, 0x00000007aaaa0000)
  eden space 34944K,   0% used [0x0000000780000000, 0x0000000780000000, 0x0000000782220000)
  from space 4352K, 100% used [0x0000000782220000, 0x0000000782660000, 0x0000000782660000)
  to   space 4352K,   0% used [0x0000000782660000, 0x0000000782660000, 0x0000000782aa0000)
 concurrent mark-sweep generation total 101816K, used 76616K [0x00000007aaaa0000, 0x00000007b0e0e000, 0x0000000800000000)
 Metaspace       used 43410K, capacity 44478K, committed 44544K, reserved 1087488K
  class space    used 5150K, capacity 5606K, committed 5632K, reserved 1048576K
}
Event: 37.620 GC heap before
{Heap before GC invocations=12 (full 4):
 par new generation   total 39296K, used 39296K [0x0000000780000000, 0x0000000782aa0000, 0x00000007aaaa0000)
  eden space 34944K, 100% used [0x0000000780000000, 0x0000000782220000, 0x0000000782220000)
  from space 4352K, 100% used [0x0000000782220000, 0x0000000782660000, 0x0000000782660000)
  to   space 4352K,   0% used [0x0000000782660000, 0x0000000782660000, 0x0000000782aa0000)
 concurrent mark-sweep generation total 101816K, used 76953K [0x00000007aaaa0000, 0x00000007b0e0e000, 0x0000000800000000)
 Metaspace       used 44039K, capacity 45242K, committed 45344K, reserved 1089536K
  class space    used 5226K, capacity 5755K, committed 5760K, reserved 1048576K
}
Event: 37.624 GC heap after
{Heap after GC invocations=13 (full 4):
 par new generation   total 39296K, used 2865K [0x0000000780000000, 0x0000000782aa0000, 0x00000007aaaa0000)
  eden space 34944K,   0% used [0x0000000780000000, 0x0000000780000000, 0x0000000782220000)
  from space 4352K,  65% used [0x0000000782660000, 0x000000078292c400, 0x0000000782aa0000)
  to   space 4352K,   0% used [0x0000000782220000, 0x0000000782220000, 0x0000000782660000)
 concurrent mark-sweep generation total 101816K, used 79799K [0x00000007aaaa0000, 0x00000007b0e0e000, 0x0000000800000000)
 Metaspace       used 44039K, capacity 45242K, committed 45344K, reserved 1089536K
  class space    used 5226K, capacity 5755K, committed 5760K, reserved 1048576K
}
Event: 37.624 GC heap before
{Heap before GC invocations=13 (full 4):
 par new generation   total 39296K, used 3018K [0x0000000780000000, 0x0000000782aa0000, 0x00000007aaaa0000)
  eden space 34944K,   0% used [0x0000000780000000, 0x0000000780026708, 0x0000000782220000)
  from space 4352K,  65% used [0x0000000782660000, 0x000000078292c400, 0x0000000782aa0000)
  to   space 4352K,   0% used [0x0000000782220000, 0x0000000782220000, 0x0000000782660000)
 concurrent mark-sweep generation total 101816K, used 79799K [0x00000007aaaa0000, 0x00000007b0e0e000, 0x0000000800000000)
 Metaspace       used 44039K, capacity 45242K, committed 45344K, reserved 1089536K
  class space    used 5226K, capacity 5755K, committed 5760K, reserved 1048576K
}
Event: 37.626 GC heap after
{Heap after GC invocations=14 (full 4):
 par new generation   total 39296K, used 2363K [0x0000000780000000, 0x0000000782aa0000, 0x00000007aaaa0000)
  eden space 34944K,   0% used [0x0000000780000000, 0x0000000780000000, 0x0000000782220000)
  from space 4352K,  54% used [0x0000000782220000, 0x000000078246eed8, 0x0000000782660000)
  to   space 4352K,   0% used [0x0000000782660000, 0x0000000782660000, 0x0000000782aa0000)
 concurrent mark-sweep generation total 101816K, used 79799K [0x00000007aaaa0000, 0x00000007b0e0e000, 0x0000000800000000)
 Metaspace       used 44039K, capacity 45242K, committed 45344K, reserved 1089536K
  class space    used 5226K, capacity 5755K, committed 5760K, reserved 1048576K
}
Event: 38.342 GC heap before
{Heap before GC invocations=14 (full 4):
 par new generation   total 39296K, used 37950K [0x0000000780000000, 0x0000000782aa0000, 0x00000007aaaa0000)
  eden space 34944K, 100% used [0x0000000780000000, 0x0000000782220000, 0x0000000782220000)
  from space 4352K,  69% used [0x0000000782220000, 0x000000078250fbc8, 0x0000000782660000)
  to   space 4352K,   0% used [0x0000000782660000, 0x0000000782660000, 0x0000000782aa0000)
 concurrent mark-sweep generation total 103480K, used 62086K [0x00000007aaaa0000, 0x00000007b0fae000, 0x0000000800000000)
 Metaspace       used 44798K, capacity 46025K, committed 46240K, reserved 1089536K
  class space    used 5285K, capacity 5800K, committed 5888K, reserved 1048576K
}
Event: 38.345 GC heap after
{Heap after GC invocations=15 (full 4):
 par new generation   total 39296K, used 4352K [0x0000000780000000, 0x0000000782aa0000, 0x00000007aaaa0000)
  eden space 34944K,   0% used [0x0000000780000000, 0x0000000780000000, 0x0000000782220000)
  from space 4352K, 100% used [0x0000000782660000, 0x0000000782aa0000, 0x0000000782aa0000)
  to   space 4352K,   0% used [0x0000000782220000, 0x0000000782220000, 0x0000000782660000)
 concurrent mark-sweep generation total 103480K, used 67075K [0x00000007aaaa0000, 0x00000007b0fae000, 0x0000000800000000)
 Metaspace       used 44798K, capacity 46025K, committed 46240K, reserved 1089536K
  class space    used 5285K, capacity 5800K, committed 5888K, reserved 1048576K
}

