# JRE version: OpenJDK Runtime Environment (11.0.5+10) (build 11.0.5+10-LTS)
# Java VM: OpenJDK 64-Bit Server VM (11.0.5+10-LTS, mixed mode, tiered, compressed oops, concurrent mark sweep gc, bsd-amd64)
Heap:
 par new generation   total 39296K, used 28493K [0x0000000780000000, 0x0000000782aa0000, 0x00000007aaaa0000)
  eden space 34944K,  69% used [0x0000000780000000, 0x0000000781793520, 0x0000000782220000)
  from space 4352K, 100% used [0x0000000782220000, 0x0000000782660000, 0x0000000782660000)
  to   space 4352K,   0% used [0x0000000782660000, 0x0000000782660000, 0x0000000782aa0000)
 concurrent mark-sweep generation total 126008K, used 85296K [0x00000007aaaa0000, 0x00000007b25ae000, 0x0000000800000000)
 Metaspace       used 44302K, capacity 45592K, committed 45684K, reserved 1089536K
  class space    used 5263K, capacity 5801K, committed 5804K, reserved 1048576K
GC Heap History (20 events):
Event: 2.131 GC heap before
{Heap before GC invocations=2 (full 0):
 par new generation   total 39296K, used 37746K [0x0000000780000000, 0x0000000782aa0000, 0x00000007aaaa0000)
  eden space 34944K, 100% used [0x0000000780000000, 0x0000000782220000, 0x0000000782220000)
  from space 4352K,  64% used [0x0000000782220000, 0x00000007824dc880, 0x0000000782660000)
  to   space 4352K,   0% used [0x0000000782660000, 0x0000000782660000, 0x0000000782aa0000)
 concurrent mark-sweep generation total 87424K, used 27490K [0x00000007aaaa0000, 0x00000007b0000000, 0x0000000800000000)
 Metaspace       used 17947K, capacity 18471K, committed 18816K, reserved 1067008K
  class space    used 1932K, capacity 2094K, committed 2176K, reserved 1048576K
}
Event: 2.139 GC heap after
{Heap after GC invocations=3 (full 0):
 par new generation   total 39296K, used 706K [0x0000000780000000, 0x0000000782aa0000, 0x00000007aaaa0000)
  eden space 34944K,   0% used [0x0000000780000000, 0x0000000780000000, 0x0000000782220000)
  from space 4352K,  16% used [0x0000000782660000, 0x0000000782710b80, 0x0000000782aa0000)
  to   space 4352K,   0% used [0x0000000782220000, 0x0000000782220000, 0x0000000782660000)
 concurrent mark-sweep generation total 87424K, used 49915K [0x00000007aaaa0000, 0x00000007b0000000, 0x0000000800000000)
 Metaspace       used 17947K, capacity 18471K, committed 18816K, reserved 1067008K
  class space    used 1932K, capacity 2094K, committed 2176K, reserved 1048576K
}
Event: 2.630 GC heap before
{Heap before GC invocations=3 (full 1):
 par new generation   total 39296K, used 24621K [0x0000000780000000, 0x0000000782aa0000, 0x00000007aaaa0000)
  eden space 34944K,  68% used [0x0000000780000000, 0x000000078175aa08, 0x0000000782220000)
  from space 4352K,  16% used [0x0000000782660000, 0x0000000782710b80, 0x0000000782aa0000)
  to   space 4352K,   0% used [0x0000000782220000, 0x0000000782220000, 0x0000000782660000)
 concurrent mark-sweep generation total 87424K, used 49882K [0x00000007aaaa0000, 0x00000007b0000000, 0x0000000800000000)
 Metaspace       used 17957K, capacity 18471K, committed 18816K, reserved 1067008K
  class space    used 1932K, capacity 2094K, committed 2176K, reserved 1048576K
}
Event: 2.631 GC heap after
{Heap after GC invocations=4 (full 1):
 par new generation   total 39296K, used 725K [0x0000000780000000, 0x0000000782aa0000, 0x00000007aaaa0000)
  eden space 34944K,   0% used [0x0000000780000000, 0x0000000780000000, 0x0000000782220000)
  from space 4352K,  16% used [0x0000000782220000, 0x00000007822d5610, 0x0000000782660000)
  to   space 4352K,   0% used [0x0000000782660000, 0x0000000782660000, 0x0000000782aa0000)
 concurrent mark-sweep generation total 87424K, used 49882K [0x00000007aaaa0000, 0x00000007b0000000, 0x0000000800000000)
 Metaspace       used 17957K, capacity 18471K, committed 18816K, reserved 1067008K
  class space    used 1932K, capacity 2094K, committed 2176K, reserved 1048576K
}
Event: 3.138 GC heap before
{Heap before GC invocations=4 (full 1):
 par new generation   total 39296K, used 26462K [0x0000000780000000, 0x0000000782aa0000, 0x00000007aaaa0000)
  eden space 34944K,  73% used [0x0000000780000000, 0x0000000781922310, 0x0000000782220000)
  from space 4352K,  16% used [0x0000000782220000, 0x00000007822d5610, 0x0000000782660000)
  to   space 4352K,   0% used [0x0000000782660000, 0x0000000782660000, 0x0000000782aa0000)
 concurrent mark-sweep generation total 87424K, used 49882K [0x00000007aaaa0000, 0x00000007b0000000, 0x0000000800000000)
 Metaspace       used 22079K, capacity 22666K, committed 22912K, reserved 1069056K
  class space    used 2422K, capacity 2628K, committed 2688K, reserved 1048576K
}
Event: 3.141 GC heap after
{Heap after GC invocations=5 (full 1):
 par new generation   total 39296K, used 4352K [0x0000000780000000, 0x0000000782aa0000, 0x00000007aaaa0000)
  eden space 34944K,   0% used [0x0000000780000000, 0x0000000780000000, 0x0000000782220000)
  from space 4352K, 100% used [0x0000000782660000, 0x0000000782aa0000, 0x0000000782aa0000)
  to   space 4352K,   0% used [0x0000000782220000, 0x0000000782220000, 0x0000000782660000)
 concurrent mark-sweep generation total 87424K, used 54668K [0x00000007aaaa0000, 0x00000007b0000000, 0x0000000800000000)
 Metaspace       used 22079K, capacity 22666K, committed 22912K, reserved 1069056K
  class space    used 2422K, capacity 2628K, committed 2688K, reserved 1048576K
}
Event: 6.059 GC heap before
{Heap before GC invocations=5 (full 1):
 par new generation   total 39296K, used 39192K [0x0000000780000000, 0x0000000782aa0000, 0x00000007aaaa0000)
  eden space 34944K,  99% used [0x0000000780000000, 0x0000000782206388, 0x0000000782220000)
  from space 4352K, 100% used [0x0000000782660000, 0x0000000782aa0000, 0x0000000782aa0000)
  to   space 4352K,   0% used [0x0000000782220000, 0x0000000782220000, 0x0000000782660000)
 concurrent mark-sweep generation total 87424K, used 54668K [0x00000007aaaa0000, 0x00000007b0000000, 0x0000000800000000)
 Metaspace       used 23426K, capacity 24017K, committed 24320K, reserved 1071104K
  class space    used 2498K, capacity 2694K, committed 2816K, reserved 1048576K
}
Event: 6.062 GC heap after
{Heap after GC invocations=6 (full 1):
 par new generation   total 39296K, used 4337K [0x0000000780000000, 0x0000000782aa0000, 0x00000007aaaa0000)
  eden space 34944K,   0% used [0x0000000780000000, 0x0000000780000000, 0x0000000782220000)
  from space 4352K,  99% used [0x0000000782220000, 0x000000078265c6b8, 0x0000000782660000)
  to   space 4352K,   0% used [0x0000000782660000, 0x0000000782660000, 0x0000000782aa0000)
 concurrent mark-sweep generation total 87424K, used 58351K [0x00000007aaaa0000, 0x00000007b0000000, 0x0000000800000000)
 Metaspace       used 23426K, capacity 24017K, committed 24320K, reserved 1071104K
  class space    used 2498K, capacity 2694K, committed 2816K, reserved 1048576K
}
Event: 6.241 GC heap before
{Heap before GC invocations=6 (full 1):
 par new generation   total 39296K, used 39281K [0x0000000780000000, 0x0000000782aa0000, 0x00000007aaaa0000)
  eden space 34944K, 100% used [0x0000000780000000, 0x0000000782220000, 0x0000000782220000)
  from space 4352K,  99% used [0x0000000782220000, 0x000000078265c6b8, 0x0000000782660000)
  to   space 4352K,   0% used [0x0000000782660000, 0x0000000782660000, 0x0000000782aa0000)
 concurrent mark-sweep generation total 87424K, used 58351K [0x00000007aaaa0000, 0x00000007b0000000, 0x0000000800000000)
 Metaspace       used 24690K, capacity 25302K, committed 25600K, reserved 1071104K
  class space    used 2734K, capacity 2952K, committed 3072K, reserved 1048576K
}
Event: 6.243 GC heap after
{Heap after GC invocations=7 (full 1):
 par new generation   total 39296K, used 4338K [0x0000000780000000, 0x0000000782aa0000, 0x00000007aaaa0000)
  eden space 34944K,   0% used [0x0000000780000000, 0x0000000780000000, 0x0000000782220000)
  from space 4352K,  99% used [0x0000000782660000, 0x0000000782a9ca30, 0x0000000782aa0000)
  to   space 4352K,   0% used [0x0000000782220000, 0x0000000782220000, 0x0000000782660000)
 concurrent mark-sweep generation total 87424K, used 65972K [0x00000007aaaa0000, 0x00000007b0000000, 0x0000000800000000)
 Metaspace       used 24690K, capacity 25302K, committed 25600K, reserved 1071104K
  class space    used 2734K, capacity 2952K, committed 3072K, reserved 1048576K
}
Event: 12.451 GC heap before
{Heap before GC invocations=7 (full 2):
 par new generation   total 39296K, used 39282K [0x0000000780000000, 0x0000000782aa0000, 0x00000007aaaa0000)
  eden space 34944K, 100% used [0x0000000780000000, 0x0000000782220000, 0x0000000782220000)
  from space 4352K,  99% used [0x0000000782660000, 0x0000000782a9ca30, 0x0000000782aa0000)
  to   space 4352K,   0% used [0x0000000782220000, 0x0000000782220000, 0x0000000782660000)
 concurrent mark-sweep generation total 87424K, used 65972K [0x00000007aaaa0000, 0x00000007b0000000, 0x0000000800000000)
 Metaspace       used 31565K, capacity 32353K, committed 32612K, reserved 1077248K
  class space    used 3587K, capacity 3881K, committed 3940K, reserved 1048576K
}
Event: 12.453 GC heap after
{Heap after GC invocations=8 (full 2):
 par new generation   total 39296K, used 4029K [0x0000000780000000, 0x0000000782aa0000, 0x00000007aaaa0000)
  eden space 34944K,   0% used [0x0000000780000000, 0x0000000780000000, 0x0000000782220000)
  from space 4352K,  92% used [0x0000000782220000, 0x000000078260f588, 0x0000000782660000)
  to   space 4352K,   0% used [0x0000000782660000, 0x0000000782660000, 0x0000000782aa0000)
 concurrent mark-sweep generation total 87424K, used 68607K [0x00000007aaaa0000, 0x00000007b0000000, 0x0000000800000000)
 Metaspace       used 31565K, capacity 32353K, committed 32612K, reserved 1077248K
  class space    used 3587K, capacity 3881K, committed 3940K, reserved 1048576K
}
Event: 12.670 GC heap before
{Heap before GC invocations=8 (full 2):
 par new generation   total 39296K, used 38249K [0x0000000780000000, 0x0000000782aa0000, 0x00000007aaaa0000)
  eden space 34944K,  97% used [0x0000000780000000, 0x000000078216ae88, 0x0000000782220000)
  from space 4352K,  92% used [0x0000000782220000, 0x000000078260f588, 0x0000000782660000)
  to   space 4352K,   0% used [0x0000000782660000, 0x0000000782660000, 0x0000000782aa0000)
 concurrent mark-sweep generation total 87424K, used 42053K [0x00000007aaaa0000, 0x00000007b0000000, 0x0000000800000000)
 Metaspace       used 35640K, capacity 36518K, committed 36724K, reserved 1081344K
  class space    used 4291K, capacity 4662K, committed 4780K, reserved 1048576K
}
Event: 12.678 GC heap after
{Heap after GC invocations=9 (full 2):
 par new generation   total 39296K, used 2796K [0x0000000780000000, 0x0000000782aa0000, 0x00000007aaaa0000)
  eden space 34944K,   0% used [0x0000000780000000, 0x0000000780000000, 0x0000000782220000)
  from space 4352K,  64% used [0x0000000782660000, 0x000000078291b300, 0x0000000782aa0000)
  to   space 4352K,   0% used [0x0000000782220000, 0x0000000782220000, 0x0000000782660000)
 concurrent mark-sweep generation total 87424K, used 60587K [0x00000007aaaa0000, 0x00000007b0000000, 0x0000000800000000)
 Metaspace       used 35640K, capacity 36518K, committed 36724K, reserved 1081344K
  class space    used 4291K, capacity 4662K, committed 4780K, reserved 1048576K
}
Event: 12.982 GC heap before
{Heap before GC invocations=9 (full 3):
 par new generation   total 39296K, used 37740K [0x0000000780000000, 0x0000000782aa0000, 0x00000007aaaa0000)
  eden space 34944K, 100% used [0x0000000780000000, 0x0000000782220000, 0x0000000782220000)
  from space 4352K,  64% used [0x0000000782660000, 0x000000078291b300, 0x0000000782aa0000)
  to   space 4352K,   0% used [0x0000000782220000, 0x0000000782220000, 0x0000000782660000)
 concurrent mark-sweep generation total 87424K, used 60587K [0x00000007aaaa0000, 0x00000007b0000000, 0x0000000800000000)
 Metaspace       used 42023K, capacity 43118K, committed 43508K, reserved 1087488K
  class space    used 5043K, capacity 5538K, committed 5676K, reserved 1048576K
}
Event: 12.986 GC heap after
{Heap after GC invocations=10 (full 3):
 par new generation   total 39296K, used 4352K [0x0000000780000000, 0x0000000782aa0000, 0x00000007aaaa0000)
  eden space 34944K,   0% used [0x0000000780000000, 0x0000000780000000, 0x0000000782220000)
  from space 4352K, 100% used [0x0000000782220000, 0x0000000782660000, 0x0000000782660000)
  to   space 4352K,   0% used [0x0000000782660000, 0x0000000782660000, 0x0000000782aa0000)
 concurrent mark-sweep generation total 87424K, used 75629K [0x00000007aaaa0000, 0x00000007b0000000, 0x0000000800000000)
 Metaspace       used 42023K, capacity 43118K, committed 43508K, reserved 1087488K
  class space    used 5043K, capacity 5538K, committed 5676K, reserved 1048576K
}
Event: 13.294 GC heap before
{Heap before GC invocations=10 (full 3):
 par new generation   total 39296K, used 39296K [0x0000000780000000, 0x0000000782aa0000, 0x00000007aaaa0000)
  eden space 34944K, 100% used [0x0000000780000000, 0x0000000782220000, 0x0000000782220000)
  from space 4352K, 100% used [0x0000000782220000, 0x0000000782660000, 0x0000000782660000)
  to   space 4352K,   0% used [0x0000000782660000, 0x0000000782660000, 0x0000000782aa0000)
 concurrent mark-sweep generation total 126008K, used 75604K [0x00000007aaaa0000, 0x00000007b25ae000, 0x0000000800000000)
 Metaspace       used 42965K, capacity 44173K, committed 44276K, reserved 1087488K
  class space    used 5139K, capacity 5656K, committed 5676K, reserved 1048576K
}
Event: 13.304 GC heap after
{Heap after GC invocations=11 (full 3):
 par new generation   total 39296K, used 4352K [0x0000000780000000, 0x0000000782aa0000, 0x00000007aaaa0000)
  eden space 34944K,   0% used [0x0000000780000000, 0x0000000780000000, 0x0000000782220000)
  from space 4352K, 100% used [0x0000000782660000, 0x0000000782aa0000, 0x0000000782aa0000)
  to   space 4352K,   0% used [0x0000000782220000, 0x0000000782220000, 0x0000000782660000)
 concurrent mark-sweep generation total 126008K, used 80273K [0x00000007aaaa0000, 0x00000007b25ae000, 0x0000000800000000)
 Metaspace       used 42965K, capacity 44173K, committed 44276K, reserved 1087488K
  class space    used 5139K, capacity 5656K, committed 5676K, reserved 1048576K
}
Event: 14.118 GC heap before
{Heap before GC invocations=11 (full 3):
 par new generation   total 39296K, used 38758K [0x0000000780000000, 0x0000000782aa0000, 0x00000007aaaa0000)
  eden space 34944K,  98% used [0x0000000780000000, 0x0000000782199ab0, 0x0000000782220000)
  from space 4352K, 100% used [0x0000000782660000, 0x0000000782aa0000, 0x0000000782aa0000)
  to   space 4352K,   0% used [0x0000000782220000, 0x0000000782220000, 0x0000000782660000)
 concurrent mark-sweep generation total 126008K, used 80273K [0x00000007aaaa0000, 0x00000007b25ae000, 0x0000000800000000)
 Metaspace       used 43920K, capacity 45154K, committed 45428K, reserved 1089536K
  class space    used 5223K, capacity 5766K, committed 5804K, reserved 1048576K
}
Event: 14.120 GC heap after
{Heap after GC invocations=12 (full 3):
 par new generation   total 39296K, used 4352K [0x0000000780000000, 0x0000000782aa0000, 0x00000007aaaa0000)
  eden space 34944K,   0% used [0x0000000780000000, 0x0000000780000000, 0x0000000782220000)
  from space 4352K, 100% used [0x0000000782220000, 0x0000000782660000, 0x0000000782660000)
  to   space 4352K,   0% used [0x0000000782660000, 0x0000000782660000, 0x0000000782aa0000)
 concurrent mark-sweep generation total 126008K, used 85296K [0x00000007aaaa0000, 0x00000007b25ae000, 0x0000000800000000)
 Metaspace       used 43920K, capacity 45154K, committed 45428K, reserved 1089536K
  class space    used 5223K, capacity 5766K, committed 5804K, reserved 1048576K
}

