# JRE version: OpenJDK Runtime Environment (11.0.5+10) (build 11.0.5+10-LTS)
# Java VM: OpenJDK 64-Bit Server VM (11.0.5+10-LTS, mixed mode, tiered, compressed oops, concurrent mark sweep gc, bsd-amd64)
Heap:
 par new generation   total 39296K, used 22150K [0x0000000780000000, 0x0000000782aa0000, 0x00000007aaaa0000)
  eden space 34944K,  50% used [0x0000000780000000, 0x0000000781161900, 0x0000000782220000)
  from space 4352K, 100% used [0x0000000782220000, 0x0000000782660000, 0x0000000782660000)
  to   space 4352K,   0% used [0x0000000782660000, 0x0000000782660000, 0x0000000782aa0000)
 concurrent mark-sweep generation total 127624K, used 86681K [0x00000007aaaa0000, 0x00000007b2742000, 0x0000000800000000)
 Metaspace       used 44105K, capacity 45371K, committed 45424K, reserved 1089536K
  class space    used 5198K, capacity 5729K, committed 5760K, reserved 1048576K
GC Heap History (20 events):
Event: 2.137 GC heap before
{Heap before GC invocations=2 (full 0):
 par new generation   total 39296K, used 37045K [0x0000000780000000, 0x0000000782aa0000, 0x00000007aaaa0000)
  eden space 34944K, 100% used [0x0000000780000000, 0x0000000782220000, 0x0000000782220000)
  from space 4352K,  48% used [0x0000000782220000, 0x000000078242d4b0, 0x0000000782660000)
  to   space 4352K,   0% used [0x0000000782660000, 0x0000000782660000, 0x0000000782aa0000)
 concurrent mark-sweep generation total 87424K, used 27487K [0x00000007aaaa0000, 0x00000007b0000000, 0x0000000800000000)
 Metaspace       used 17957K, capacity 18471K, committed 18816K, reserved 1067008K
  class space    used 1930K, capacity 2094K, committed 2176K, reserved 1048576K
}
Event: 2.145 GC heap after
{Heap after GC invocations=3 (full 0):
 par new generation   total 39296K, used 706K [0x0000000780000000, 0x0000000782aa0000, 0x00000007aaaa0000)
  eden space 34944K,   0% used [0x0000000780000000, 0x0000000780000000, 0x0000000782220000)
  from space 4352K,  16% used [0x0000000782660000, 0x0000000782710bc0, 0x0000000782aa0000)
  to   space 4352K,   0% used [0x0000000782220000, 0x0000000782220000, 0x0000000782660000)
 concurrent mark-sweep generation total 87424K, used 49912K [0x00000007aaaa0000, 0x00000007b0000000, 0x0000000800000000)
 Metaspace       used 17957K, capacity 18471K, committed 18816K, reserved 1067008K
  class space    used 1930K, capacity 2094K, committed 2176K, reserved 1048576K
}
Event: 2.643 GC heap before
{Heap before GC invocations=3 (full 1):
 par new generation   total 39296K, used 35650K [0x0000000780000000, 0x0000000782aa0000, 0x00000007aaaa0000)
  eden space 34944K, 100% used [0x0000000780000000, 0x0000000782220000, 0x0000000782220000)
  from space 4352K,  16% used [0x0000000782660000, 0x0000000782710bc0, 0x0000000782aa0000)
  to   space 4352K,   0% used [0x0000000782220000, 0x0000000782220000, 0x0000000782660000)
 concurrent mark-sweep generation total 87424K, used 49882K [0x00000007aaaa0000, 0x00000007b0000000, 0x0000000800000000)
 Metaspace       used 17972K, capacity 18471K, committed 18816K, reserved 1067008K
  class space    used 1930K, capacity 2094K, committed 2176K, reserved 1048576K
}
Event: 2.650 GC heap after
{Heap after GC invocations=4 (full 1):
 par new generation   total 39296K, used 797K [0x0000000780000000, 0x0000000782aa0000, 0x00000007aaaa0000)
  eden space 34944K,   0% used [0x0000000780000000, 0x0000000780000000, 0x0000000782220000)
  from space 4352K,  18% used [0x0000000782220000, 0x00000007822e7570, 0x0000000782660000)
  to   space 4352K,   0% used [0x0000000782660000, 0x0000000782660000, 0x0000000782aa0000)
 concurrent mark-sweep generation total 87424K, used 61095K [0x00000007aaaa0000, 0x00000007b0000000, 0x0000000800000000)
 Metaspace       used 17972K, capacity 18471K, committed 18816K, reserved 1067008K
  class space    used 1930K, capacity 2094K, committed 2176K, reserved 1048576K
}
Event: 2.958 GC heap before
{Heap before GC invocations=4 (full 2):
 par new generation   total 39296K, used 26939K [0x0000000780000000, 0x0000000782aa0000, 0x00000007aaaa0000)
  eden space 34944K,  74% used [0x0000000780000000, 0x0000000781987958, 0x0000000782220000)
  from space 4352K,  18% used [0x0000000782220000, 0x00000007822e7570, 0x0000000782660000)
  to   space 4352K,   0% used [0x0000000782660000, 0x0000000782660000, 0x0000000782aa0000)
 concurrent mark-sweep generation total 101812K, used 61086K [0x00000007aaaa0000, 0x00000007b0e0d000, 0x0000000800000000)
 Metaspace       used 22269K, capacity 22893K, committed 23168K, reserved 1069056K
  class space    used 2443K, capacity 2661K, committed 2688K, reserved 1048576K
}
Event: 2.966 GC heap after
{Heap after GC invocations=5 (full 2):
 par new generation   total 39296K, used 4352K [0x0000000780000000, 0x0000000782aa0000, 0x00000007aaaa0000)
  eden space 34944K,   0% used [0x0000000780000000, 0x0000000780000000, 0x0000000782220000)
  from space 4352K, 100% used [0x0000000782660000, 0x0000000782aa0000, 0x0000000782aa0000)
  to   space 4352K,   0% used [0x0000000782220000, 0x0000000782220000, 0x0000000782660000)
 concurrent mark-sweep generation total 101812K, used 77120K [0x00000007aaaa0000, 0x00000007b0e0d000, 0x0000000800000000)
 Metaspace       used 22269K, capacity 22893K, committed 23168K, reserved 1069056K
  class space    used 2443K, capacity 2661K, committed 2688K, reserved 1048576K
}
Event: 5.953 GC heap before
{Heap before GC invocations=5 (full 3):
 par new generation   total 39296K, used 39296K [0x0000000780000000, 0x0000000782aa0000, 0x00000007aaaa0000)
  eden space 34944K, 100% used [0x0000000780000000, 0x0000000782220000, 0x0000000782220000)
  from space 4352K, 100% used [0x0000000782660000, 0x0000000782aa0000, 0x0000000782aa0000)
  to   space 4352K,   0% used [0x0000000782220000, 0x0000000782220000, 0x0000000782660000)
 concurrent mark-sweep generation total 101812K, used 77120K [0x00000007aaaa0000, 0x00000007b0e0d000, 0x0000000800000000)
 Metaspace       used 24599K, capacity 25177K, committed 25600K, reserved 1071104K
  class space    used 2734K, capacity 2953K, committed 3072K, reserved 1048576K
}
Event: 5.957 GC heap after
{Heap after GC invocations=6 (full 3):
 par new generation   total 39296K, used 4352K [0x0000000780000000, 0x0000000782aa0000, 0x00000007aaaa0000)
  eden space 34944K,   0% used [0x0000000780000000, 0x0000000780000000, 0x0000000782220000)
  from space 4352K, 100% used [0x0000000782220000, 0x0000000782660000, 0x0000000782660000)
  to   space 4352K,   0% used [0x0000000782660000, 0x0000000782660000, 0x0000000782aa0000)
 concurrent mark-sweep generation total 101812K, used 85580K [0x00000007aaaa0000, 0x00000007b0e0d000, 0x0000000800000000)
 Metaspace       used 24599K, capacity 25177K, committed 25600K, reserved 1071104K
  class space    used 2734K, capacity 2953K, committed 3072K, reserved 1048576K
}
Event: 6.790 GC heap before
{Heap before GC invocations=6 (full 3):
 par new generation   total 39296K, used 39296K [0x0000000780000000, 0x0000000782aa0000, 0x00000007aaaa0000)
  eden space 34944K, 100% used [0x0000000780000000, 0x0000000782220000, 0x0000000782220000)
  from space 4352K, 100% used [0x0000000782220000, 0x0000000782660000, 0x0000000782660000)
  to   space 4352K,   0% used [0x0000000782660000, 0x0000000782660000, 0x0000000782aa0000)
 concurrent mark-sweep generation total 101812K, used 51922K [0x00000007aaaa0000, 0x00000007b0e0d000, 0x0000000800000000)
 Metaspace       used 25406K, capacity 26011K, committed 26368K, reserved 1073152K
  class space    used 2779K, capacity 2999K, committed 3072K, reserved 1048576K
}
Event: 6.793 GC heap after
{Heap after GC invocations=7 (full 3):
 par new generation   total 39296K, used 3954K [0x0000000780000000, 0x0000000782aa0000, 0x00000007aaaa0000)
  eden space 34944K,   0% used [0x0000000780000000, 0x0000000780000000, 0x0000000782220000)
  from space 4352K,  90% used [0x0000000782660000, 0x0000000782a3ca60, 0x0000000782aa0000)
  to   space 4352K,   0% used [0x0000000782220000, 0x0000000782220000, 0x0000000782660000)
 concurrent mark-sweep generation total 101812K, used 57772K [0x00000007aaaa0000, 0x00000007b0e0d000, 0x0000000800000000)
 Metaspace       used 25406K, capacity 26011K, committed 26368K, reserved 1073152K
  class space    used 2779K, capacity 2999K, committed 3072K, reserved 1048576K
}
Event: 36.126 GC heap before
{Heap before GC invocations=7 (full 3):
 par new generation   total 39296K, used 38898K [0x0000000780000000, 0x0000000782aa0000, 0x00000007aaaa0000)
  eden space 34944K, 100% used [0x0000000780000000, 0x0000000782220000, 0x0000000782220000)
  from space 4352K,  90% used [0x0000000782660000, 0x0000000782a3ca60, 0x0000000782aa0000)
  to   space 4352K,   0% used [0x0000000782220000, 0x0000000782220000, 0x0000000782660000)
 concurrent mark-sweep generation total 101812K, used 57772K [0x00000007aaaa0000, 0x00000007b0e0d000, 0x0000000800000000)
 Metaspace       used 33156K, capacity 33934K, committed 34176K, reserved 1079296K
  class space    used 3852K, capacity 4153K, committed 4224K, reserved 1048576K
}
Event: 36.128 GC heap after
{Heap after GC invocations=8 (full 3):
 par new generation   total 39296K, used 3289K [0x0000000780000000, 0x0000000782aa0000, 0x00000007aaaa0000)
  eden space 34944K,   0% used [0x0000000780000000, 0x0000000780000000, 0x0000000782220000)
  from space 4352K,  75% used [0x0000000782220000, 0x00000007825564b8, 0x0000000782660000)
  to   space 4352K,   0% used [0x0000000782660000, 0x0000000782660000, 0x0000000782aa0000)
 concurrent mark-sweep generation total 101812K, used 61521K [0x00000007aaaa0000, 0x00000007b0e0d000, 0x0000000800000000)
 Metaspace       used 33156K, capacity 33934K, committed 34176K, reserved 1079296K
  class space    used 3852K, capacity 4153K, committed 4224K, reserved 1048576K
}
Event: 36.238 GC heap before
{Heap before GC invocations=8 (full 3):
 par new generation   total 39296K, used 34684K [0x0000000780000000, 0x0000000782aa0000, 0x00000007aaaa0000)
  eden space 34944K,  89% used [0x0000000780000000, 0x0000000781ea8bd0, 0x0000000782220000)
  from space 4352K,  75% used [0x0000000782220000, 0x00000007825564b8, 0x0000000782660000)
  to   space 4352K,   0% used [0x0000000782660000, 0x0000000782660000, 0x0000000782aa0000)
 concurrent mark-sweep generation total 101812K, used 61521K [0x00000007aaaa0000, 0x00000007b0e0d000, 0x0000000800000000)
 Metaspace       used 35232K, capacity 36143K, committed 36352K, reserved 1081344K
  class space    used 4209K, capacity 4558K, committed 4608K, reserved 1048576K
}
Event: 36.245 GC heap after
{Heap after GC invocations=9 (full 3):
 par new generation   total 39296K, used 2068K [0x0000000780000000, 0x0000000782aa0000, 0x00000007aaaa0000)
  eden space 34944K,   0% used [0x0000000780000000, 0x0000000780000000, 0x0000000782220000)
  from space 4352K,  47% used [0x0000000782660000, 0x00000007828652b0, 0x0000000782aa0000)
  to   space 4352K,   0% used [0x0000000782220000, 0x0000000782220000, 0x0000000782660000)
 concurrent mark-sweep generation total 101812K, used 86573K [0x00000007aaaa0000, 0x00000007b0e0d000, 0x0000000800000000)
 Metaspace       used 35232K, capacity 36143K, committed 36352K, reserved 1081344K
  class space    used 4209K, capacity 4558K, committed 4608K, reserved 1048576K
}
Event: 36.621 GC heap before
{Heap before GC invocations=9 (full 4):
 par new generation   total 39296K, used 37012K [0x0000000780000000, 0x0000000782aa0000, 0x00000007aaaa0000)
  eden space 34944K, 100% used [0x0000000780000000, 0x0000000782220000, 0x0000000782220000)
  from space 4352K,  47% used [0x0000000782660000, 0x00000007828652b0, 0x0000000782aa0000)
  to   space 4352K,   0% used [0x0000000782220000, 0x0000000782220000, 0x0000000782660000)
 concurrent mark-sweep generation total 101812K, used 86573K [0x00000007aaaa0000, 0x00000007b0e0d000, 0x0000000800000000)
 Metaspace       used 41860K, capacity 42967K, committed 43096K, reserved 1087488K
  class space    used 4984K, capacity 5466K, committed 5504K, reserved 1048576K
}
Event: 36.623 GC heap after
{Heap after GC invocations=10 (full 4):
 par new generation   total 39296K, used 3943K [0x0000000780000000, 0x0000000782aa0000, 0x00000007aaaa0000)
  eden space 34944K,   0% used [0x0000000780000000, 0x0000000780000000, 0x0000000782220000)
  from space 4352K,  90% used [0x0000000782220000, 0x00000007825f9e50, 0x0000000782660000)
  to   space 4352K,   0% used [0x0000000782660000, 0x0000000782660000, 0x0000000782aa0000)
 concurrent mark-sweep generation total 101812K, used 93875K [0x00000007aaaa0000, 0x00000007b0e0d000, 0x0000000800000000)
 Metaspace       used 41860K, capacity 42967K, committed 43096K, reserved 1087488K
  class space    used 4984K, capacity 5466K, committed 5504K, reserved 1048576K
}
Event: 36.922 GC heap before
{Heap before GC invocations=10 (full 4):
 par new generation   total 39296K, used 38887K [0x0000000780000000, 0x0000000782aa0000, 0x00000007aaaa0000)
  eden space 34944K, 100% used [0x0000000780000000, 0x0000000782220000, 0x0000000782220000)
  from space 4352K,  90% used [0x0000000782220000, 0x00000007825f9e50, 0x0000000782660000)
  to   space 4352K,   0% used [0x0000000782660000, 0x0000000782660000, 0x0000000782aa0000)
 concurrent mark-sweep generation total 127624K, used 76573K [0x00000007aaaa0000, 0x00000007b2742000, 0x0000000800000000)
 Metaspace       used 43111K, capacity 44327K, committed 44528K, reserved 1087488K
  class space    used 5113K, capacity 5620K, committed 5632K, reserved 1048576K
}
Event: 36.934 GC heap after
{Heap after GC invocations=11 (full 4):
 par new generation   total 39296K, used 3486K [0x0000000780000000, 0x0000000782aa0000, 0x00000007aaaa0000)
  eden space 34944K,   0% used [0x0000000780000000, 0x0000000780000000, 0x0000000782220000)
  from space 4352K,  80% used [0x0000000782660000, 0x00000007829c79c0, 0x0000000782aa0000)
  to   space 4352K,   0% used [0x0000000782220000, 0x0000000782220000, 0x0000000782660000)
 concurrent mark-sweep generation total 127624K, used 80115K [0x00000007aaaa0000, 0x00000007b2742000, 0x0000000800000000)
 Metaspace       used 43111K, capacity 44327K, committed 44528K, reserved 1087488K
  class space    used 5113K, capacity 5620K, committed 5632K, reserved 1048576K
}
Event: 37.474 GC heap before
{Heap before GC invocations=11 (full 4):
 par new generation   total 39296K, used 38430K [0x0000000780000000, 0x0000000782aa0000, 0x00000007aaaa0000)
  eden space 34944K, 100% used [0x0000000780000000, 0x0000000782220000, 0x0000000782220000)
  from space 4352K,  80% used [0x0000000782660000, 0x00000007829c79c0, 0x0000000782aa0000)
  to   space 4352K,   0% used [0x0000000782220000, 0x0000000782220000, 0x0000000782660000)
 concurrent mark-sweep generation total 127624K, used 80115K [0x00000007aaaa0000, 0x00000007b2742000, 0x0000000800000000)
 Metaspace       used 43817K, capacity 45020K, committed 45168K, reserved 1089536K
  class space    used 5169K, capacity 5701K, committed 5760K, reserved 1048576K
}
Event: 37.477 GC heap after
{Heap after GC invocations=12 (full 4):
 par new generation   total 39296K, used 4352K [0x0000000780000000, 0x0000000782aa0000, 0x00000007aaaa0000)
  eden space 34944K,   0% used [0x0000000780000000, 0x0000000780000000, 0x0000000782220000)
  from space 4352K, 100% used [0x0000000782220000, 0x0000000782660000, 0x0000000782660000)
  to   space 4352K,   0% used [0x0000000782660000, 0x0000000782660000, 0x0000000782aa0000)
 concurrent mark-sweep generation total 127624K, used 86681K [0x00000007aaaa0000, 0x00000007b2742000, 0x0000000800000000)
 Metaspace       used 43817K, capacity 45020K, committed 45168K, reserved 1089536K
  class space    used 5169K, capacity 5701K, committed 5760K, reserved 1048576K
}

