# JRE version: OpenJDK Runtime Environment (11.0.5+10) (build 11.0.5+10-LTS)
# Java VM: OpenJDK 64-Bit Server VM (11.0.5+10-LTS, mixed mode, tiered, compressed oops, concurrent mark sweep gc, bsd-amd64)
Heap:
 par new generation   total 39296K, used 14368K [0x0000000780000000, 0x0000000782aa0000, 0x00000007aaaa0000)
  eden space 34944K,  28% used [0x0000000780000000, 0x00000007809c80e8, 0x0000000782220000)
  from space 4352K, 100% used [0x0000000782220000, 0x0000000782660000, 0x0000000782660000)
  to   space 4352K,   0% used [0x0000000782660000, 0x0000000782660000, 0x0000000782aa0000)
 concurrent mark-sweep generation total 109064K, used 68002K [0x00000007aaaa0000, 0x00000007b1522000, 0x0000000800000000)
 Metaspace       used 44790K, capacity 46073K, committed 46096K, reserved 1089536K
  class space    used 5291K, capacity 5834K, committed 5836K, reserved 1048576K
GC Heap History (20 events):
Event: 2.184 GC heap before
{Heap before GC invocations=2 (full 0):
 par new generation   total 39296K, used 37752K [0x0000000780000000, 0x0000000782aa0000, 0x00000007aaaa0000)
  eden space 34944K, 100% used [0x0000000780000000, 0x0000000782220000, 0x0000000782220000)
  from space 4352K,  64% used [0x0000000782220000, 0x00000007824de300, 0x0000000782660000)
  to   space 4352K,   0% used [0x0000000782660000, 0x0000000782660000, 0x0000000782aa0000)
 concurrent mark-sweep generation total 87424K, used 27487K [0x00000007aaaa0000, 0x00000007b0000000, 0x0000000800000000)
 Metaspace       used 17978K, capacity 18471K, committed 18816K, reserved 1067008K
  class space    used 1930K, capacity 2094K, committed 2176K, reserved 1048576K
}
Event: 2.193 GC heap after
{Heap after GC invocations=3 (full 0):
 par new generation   total 39296K, used 708K [0x0000000780000000, 0x0000000782aa0000, 0x00000007aaaa0000)
  eden space 34944K,   0% used [0x0000000780000000, 0x0000000780000000, 0x0000000782220000)
  from space 4352K,  16% used [0x0000000782660000, 0x0000000782711280, 0x0000000782aa0000)
  to   space 4352K,   0% used [0x0000000782220000, 0x0000000782220000, 0x0000000782660000)
 concurrent mark-sweep generation total 87424K, used 49911K [0x00000007aaaa0000, 0x00000007b0000000, 0x0000000800000000)
 Metaspace       used 17978K, capacity 18471K, committed 18816K, reserved 1067008K
  class space    used 1930K, capacity 2094K, committed 2176K, reserved 1048576K
}
Event: 2.635 GC heap before
{Heap before GC invocations=3 (full 1):
 par new generation   total 39296K, used 35652K [0x0000000780000000, 0x0000000782aa0000, 0x00000007aaaa0000)
  eden space 34944K, 100% used [0x0000000780000000, 0x0000000782220000, 0x0000000782220000)
  from space 4352K,  16% used [0x0000000782660000, 0x0000000782711280, 0x0000000782aa0000)
  to   space 4352K,   0% used [0x0000000782220000, 0x0000000782220000, 0x0000000782660000)
 concurrent mark-sweep generation total 87424K, used 49881K [0x00000007aaaa0000, 0x00000007b0000000, 0x0000000800000000)
 Metaspace       used 17995K, capacity 18471K, committed 18816K, reserved 1067008K
  class space    used 1930K, capacity 2094K, committed 2176K, reserved 1048576K
}
Event: 2.641 GC heap after
{Heap after GC invocations=4 (full 1):
 par new generation   total 39296K, used 798K [0x0000000780000000, 0x0000000782aa0000, 0x00000007aaaa0000)
  eden space 34944K,   0% used [0x0000000780000000, 0x0000000780000000, 0x0000000782220000)
  from space 4352K,  18% used [0x0000000782220000, 0x00000007822e7b40, 0x0000000782660000)
  to   space 4352K,   0% used [0x0000000782660000, 0x0000000782660000, 0x0000000782aa0000)
 concurrent mark-sweep generation total 87424K, used 61094K [0x00000007aaaa0000, 0x00000007b0000000, 0x0000000800000000)
 Metaspace       used 17995K, capacity 18471K, committed 18816K, reserved 1067008K
  class space    used 1930K, capacity 2094K, committed 2176K, reserved 1048576K
}
Event: 2.969 GC heap before
{Heap before GC invocations=4 (full 2):
 par new generation   total 39296K, used 26852K [0x0000000780000000, 0x0000000782aa0000, 0x00000007aaaa0000)
  eden space 34944K,  74% used [0x0000000780000000, 0x0000000781971898, 0x0000000782220000)
  from space 4352K,  18% used [0x0000000782220000, 0x00000007822e7b40, 0x0000000782660000)
  to   space 4352K,   0% used [0x0000000782660000, 0x0000000782660000, 0x0000000782aa0000)
 concurrent mark-sweep generation total 101812K, used 61085K [0x00000007aaaa0000, 0x00000007b0e0d000, 0x0000000800000000)
 Metaspace       used 22265K, capacity 22893K, committed 23168K, reserved 1069056K
  class space    used 2435K, capacity 2661K, committed 2688K, reserved 1048576K
}
Event: 2.977 GC heap after
{Heap after GC invocations=5 (full 2):
 par new generation   total 39296K, used 4352K [0x0000000780000000, 0x0000000782aa0000, 0x00000007aaaa0000)
  eden space 34944K,   0% used [0x0000000780000000, 0x0000000780000000, 0x0000000782220000)
  from space 4352K, 100% used [0x0000000782660000, 0x0000000782aa0000, 0x0000000782aa0000)
  to   space 4352K,   0% used [0x0000000782220000, 0x0000000782220000, 0x0000000782660000)
 concurrent mark-sweep generation total 101812K, used 75125K [0x00000007aaaa0000, 0x00000007b0e0d000, 0x0000000800000000)
 Metaspace       used 22265K, capacity 22893K, committed 23168K, reserved 1069056K
  class space    used 2435K, capacity 2661K, committed 2688K, reserved 1048576K
}
Event: 5.970 GC heap before
{Heap before GC invocations=5 (full 3):
 par new generation   total 39296K, used 39296K [0x0000000780000000, 0x0000000782aa0000, 0x00000007aaaa0000)
  eden space 34944K, 100% used [0x0000000780000000, 0x0000000782220000, 0x0000000782220000)
  from space 4352K, 100% used [0x0000000782660000, 0x0000000782aa0000, 0x0000000782aa0000)
  to   space 4352K,   0% used [0x0000000782220000, 0x0000000782220000, 0x0000000782660000)
 concurrent mark-sweep generation total 101812K, used 75125K [0x00000007aaaa0000, 0x00000007b0e0d000, 0x0000000800000000)
 Metaspace       used 24625K, capacity 25241K, committed 25600K, reserved 1071104K
  class space    used 2727K, capacity 2953K, committed 3072K, reserved 1048576K
}
Event: 5.982 GC heap after
{Heap after GC invocations=6 (full 3):
 par new generation   total 39296K, used 4352K [0x0000000780000000, 0x0000000782aa0000, 0x00000007aaaa0000)
  eden space 34944K,   0% used [0x0000000780000000, 0x0000000780000000, 0x0000000782220000)
  from space 4352K, 100% used [0x0000000782220000, 0x0000000782660000, 0x0000000782660000)
  to   space 4352K,   0% used [0x0000000782660000, 0x0000000782660000, 0x0000000782aa0000)
 concurrent mark-sweep generation total 101812K, used 99094K [0x00000007aaaa0000, 0x00000007b0e0d000, 0x0000000800000000)
 Metaspace       used 24625K, capacity 25241K, committed 25600K, reserved 1071104K
  class space    used 2727K, capacity 2953K, committed 3072K, reserved 1048576K
}
Event: 6.806 GC heap before
{Heap before GC invocations=6 (full 3):
 par new generation   total 39296K, used 39296K [0x0000000780000000, 0x0000000782aa0000, 0x00000007aaaa0000)
  eden space 34944K, 100% used [0x0000000780000000, 0x0000000782220000, 0x0000000782220000)
  from space 4352K, 100% used [0x0000000782220000, 0x0000000782660000, 0x0000000782660000)
  to   space 4352K,   0% used [0x0000000782660000, 0x0000000782660000, 0x0000000782aa0000)
 concurrent mark-sweep generation total 109064K, used 65436K [0x00000007aaaa0000, 0x00000007b1522000, 0x0000000800000000)
 Metaspace       used 25418K, capacity 26011K, committed 26368K, reserved 1073152K
  class space    used 2772K, capacity 2999K, committed 3072K, reserved 1048576K
}
Event: 6.808 GC heap after
{Heap after GC invocations=7 (full 3):
 par new generation   total 39296K, used 4352K [0x0000000780000000, 0x0000000782aa0000, 0x00000007aaaa0000)
  eden space 34944K,   0% used [0x0000000780000000, 0x0000000780000000, 0x0000000782220000)
  from space 4352K, 100% used [0x0000000782660000, 0x0000000782aa0000, 0x0000000782aa0000)
  to   space 4352K,   0% used [0x0000000782220000, 0x0000000782220000, 0x0000000782660000)
 concurrent mark-sweep generation total 109064K, used 70017K [0x00000007aaaa0000, 0x00000007b1522000, 0x0000000800000000)
 Metaspace       used 25418K, capacity 26011K, committed 26368K, reserved 1073152K
  class space    used 2772K, capacity 2999K, committed 3072K, reserved 1048576K
}
Event: 8.806 GC heap before
{Heap before GC invocations=7 (full 4):
 par new generation   total 39296K, used 39296K [0x0000000780000000, 0x0000000782aa0000, 0x00000007aaaa0000)
  eden space 34944K, 100% used [0x0000000780000000, 0x0000000782220000, 0x0000000782220000)
  from space 4352K, 100% used [0x0000000782660000, 0x0000000782aa0000, 0x0000000782aa0000)
  to   space 4352K,   0% used [0x0000000782220000, 0x0000000782220000, 0x0000000782660000)
 concurrent mark-sweep generation total 109064K, used 40577K [0x00000007aaaa0000, 0x00000007b1522000, 0x0000000800000000)
 Metaspace       used 31450K, capacity 32244K, committed 32640K, reserved 1077248K
  class space    used 3561K, capacity 3865K, committed 3968K, reserved 1048576K
}
Event: 8.808 GC heap after
{Heap after GC invocations=8 (full 4):
 par new generation   total 39296K, used 2798K [0x0000000780000000, 0x0000000782aa0000, 0x00000007aaaa0000)
  eden space 34944K,   0% used [0x0000000780000000, 0x0000000780000000, 0x0000000782220000)
  from space 4352K,  64% used [0x0000000782220000, 0x00000007824dbbd8, 0x0000000782660000)
  to   space 4352K,   0% used [0x0000000782660000, 0x0000000782660000, 0x0000000782aa0000)
 concurrent mark-sweep generation total 109064K, used 51550K [0x00000007aaaa0000, 0x00000007b1522000, 0x0000000800000000)
 Metaspace       used 31450K, capacity 32244K, committed 32640K, reserved 1077248K
  class space    used 3561K, capacity 3865K, committed 3968K, reserved 1048576K
}
Event: 9.385 GC heap before
{Heap before GC invocations=8 (full 4):
 par new generation   total 39296K, used 37972K [0x0000000780000000, 0x0000000782aa0000, 0x00000007aaaa0000)
  eden space 34944K, 100% used [0x0000000780000000, 0x0000000782220000, 0x0000000782220000)
  from space 4352K,  69% used [0x0000000782220000, 0x00000007825151f0, 0x0000000782660000)
  to   space 4352K,   0% used [0x0000000782660000, 0x0000000782660000, 0x0000000782aa0000)
 concurrent mark-sweep generation total 109064K, used 51550K [0x00000007aaaa0000, 0x00000007b1522000, 0x0000000800000000)
 Metaspace       used 38709K, capacity 39838K, committed 39936K, reserved 1083392K
  class space    used 4648K, capacity 5110K, committed 5120K, reserved 1048576K
}
Event: 9.389 GC heap after
{Heap after GC invocations=9 (full 4):
 par new generation   total 39296K, used 4214K [0x0000000780000000, 0x0000000782aa0000, 0x00000007aaaa0000)
  eden space 34944K,   0% used [0x0000000780000000, 0x0000000780000000, 0x0000000782220000)
  from space 4352K,  96% used [0x0000000782660000, 0x0000000782a7da60, 0x0000000782aa0000)
  to   space 4352K,   0% used [0x0000000782220000, 0x0000000782220000, 0x0000000782660000)
 concurrent mark-sweep generation total 109064K, used 53943K [0x00000007aaaa0000, 0x00000007b1522000, 0x0000000800000000)
 Metaspace       used 38709K, capacity 39838K, committed 39936K, reserved 1083392K
  class space    used 4648K, capacity 5110K, committed 5120K, reserved 1048576K
}
Event: 9.769 GC heap before
{Heap before GC invocations=9 (full 4):
 par new generation   total 39296K, used 39172K [0x0000000780000000, 0x0000000782aa0000, 0x00000007aaaa0000)
  eden space 34944K, 100% used [0x0000000780000000, 0x0000000782220000, 0x0000000782220000)
  from space 4352K,  97% used [0x0000000782660000, 0x0000000782a81398, 0x0000000782aa0000)
  to   space 4352K,   0% used [0x0000000782220000, 0x0000000782220000, 0x0000000782660000)
 concurrent mark-sweep generation total 109064K, used 53943K [0x00000007aaaa0000, 0x00000007b1522000, 0x0000000800000000)
 Metaspace       used 43068K, capacity 44319K, committed 44536K, reserved 1087488K
  class space    used 5155K, capacity 5660K, committed 5708K, reserved 1048576K
}
Event: 9.776 GC heap after
{Heap after GC invocations=10 (full 4):
 par new generation   total 39296K, used 4352K [0x0000000780000000, 0x0000000782aa0000, 0x00000007aaaa0000)
  eden space 34944K,   0% used [0x0000000780000000, 0x0000000780000000, 0x0000000782220000)
  from space 4352K, 100% used [0x0000000782220000, 0x0000000782660000, 0x0000000782660000)
  to   space 4352K,   0% used [0x0000000782660000, 0x0000000782660000, 0x0000000782aa0000)
 concurrent mark-sweep generation total 109064K, used 57801K [0x00000007aaaa0000, 0x00000007b1522000, 0x0000000800000000)
 Metaspace       used 43068K, capacity 44319K, committed 44536K, reserved 1087488K
  class space    used 5155K, capacity 5660K, committed 5708K, reserved 1048576K
}
Event: 10.109 GC heap before
{Heap before GC invocations=10 (full 5):
 par new generation   total 39296K, used 38520K [0x0000000780000000, 0x0000000782aa0000, 0x00000007aaaa0000)
  eden space 34944K,  97% used [0x0000000780000000, 0x000000078215e318, 0x0000000782220000)
  from space 4352K, 100% used [0x0000000782220000, 0x0000000782660000, 0x0000000782660000)
  to   space 4352K,   0% used [0x0000000782660000, 0x0000000782660000, 0x0000000782aa0000)
 concurrent mark-sweep generation total 109064K, used 57537K [0x00000007aaaa0000, 0x00000007b1522000, 0x0000000800000000)
 Metaspace       used 44022K, capacity 45274K, committed 45584K, reserved 1089536K
  class space    used 5226K, capacity 5762K, committed 5836K, reserved 1048576K
}
Event: 10.112 GC heap after
{Heap after GC invocations=11 (full 5):
 par new generation   total 39296K, used 4352K [0x0000000780000000, 0x0000000782aa0000, 0x00000007aaaa0000)
  eden space 34944K,   0% used [0x0000000780000000, 0x0000000780000000, 0x0000000782220000)
  from space 4352K, 100% used [0x0000000782660000, 0x0000000782aa0000, 0x0000000782aa0000)
  to   space 4352K,   0% used [0x0000000782220000, 0x0000000782220000, 0x0000000782660000)
 concurrent mark-sweep generation total 109064K, used 61597K [0x00000007aaaa0000, 0x00000007b1522000, 0x0000000800000000)
 Metaspace       used 44022K, capacity 45274K, committed 45584K, reserved 1089536K
  class space    used 5226K, capacity 5762K, committed 5836K, reserved 1048576K
}
Event: 10.657 GC heap before
{Heap before GC invocations=11 (full 5):
 par new generation   total 39296K, used 39296K [0x0000000780000000, 0x0000000782aa0000, 0x00000007aaaa0000)
  eden space 34944K, 100% used [0x0000000780000000, 0x0000000782220000, 0x0000000782220000)
  from space 4352K, 100% used [0x0000000782660000, 0x0000000782aa0000, 0x0000000782aa0000)
  to   space 4352K,   0% used [0x0000000782220000, 0x0000000782220000, 0x0000000782660000)
 concurrent mark-sweep generation total 109064K, used 61597K [0x00000007aaaa0000, 0x00000007b1522000, 0x0000000800000000)
 Metaspace       used 44693K, capacity 46001K, committed 46096K, reserved 1089536K
  class space    used 5290K, capacity 5833K, committed 5836K, reserved 1048576K
}
Event: 10.659 GC heap after
{Heap after GC invocations=12 (full 5):
 par new generation   total 39296K, used 4352K [0x0000000780000000, 0x0000000782aa0000, 0x00000007aaaa0000)
  eden space 34944K,   0% used [0x0000000780000000, 0x0000000780000000, 0x0000000782220000)
  from space 4352K, 100% used [0x0000000782220000, 0x0000000782660000, 0x0000000782660000)
  to   space 4352K,   0% used [0x0000000782660000, 0x0000000782660000, 0x0000000782aa0000)
 concurrent mark-sweep generation total 109064K, used 68002K [0x00000007aaaa0000, 0x00000007b1522000, 0x0000000800000000)
 Metaspace       used 44693K, capacity 46001K, committed 46096K, reserved 1089536K
  class space    used 5290K, capacity 5833K, committed 5836K, reserved 1048576K
}

