# JRE version: OpenJDK Runtime Environment (11.0.5+10) (build 11.0.5+10-LTS)
# Java VM: OpenJDK 64-Bit Server VM (11.0.5+10-LTS, mixed mode, tiered, compressed oops, concurrent mark sweep gc, bsd-amd64)
Heap:
 par new generation   total 39296K, used 34859K [0x0000000780000000, 0x0000000782aa0000, 0x00000007aaaa0000)
  eden space 34944K,  91% used [0x0000000780000000, 0x0000000781f216b8, 0x0000000782220000)
  from space 4352K,  68% used [0x0000000782660000, 0x0000000782949760, 0x0000000782aa0000)
  to   space 4352K,   0% used [0x0000000782220000, 0x0000000782220000, 0x0000000782660000)
 concurrent mark-sweep generation total 158056K, used 94832K [0x00000007aaaa0000, 0x00000007b44fa000, 0x0000000800000000)
 Metaspace       used 49136K, capacity 50554K, committed 50816K, reserved 1093632K
  class space    used 5864K, capacity 6432K, committed 6528K, reserved 1048576K
GC Heap History (20 events):
Event: 7.255 GC heap before
{Heap before GC invocations=7 (full 4):
 par new generation   total 39296K, used 39132K [0x0000000780000000, 0x0000000782aa0000, 0x00000007aaaa0000)
  eden space 34944K,  99% used [0x0000000780000000, 0x00000007821f7080, 0x0000000782220000)
  from space 4352K, 100% used [0x0000000782660000, 0x0000000782aa0000, 0x0000000782aa0000)
  to   space 4352K,   0% used [0x0000000782220000, 0x0000000782220000, 0x0000000782660000)
 concurrent mark-sweep generation total 101812K, used 40852K [0x00000007aaaa0000, 0x00000007b0e0d000, 0x0000000800000000)
 Metaspace       used 25706K, capacity 26296K, committed 26624K, reserved 1073152K
  class space    used 2795K, capacity 3030K, committed 3072K, reserved 1048576K
}
Event: 7.256 GC heap after
{Heap after GC invocations=8 (full 4):
 par new generation   total 39296K, used 373K [0x0000000780000000, 0x0000000782aa0000, 0x00000007aaaa0000)
  eden space 34944K,   0% used [0x0000000780000000, 0x0000000780000000, 0x0000000782220000)
  from space 4352K,   8% used [0x0000000782220000, 0x000000078227d480, 0x0000000782660000)
  to   space 4352K,   0% used [0x0000000782660000, 0x0000000782660000, 0x0000000782aa0000)
 concurrent mark-sweep generation total 101812K, used 44976K [0x00000007aaaa0000, 0x00000007b0e0d000, 0x0000000800000000)
 Metaspace       used 25706K, capacity 26296K, committed 26624K, reserved 1073152K
  class space    used 2795K, capacity 3030K, committed 3072K, reserved 1048576K
}
Event: 7.802 GC heap before
{Heap before GC invocations=8 (full 4):
 par new generation   total 39296K, used 35317K [0x0000000780000000, 0x0000000782aa0000, 0x00000007aaaa0000)
  eden space 34944K, 100% used [0x0000000780000000, 0x0000000782220000, 0x0000000782220000)
  from space 4352K,   8% used [0x0000000782220000, 0x000000078227d480, 0x0000000782660000)
  to   space 4352K,   0% used [0x0000000782660000, 0x0000000782660000, 0x0000000782aa0000)
 concurrent mark-sweep generation total 101812K, used 44976K [0x00000007aaaa0000, 0x00000007b0e0d000, 0x0000000800000000)
 Metaspace       used 26211K, capacity 26864K, committed 27136K, reserved 1073152K
  class space    used 2833K, capacity 3070K, committed 3072K, reserved 1048576K
}
Event: 7.802 GC heap after
{Heap after GC invocations=9 (full 4):
 par new generation   total 39296K, used 346K [0x0000000780000000, 0x0000000782aa0000, 0x00000007aaaa0000)
  eden space 34944K,   0% used [0x0000000780000000, 0x0000000780000000, 0x0000000782220000)
  from space 4352K,   7% used [0x0000000782660000, 0x00000007826b6a00, 0x0000000782aa0000)
  to   space 4352K,   0% used [0x0000000782220000, 0x0000000782220000, 0x0000000782660000)
 concurrent mark-sweep generation total 101812K, used 44976K [0x00000007aaaa0000, 0x00000007b0e0d000, 0x0000000800000000)
 Metaspace       used 26211K, capacity 26864K, committed 27136K, reserved 1073152K
  class space    used 2833K, capacity 3070K, committed 3072K, reserved 1048576K
}
Event: 8.193 GC heap before
{Heap before GC invocations=9 (full 4):
 par new generation   total 39296K, used 35290K [0x0000000780000000, 0x0000000782aa0000, 0x00000007aaaa0000)
  eden space 34944K, 100% used [0x0000000780000000, 0x0000000782220000, 0x0000000782220000)
  from space 4352K,   7% used [0x0000000782660000, 0x00000007826b6a00, 0x0000000782aa0000)
  to   space 4352K,   0% used [0x0000000782220000, 0x0000000782220000, 0x0000000782660000)
 concurrent mark-sweep generation total 101812K, used 44976K [0x00000007aaaa0000, 0x00000007b0e0d000, 0x0000000800000000)
 Metaspace       used 35432K, capacity 36234K, committed 36608K, reserved 1081344K
  class space    used 3964K, capacity 4293K, committed 4352K, reserved 1048576K
}
Event: 8.196 GC heap after
{Heap after GC invocations=10 (full 4):
 par new generation   total 39296K, used 4352K [0x0000000780000000, 0x0000000782aa0000, 0x00000007aaaa0000)
  eden space 34944K,   0% used [0x0000000780000000, 0x0000000780000000, 0x0000000782220000)
  from space 4352K, 100% used [0x0000000782220000, 0x0000000782660000, 0x0000000782660000)
  to   space 4352K,   0% used [0x0000000782660000, 0x0000000782660000, 0x0000000782aa0000)
 concurrent mark-sweep generation total 101812K, used 52579K [0x00000007aaaa0000, 0x00000007b0e0d000, 0x0000000800000000)
 Metaspace       used 35432K, capacity 36234K, committed 36608K, reserved 1081344K
  class space    used 3964K, capacity 4293K, committed 4352K, reserved 1048576K
}
Event: 8.685 GC heap before
{Heap before GC invocations=10 (full 4):
 par new generation   total 39296K, used 39296K [0x0000000780000000, 0x0000000782aa0000, 0x00000007aaaa0000)
  eden space 34944K, 100% used [0x0000000780000000, 0x0000000782220000, 0x0000000782220000)
  from space 4352K, 100% used [0x0000000782220000, 0x0000000782660000, 0x0000000782660000)
  to   space 4352K,   0% used [0x0000000782660000, 0x0000000782660000, 0x0000000782aa0000)
 concurrent mark-sweep generation total 101812K, used 52579K [0x00000007aaaa0000, 0x00000007b0e0d000, 0x0000000800000000)
 Metaspace       used 43441K, capacity 44310K, committed 44544K, reserved 1087488K
  class space    used 5188K, capacity 5534K, committed 5632K, reserved 1048576K
}
Event: 8.693 GC heap after
{Heap after GC invocations=11 (full 4):
 par new generation   total 39296K, used 4339K [0x0000000780000000, 0x0000000782aa0000, 0x00000007aaaa0000)
  eden space 34944K,   0% used [0x0000000780000000, 0x0000000780000000, 0x0000000782220000)
  from space 4352K,  99% used [0x0000000782660000, 0x0000000782a9cd40, 0x0000000782aa0000)
  to   space 4352K,   0% used [0x0000000782220000, 0x0000000782220000, 0x0000000782660000)
 concurrent mark-sweep generation total 101812K, used 56942K [0x00000007aaaa0000, 0x00000007b0e0d000, 0x0000000800000000)
 Metaspace       used 43441K, capacity 44310K, committed 44544K, reserved 1087488K
  class space    used 5188K, capacity 5534K, committed 5632K, reserved 1048576K
}
Event: 9.325 GC heap before
{Heap before GC invocations=11 (full 5):
 par new generation   total 39296K, used 39295K [0x0000000780000000, 0x0000000782aa0000, 0x00000007aaaa0000)
  eden space 34944K, 100% used [0x0000000780000000, 0x0000000782220000, 0x0000000782220000)
  from space 4352K,  99% used [0x0000000782660000, 0x0000000782a9fff8, 0x0000000782aa0000)
  to   space 4352K,   0% used [0x0000000782220000, 0x0000000782220000, 0x0000000782660000)
 concurrent mark-sweep generation total 101812K, used 56711K [0x00000007aaaa0000, 0x00000007b0e0d000, 0x0000000800000000)
 Metaspace       used 46130K, capacity 47360K, committed 47616K, reserved 1091584K
  class space    used 5595K, capacity 6118K, committed 6144K, reserved 1048576K
}
Event: 9.328 GC heap after
{Heap after GC invocations=12 (full 5):
 par new generation   total 39296K, used 3274K [0x0000000780000000, 0x0000000782aa0000, 0x00000007aaaa0000)
  eden space 34944K,   0% used [0x0000000780000000, 0x0000000780000000, 0x0000000782220000)
  from space 4352K,  75% used [0x0000000782220000, 0x00000007825529b8, 0x0000000782660000)
  to   space 4352K,   0% used [0x0000000782660000, 0x0000000782660000, 0x0000000782aa0000)
 concurrent mark-sweep generation total 101812K, used 59958K [0x00000007aaaa0000, 0x00000007b0e0d000, 0x0000000800000000)
 Metaspace       used 46130K, capacity 47360K, committed 47616K, reserved 1091584K
  class space    used 5595K, capacity 6118K, committed 6144K, reserved 1048576K
}
Event: 9.328 GC heap before
{Heap before GC invocations=12 (full 5):
 par new generation   total 39296K, used 3511K [0x0000000780000000, 0x0000000782aa0000, 0x00000007aaaa0000)
  eden space 34944K,   0% used [0x0000000780000000, 0x000000078003b5d8, 0x0000000782220000)
  from space 4352K,  75% used [0x0000000782220000, 0x00000007825529b8, 0x0000000782660000)
  to   space 4352K,   0% used [0x0000000782660000, 0x0000000782660000, 0x0000000782aa0000)
 concurrent mark-sweep generation total 101812K, used 59958K [0x00000007aaaa0000, 0x00000007b0e0d000, 0x0000000800000000)
 Metaspace       used 46130K, capacity 47360K, committed 47616K, reserved 1091584K
  class space    used 5595K, capacity 6118K, committed 6144K, reserved 1048576K
}
Event: 9.329 GC heap after
{Heap after GC invocations=13 (full 5):
 par new generation   total 39296K, used 2646K [0x0000000780000000, 0x0000000782aa0000, 0x00000007aaaa0000)
  eden space 34944K,   0% used [0x0000000780000000, 0x0000000780000000, 0x0000000782220000)
  from space 4352K,  60% used [0x0000000782660000, 0x00000007828f5890, 0x0000000782aa0000)
  to   space 4352K,   0% used [0x0000000782220000, 0x0000000782220000, 0x0000000782660000)
 concurrent mark-sweep generation total 101812K, used 59958K [0x00000007aaaa0000, 0x00000007b0e0d000, 0x0000000800000000)
 Metaspace       used 46130K, capacity 47360K, committed 47616K, reserved 1091584K
  class space    used 5595K, capacity 6118K, committed 6144K, reserved 1048576K
}
Event: 10.442 GC heap before
{Heap before GC invocations=13 (full 5):
 par new generation   total 39296K, used 37674K [0x0000000780000000, 0x0000000782aa0000, 0x00000007aaaa0000)
  eden space 34944K, 100% used [0x0000000780000000, 0x0000000782220000, 0x0000000782220000)
  from space 4352K,  62% used [0x0000000782660000, 0x000000078290a958, 0x0000000782aa0000)
  to   space 4352K,   0% used [0x0000000782220000, 0x0000000782220000, 0x0000000782660000)
 concurrent mark-sweep generation total 101812K, used 59958K [0x00000007aaaa0000, 0x00000007b0e0d000, 0x0000000800000000)
 Metaspace       used 46934K, capacity 48185K, committed 48512K, reserved 1091584K
  class space    used 5647K, capacity 6155K, committed 6272K, reserved 1048576K
}
Event: 10.444 GC heap after
{Heap after GC invocations=14 (full 5):
 par new generation   total 39296K, used 4352K [0x0000000780000000, 0x0000000782aa0000, 0x00000007aaaa0000)
  eden space 34944K,   0% used [0x0000000780000000, 0x0000000780000000, 0x0000000782220000)
  from space 4352K, 100% used [0x0000000782220000, 0x0000000782660000, 0x0000000782660000)
  to   space 4352K,   0% used [0x0000000782660000, 0x0000000782660000, 0x0000000782aa0000)
 concurrent mark-sweep generation total 101812K, used 61586K [0x00000007aaaa0000, 0x00000007b0e0d000, 0x0000000800000000)
 Metaspace       used 46934K, capacity 48185K, committed 48512K, reserved 1091584K
  class space    used 5647K, capacity 6155K, committed 6272K, reserved 1048576K
}
Event: 11.367 GC heap before
{Heap before GC invocations=14 (full 5):
 par new generation   total 39296K, used 38080K [0x0000000780000000, 0x0000000782aa0000, 0x00000007aaaa0000)
  eden space 34944K,  96% used [0x0000000780000000, 0x00000007820f0328, 0x0000000782220000)
  from space 4352K, 100% used [0x0000000782220000, 0x0000000782660000, 0x0000000782660000)
  to   space 4352K,   0% used [0x0000000782660000, 0x0000000782660000, 0x0000000782aa0000)
 concurrent mark-sweep generation total 101812K, used 63122K [0x00000007aaaa0000, 0x00000007b0e0d000, 0x0000000800000000)
 Metaspace       used 47373K, capacity 48715K, committed 48768K, reserved 1091584K
  class space    used 5665K, capacity 6225K, committed 6272K, reserved 1048576K
}
Event: 11.369 GC heap after
{Heap after GC invocations=15 (full 5):
 par new generation   total 39296K, used 3794K [0x0000000780000000, 0x0000000782aa0000, 0x00000007aaaa0000)
  eden space 34944K,   0% used [0x0000000780000000, 0x0000000780000000, 0x0000000782220000)
  from space 4352K,  87% used [0x0000000782660000, 0x0000000782a14ac0, 0x0000000782aa0000)
  to   space 4352K,   0% used [0x0000000782220000, 0x0000000782220000, 0x0000000782660000)
 concurrent mark-sweep generation total 101812K, used 66769K [0x00000007aaaa0000, 0x00000007b0e0d000, 0x0000000800000000)
 Metaspace       used 47373K, capacity 48715K, committed 48768K, reserved 1091584K
  class space    used 5665K, capacity 6225K, committed 6272K, reserved 1048576K
}
Event: 11.817 GC heap before
{Heap before GC invocations=15 (full 5):
 par new generation   total 39296K, used 35158K [0x0000000780000000, 0x0000000782aa0000, 0x00000007aaaa0000)
  eden space 34944K,  89% used [0x0000000780000000, 0x0000000781ea0fd8, 0x0000000782220000)
  from space 4352K,  87% used [0x0000000782660000, 0x0000000782a14ac0, 0x0000000782aa0000)
  to   space 4352K,   0% used [0x0000000782220000, 0x0000000782220000, 0x0000000782660000)
 concurrent mark-sweep generation total 101812K, used 73010K [0x00000007aaaa0000, 0x00000007b0e0d000, 0x0000000800000000)
 Metaspace       used 47781K, capacity 49096K, committed 49280K, reserved 1091584K
  class space    used 5715K, capacity 6265K, committed 6272K, reserved 1048576K
}
Event: 11.818 GC heap after
{Heap after GC invocations=16 (full 5):
 par new generation   total 39296K, used 3927K [0x0000000780000000, 0x0000000782aa0000, 0x00000007aaaa0000)
  eden space 34944K,   0% used [0x0000000780000000, 0x0000000780000000, 0x0000000782220000)
  from space 4352K,  90% used [0x0000000782220000, 0x00000007825f5dd8, 0x0000000782660000)
  to   space 4352K,   0% used [0x0000000782660000, 0x0000000782660000, 0x0000000782aa0000)
 concurrent mark-sweep generation total 101812K, used 77606K [0x00000007aaaa0000, 0x00000007b0e0d000, 0x0000000800000000)
 Metaspace       used 47781K, capacity 49096K, committed 49280K, reserved 1091584K
  class space    used 5715K, capacity 6265K, committed 6272K, reserved 1048576K
}
Event: 11.896 GC heap before
{Heap before GC invocations=16 (full 5):
 par new generation   total 39296K, used 34758K [0x0000000780000000, 0x0000000782aa0000, 0x00000007aaaa0000)
  eden space 34944K,  88% used [0x0000000780000000, 0x0000000781e1ba40, 0x0000000782220000)
  from space 4352K,  90% used [0x0000000782220000, 0x00000007825f5dd8, 0x0000000782660000)
  to   space 4352K,   0% used [0x0000000782660000, 0x0000000782660000, 0x0000000782aa0000)
 concurrent mark-sweep generation total 101812K, used 83847K [0x00000007aaaa0000, 0x00000007b0e0d000, 0x0000000800000000)
 Metaspace       used 47944K, capacity 49332K, committed 49664K, reserved 1093632K
  class space    used 5730K, capacity 6302K, committed 6400K, reserved 1048576K
}
Event: 11.899 GC heap after
{Heap after GC invocations=17 (full 5):
 par new generation   total 39296K, used 2981K [0x0000000780000000, 0x0000000782aa0000, 0x00000007aaaa0000)
  eden space 34944K,   0% used [0x0000000780000000, 0x0000000780000000, 0x0000000782220000)
  from space 4352K,  68% used [0x0000000782660000, 0x0000000782949760, 0x0000000782aa0000)
  to   space 4352K,   0% used [0x0000000782220000, 0x0000000782220000, 0x0000000782660000)
 concurrent mark-sweep generation total 103408K, used 102180K [0x00000007aaaa0000, 0x00000007b0f9c000, 0x0000000800000000)
 Metaspace       used 47944K, capacity 49332K, committed 49664K, reserved 1093632K
  class space    used 5730K, capacity 6302K, committed 6400K, reserved 1048576K
}

