# JRE version: OpenJDK Runtime Environment (11.0.5+10) (build 11.0.5+10-LTS)
# Java VM: OpenJDK 64-Bit Server VM (11.0.5+10-LTS, mixed mode, tiered, compressed oops, concurrent mark sweep gc, bsd-amd64)
Heap:
 par new generation   total 39296K, used 24135K [0x0000000780000000, 0x0000000782aa0000, 0x00000007aaaa0000)
  eden space 34944K,  56% used [0x0000000780000000, 0x0000000781351d70, 0x0000000782220000)
  from space 4352K, 100% used [0x0000000782220000, 0x0000000782660000, 0x0000000782660000)
  to   space 4352K,   0% used [0x0000000782660000, 0x0000000782660000, 0x0000000782aa0000)
 concurrent mark-sweep generation total 87424K, used 68098K [0x00000007aaaa0000, 0x00000007b0000000, 0x0000000800000000)
 Metaspace       used 44928K, capacity 46311K, committed 46464K, reserved 1089536K
  class space    used 5310K, capacity 5895K, committed 6016K, reserved 1048576K
GC Heap History (20 events):
Event: 2.094 GC heap before
{Heap before GC invocations=2 (full 0):
 par new generation   total 39296K, used 37389K [0x0000000780000000, 0x0000000782aa0000, 0x00000007aaaa0000)
  eden space 34944K, 100% used [0x0000000780000000, 0x0000000782220000, 0x0000000782220000)
  from space 4352K,  56% used [0x0000000782220000, 0x00000007824836f0, 0x0000000782660000)
  to   space 4352K,   0% used [0x0000000782660000, 0x0000000782660000, 0x0000000782aa0000)
 concurrent mark-sweep generation total 87424K, used 27486K [0x00000007aaaa0000, 0x00000007b0000000, 0x0000000800000000)
 Metaspace       used 17966K, capacity 18503K, committed 18816K, reserved 1067008K
  class space    used 1940K, capacity 2126K, committed 2176K, reserved 1048576K
}
Event: 2.103 GC heap after
{Heap after GC invocations=3 (full 0):
 par new generation   total 39296K, used 705K [0x0000000780000000, 0x0000000782aa0000, 0x00000007aaaa0000)
  eden space 34944K,   0% used [0x0000000780000000, 0x0000000780000000, 0x0000000782220000)
  from space 4352K,  16% used [0x0000000782660000, 0x0000000782710480, 0x0000000782aa0000)
  to   space 4352K,   0% used [0x0000000782220000, 0x0000000782220000, 0x0000000782660000)
 concurrent mark-sweep generation total 87424K, used 49910K [0x00000007aaaa0000, 0x00000007b0000000, 0x0000000800000000)
 Metaspace       used 17966K, capacity 18503K, committed 18816K, reserved 1067008K
  class space    used 1940K, capacity 2126K, committed 2176K, reserved 1048576K
}
Event: 2.568 GC heap before
{Heap before GC invocations=3 (full 1):
 par new generation   total 39296K, used 24772K [0x0000000780000000, 0x0000000782aa0000, 0x00000007aaaa0000)
  eden space 34944K,  68% used [0x0000000780000000, 0x0000000781780d38, 0x0000000782220000)
  from space 4352K,  16% used [0x0000000782660000, 0x0000000782710480, 0x0000000782aa0000)
  to   space 4352K,   0% used [0x0000000782220000, 0x0000000782220000, 0x0000000782660000)
 concurrent mark-sweep generation total 87424K, used 49878K [0x00000007aaaa0000, 0x00000007b0000000, 0x0000000800000000)
 Metaspace       used 17979K, capacity 18503K, committed 18816K, reserved 1067008K
  class space    used 1940K, capacity 2126K, committed 2176K, reserved 1048576K
}
Event: 2.569 GC heap after
{Heap after GC invocations=4 (full 1):
 par new generation   total 39296K, used 677K [0x0000000780000000, 0x0000000782aa0000, 0x00000007aaaa0000)
  eden space 34944K,   0% used [0x0000000780000000, 0x0000000780000000, 0x0000000782220000)
  from space 4352K,  15% used [0x0000000782220000, 0x00000007822c9430, 0x0000000782660000)
  to   space 4352K,   0% used [0x0000000782660000, 0x0000000782660000, 0x0000000782aa0000)
 concurrent mark-sweep generation total 87424K, used 49878K [0x00000007aaaa0000, 0x00000007b0000000, 0x0000000800000000)
 Metaspace       used 17979K, capacity 18503K, committed 18816K, reserved 1067008K
  class space    used 1940K, capacity 2126K, committed 2176K, reserved 1048576K
}
Event: 3.061 GC heap before
{Heap before GC invocations=4 (full 1):
 par new generation   total 39296K, used 26533K [0x0000000780000000, 0x0000000782aa0000, 0x00000007aaaa0000)
  eden space 34944K,  73% used [0x0000000780000000, 0x0000000781940228, 0x0000000782220000)
  from space 4352K,  15% used [0x0000000782220000, 0x00000007822c9430, 0x0000000782660000)
  to   space 4352K,   0% used [0x0000000782660000, 0x0000000782660000, 0x0000000782aa0000)
 concurrent mark-sweep generation total 87424K, used 49878K [0x00000007aaaa0000, 0x00000007b0000000, 0x0000000800000000)
 Metaspace       used 22071K, capacity 22666K, committed 22912K, reserved 1069056K
  class space    used 2424K, capacity 2628K, committed 2688K, reserved 1048576K
}
Event: 3.064 GC heap after
{Heap after GC invocations=5 (full 1):
 par new generation   total 39296K, used 4352K [0x0000000780000000, 0x0000000782aa0000, 0x00000007aaaa0000)
  eden space 34944K,   0% used [0x0000000780000000, 0x0000000780000000, 0x0000000782220000)
  from space 4352K, 100% used [0x0000000782660000, 0x0000000782aa0000, 0x0000000782aa0000)
  to   space 4352K,   0% used [0x0000000782220000, 0x0000000782220000, 0x0000000782660000)
 concurrent mark-sweep generation total 87424K, used 54634K [0x00000007aaaa0000, 0x00000007b0000000, 0x0000000800000000)
 Metaspace       used 22071K, capacity 22666K, committed 22912K, reserved 1069056K
  class space    used 2424K, capacity 2628K, committed 2688K, reserved 1048576K
}
Event: 6.039 GC heap before
{Heap before GC invocations=5 (full 1):
 par new generation   total 39296K, used 39286K [0x0000000780000000, 0x0000000782aa0000, 0x00000007aaaa0000)
  eden space 34944K,  99% used [0x0000000780000000, 0x000000078221da60, 0x0000000782220000)
  from space 4352K, 100% used [0x0000000782660000, 0x0000000782aa0000, 0x0000000782aa0000)
  to   space 4352K,   0% used [0x0000000782220000, 0x0000000782220000, 0x0000000782660000)
 concurrent mark-sweep generation total 87424K, used 54634K [0x00000007aaaa0000, 0x00000007b0000000, 0x0000000800000000)
 Metaspace       used 23562K, capacity 24177K, committed 24576K, reserved 1071104K
  class space    used 2514K, capacity 2726K, committed 2816K, reserved 1048576K
}
Event: 6.044 GC heap after
{Heap after GC invocations=6 (full 1):
 par new generation   total 39296K, used 4297K [0x0000000780000000, 0x0000000782aa0000, 0x00000007aaaa0000)
  eden space 34944K,   0% used [0x0000000780000000, 0x0000000780000000, 0x0000000782220000)
  from space 4352K,  98% used [0x0000000782220000, 0x00000007826524f8, 0x0000000782660000)
  to   space 4352K,   0% used [0x0000000782660000, 0x0000000782660000, 0x0000000782aa0000)
 concurrent mark-sweep generation total 87424K, used 58545K [0x00000007aaaa0000, 0x00000007b0000000, 0x0000000800000000)
 Metaspace       used 23562K, capacity 24177K, committed 24576K, reserved 1071104K
  class space    used 2514K, capacity 2726K, committed 2816K, reserved 1048576K
}
Event: 6.264 GC heap before
{Heap before GC invocations=6 (full 1):
 par new generation   total 39296K, used 39241K [0x0000000780000000, 0x0000000782aa0000, 0x00000007aaaa0000)
  eden space 34944K, 100% used [0x0000000780000000, 0x0000000782220000, 0x0000000782220000)
  from space 4352K,  98% used [0x0000000782220000, 0x00000007826524f8, 0x0000000782660000)
  to   space 4352K,   0% used [0x0000000782660000, 0x0000000782660000, 0x0000000782aa0000)
 concurrent mark-sweep generation total 87424K, used 58545K [0x00000007aaaa0000, 0x00000007b0000000, 0x0000000800000000)
 Metaspace       used 24819K, capacity 25462K, committed 25856K, reserved 1073152K
  class space    used 2748K, capacity 2984K, committed 3072K, reserved 1048576K
}
Event: 6.267 GC heap after
{Heap after GC invocations=7 (full 1):
 par new generation   total 39296K, used 4253K [0x0000000780000000, 0x0000000782aa0000, 0x00000007aaaa0000)
  eden space 34944K,   0% used [0x0000000780000000, 0x0000000780000000, 0x0000000782220000)
  from space 4352K,  97% used [0x0000000782660000, 0x0000000782a876d0, 0x0000000782aa0000)
  to   space 4352K,   0% used [0x0000000782220000, 0x0000000782220000, 0x0000000782660000)
 concurrent mark-sweep generation total 87424K, used 65036K [0x00000007aaaa0000, 0x00000007b0000000, 0x0000000800000000)
 Metaspace       used 24819K, capacity 25462K, committed 25856K, reserved 1073152K
  class space    used 2748K, capacity 2984K, committed 3072K, reserved 1048576K
}
Event: 8.076 GC heap before
{Heap before GC invocations=7 (full 1):
 par new generation   total 39296K, used 39197K [0x0000000780000000, 0x0000000782aa0000, 0x00000007aaaa0000)
  eden space 34944K, 100% used [0x0000000780000000, 0x0000000782220000, 0x0000000782220000)
  from space 4352K,  97% used [0x0000000782660000, 0x0000000782a876d0, 0x0000000782aa0000)
  to   space 4352K,   0% used [0x0000000782220000, 0x0000000782220000, 0x0000000782660000)
 concurrent mark-sweep generation total 87424K, used 65036K [0x00000007aaaa0000, 0x00000007b0000000, 0x0000000800000000)
 Metaspace       used 28915K, capacity 29700K, committed 29952K, reserved 1075200K
  class space    used 3180K, capacity 3484K, committed 3584K, reserved 1048576K
}
Event: 8.083 GC heap after
{Heap after GC invocations=8 (full 1):
 par new generation   total 39296K, used 4352K [0x0000000780000000, 0x0000000782aa0000, 0x00000007aaaa0000)
  eden space 34944K,   0% used [0x0000000780000000, 0x0000000780000000, 0x0000000782220000)
  from space 4352K, 100% used [0x0000000782220000, 0x0000000782660000, 0x0000000782660000)
  to   space 4352K,   0% used [0x0000000782660000, 0x0000000782660000, 0x0000000782aa0000)
 concurrent mark-sweep generation total 87424K, used 76083K [0x00000007aaaa0000, 0x00000007b0000000, 0x0000000800000000)
 Metaspace       used 28915K, capacity 29700K, committed 29952K, reserved 1075200K
  class space    used 3180K, capacity 3484K, committed 3584K, reserved 1048576K
}
Event: 8.662 GC heap before
{Heap before GC invocations=8 (full 2):
 par new generation   total 39296K, used 39296K [0x0000000780000000, 0x0000000782aa0000, 0x00000007aaaa0000)
  eden space 34944K, 100% used [0x0000000780000000, 0x0000000782220000, 0x0000000782220000)
  from space 4352K, 100% used [0x0000000782220000, 0x0000000782660000, 0x0000000782660000)
  to   space 4352K,   0% used [0x0000000782660000, 0x0000000782660000, 0x0000000782aa0000)
 concurrent mark-sweep generation total 87424K, used 49541K [0x00000007aaaa0000, 0x00000007b0000000, 0x0000000800000000)
 Metaspace       used 36132K, capacity 37154K, committed 37376K, reserved 1081344K
  class space    used 4355K, capacity 4750K, committed 4864K, reserved 1048576K
}
Event: 8.666 GC heap after
{Heap after GC invocations=9 (full 2):
 par new generation   total 39296K, used 3247K [0x0000000780000000, 0x0000000782aa0000, 0x00000007aaaa0000)
  eden space 34944K,   0% used [0x0000000780000000, 0x0000000780000000, 0x0000000782220000)
  from space 4352K,  74% used [0x0000000782660000, 0x000000078298bd10, 0x0000000782aa0000)
  to   space 4352K,   0% used [0x0000000782220000, 0x0000000782220000, 0x0000000782660000)
 concurrent mark-sweep generation total 87424K, used 53804K [0x00000007aaaa0000, 0x00000007b0000000, 0x0000000800000000)
 Metaspace       used 36132K, capacity 37154K, committed 37376K, reserved 1081344K
  class space    used 4355K, capacity 4750K, committed 4864K, reserved 1048576K
}
Event: 9.093 GC heap before
{Heap before GC invocations=9 (full 2):
 par new generation   total 39296K, used 38191K [0x0000000780000000, 0x0000000782aa0000, 0x00000007aaaa0000)
  eden space 34944K, 100% used [0x0000000780000000, 0x0000000782220000, 0x0000000782220000)
  from space 4352K,  74% used [0x0000000782660000, 0x000000078298bd10, 0x0000000782aa0000)
  to   space 4352K,   0% used [0x0000000782220000, 0x0000000782220000, 0x0000000782660000)
 concurrent mark-sweep generation total 87424K, used 53804K [0x00000007aaaa0000, 0x00000007b0000000, 0x0000000800000000)
 Metaspace       used 42911K, capacity 44112K, committed 44416K, reserved 1087488K
  class space    used 5149K, capacity 5657K, committed 5760K, reserved 1048576K
}
Event: 9.098 GC heap after
{Heap after GC invocations=10 (full 2):
 par new generation   total 39296K, used 4352K [0x0000000780000000, 0x0000000782aa0000, 0x00000007aaaa0000)
  eden space 34944K,   0% used [0x0000000780000000, 0x0000000780000000, 0x0000000782220000)
  from space 4352K, 100% used [0x0000000782220000, 0x0000000782660000, 0x0000000782660000)
  to   space 4352K,   0% used [0x0000000782660000, 0x0000000782660000, 0x0000000782aa0000)
 concurrent mark-sweep generation total 87424K, used 56641K [0x00000007aaaa0000, 0x00000007b0000000, 0x0000000800000000)
 Metaspace       used 42911K, capacity 44112K, committed 44416K, reserved 1087488K
  class space    used 5149K, capacity 5657K, committed 5760K, reserved 1048576K
}
Event: 9.392 GC heap before
{Heap before GC invocations=10 (full 2):
 par new generation   total 39296K, used 39296K [0x0000000780000000, 0x0000000782aa0000, 0x00000007aaaa0000)
  eden space 34944K, 100% used [0x0000000780000000, 0x0000000782220000, 0x0000000782220000)
  from space 4352K, 100% used [0x0000000782220000, 0x0000000782660000, 0x0000000782660000)
  to   space 4352K,   0% used [0x0000000782660000, 0x0000000782660000, 0x0000000782aa0000)
 concurrent mark-sweep generation total 87424K, used 56936K [0x00000007aaaa0000, 0x00000007b0000000, 0x0000000800000000)
 Metaspace       used 43907K, capacity 45193K, committed 45440K, reserved 1089536K
  class space    used 5226K, capacity 5758K, committed 5760K, reserved 1048576K
}
Event: 9.398 GC heap after
{Heap after GC invocations=11 (full 2):
 par new generation   total 39296K, used 4352K [0x0000000780000000, 0x0000000782aa0000, 0x00000007aaaa0000)
  eden space 34944K,   0% used [0x0000000780000000, 0x0000000780000000, 0x0000000782220000)
  from space 4352K, 100% used [0x0000000782660000, 0x0000000782aa0000, 0x0000000782aa0000)
  to   space 4352K,   0% used [0x0000000782220000, 0x0000000782220000, 0x0000000782660000)
 concurrent mark-sweep generation total 87424K, used 60834K [0x00000007aaaa0000, 0x00000007b0000000, 0x0000000800000000)
 Metaspace       used 43907K, capacity 45193K, committed 45440K, reserved 1089536K
  class space    used 5226K, capacity 5758K, committed 5760K, reserved 1048576K
}
Event: 9.992 GC heap before
{Heap before GC invocations=11 (full 2):
 par new generation   total 39296K, used 39296K [0x0000000780000000, 0x0000000782aa0000, 0x00000007aaaa0000)
  eden space 34944K, 100% used [0x0000000780000000, 0x0000000782220000, 0x0000000782220000)
  from space 4352K, 100% used [0x0000000782660000, 0x0000000782aa0000, 0x0000000782aa0000)
  to   space 4352K,   0% used [0x0000000782220000, 0x0000000782220000, 0x0000000782660000)
 concurrent mark-sweep generation total 87424K, used 60834K [0x00000007aaaa0000, 0x00000007b0000000, 0x0000000800000000)
 Metaspace       used 44504K, capacity 45814K, committed 46080K, reserved 1089536K
  class space    used 5264K, capacity 5773K, committed 5888K, reserved 1048576K
}
Event: 9.994 GC heap after
{Heap after GC invocations=12 (full 2):
 par new generation   total 39296K, used 4352K [0x0000000780000000, 0x0000000782aa0000, 0x00000007aaaa0000)
  eden space 34944K,   0% used [0x0000000780000000, 0x0000000780000000, 0x0000000782220000)
  from space 4352K, 100% used [0x0000000782220000, 0x0000000782660000, 0x0000000782660000)
  to   space 4352K,   0% used [0x0000000782660000, 0x0000000782660000, 0x0000000782aa0000)
 concurrent mark-sweep generation total 87424K, used 68098K [0x00000007aaaa0000, 0x00000007b0000000, 0x0000000800000000)
 Metaspace       used 44504K, capacity 45814K, committed 46080K, reserved 1089536K
  class space    used 5264K, capacity 5773K, committed 5888K, reserved 1048576K
}

