# JRE version: OpenJDK Runtime Environment (11.0.5+10) (build 11.0.5+10-LTS)
# Java VM: OpenJDK 64-Bit Server VM (11.0.5+10-LTS, mixed mode, tiered, compressed oops, concurrent mark sweep gc, bsd-amd64)
Heap:
 par new generation   total 39296K, used 23180K [0x0000000780000000, 0x0000000782aa0000, 0x00000007aaaa0000)
  eden space 34944K,  53% used [0x0000000780000000, 0x0000000781263398, 0x0000000782220000)
  from space 4352K, 100% used [0x0000000782220000, 0x0000000782660000, 0x0000000782660000)
  to   space 4352K,   0% used [0x0000000782660000, 0x0000000782660000, 0x0000000782aa0000)
 concurrent mark-sweep generation total 127932K, used 86897K [0x00000007aaaa0000, 0x00000007b278f000, 0x0000000800000000)
 Metaspace       used 44272K, capacity 45518K, committed 45732K, reserved 1089536K
  class space    used 5263K, capacity 5800K, committed 5888K, reserved 1048576K
GC Heap History (20 events):
Event: 2.126 GC heap before
{Heap before GC invocations=2 (full 0):
 par new generation   total 39296K, used 37403K [0x0000000780000000, 0x0000000782aa0000, 0x00000007aaaa0000)
  eden space 34944K, 100% used [0x0000000780000000, 0x0000000782220000, 0x0000000782220000)
  from space 4352K,  56% used [0x0000000782220000, 0x0000000782486cf8, 0x0000000782660000)
  to   space 4352K,   0% used [0x0000000782660000, 0x0000000782660000, 0x0000000782aa0000)
 concurrent mark-sweep generation total 87424K, used 27490K [0x00000007aaaa0000, 0x00000007b0000000, 0x0000000800000000)
 Metaspace       used 17978K, capacity 18471K, committed 18816K, reserved 1067008K
  class space    used 1930K, capacity 2094K, committed 2176K, reserved 1048576K
}
Event: 2.133 GC heap after
{Heap after GC invocations=3 (full 0):
 par new generation   total 39296K, used 709K [0x0000000780000000, 0x0000000782aa0000, 0x00000007aaaa0000)
  eden space 34944K,   0% used [0x0000000780000000, 0x0000000780000000, 0x0000000782220000)
  from space 4352K,  16% used [0x0000000782660000, 0x0000000782711400, 0x0000000782aa0000)
  to   space 4352K,   0% used [0x0000000782220000, 0x0000000782220000, 0x0000000782660000)
 concurrent mark-sweep generation total 87424K, used 49914K [0x00000007aaaa0000, 0x00000007b0000000, 0x0000000800000000)
 Metaspace       used 17978K, capacity 18471K, committed 18816K, reserved 1067008K
  class space    used 1930K, capacity 2094K, committed 2176K, reserved 1048576K
}
Event: 2.658 GC heap before
{Heap before GC invocations=3 (full 1):
 par new generation   total 39296K, used 35653K [0x0000000780000000, 0x0000000782aa0000, 0x00000007aaaa0000)
  eden space 34944K, 100% used [0x0000000780000000, 0x0000000782220000, 0x0000000782220000)
  from space 4352K,  16% used [0x0000000782660000, 0x0000000782711400, 0x0000000782aa0000)
  to   space 4352K,   0% used [0x0000000782220000, 0x0000000782220000, 0x0000000782660000)
 concurrent mark-sweep generation total 87424K, used 49883K [0x00000007aaaa0000, 0x00000007b0000000, 0x0000000800000000)
 Metaspace       used 17989K, capacity 18471K, committed 18816K, reserved 1067008K
  class space    used 1930K, capacity 2094K, committed 2176K, reserved 1048576K
}
Event: 2.664 GC heap after
{Heap after GC invocations=4 (full 1):
 par new generation   total 39296K, used 798K [0x0000000780000000, 0x0000000782aa0000, 0x00000007aaaa0000)
  eden space 34944K,   0% used [0x0000000780000000, 0x0000000780000000, 0x0000000782220000)
  from space 4352K,  18% used [0x0000000782220000, 0x00000007822e7a48, 0x0000000782660000)
  to   space 4352K,   0% used [0x0000000782660000, 0x0000000782660000, 0x0000000782aa0000)
 concurrent mark-sweep generation total 87424K, used 61095K [0x00000007aaaa0000, 0x00000007b0000000, 0x0000000800000000)
 Metaspace       used 17989K, capacity 18471K, committed 18816K, reserved 1067008K
  class space    used 1930K, capacity 2094K, committed 2176K, reserved 1048576K
}
Event: 2.981 GC heap before
{Heap before GC invocations=4 (full 2):
 par new generation   total 39296K, used 26252K [0x0000000780000000, 0x0000000782aa0000, 0x00000007aaaa0000)
  eden space 34944K,  72% used [0x0000000780000000, 0x00000007818db808, 0x0000000782220000)
  from space 4352K,  18% used [0x0000000782220000, 0x00000007822e7a48, 0x0000000782660000)
  to   space 4352K,   0% used [0x0000000782660000, 0x0000000782660000, 0x0000000782aa0000)
 concurrent mark-sweep generation total 101812K, used 61086K [0x00000007aaaa0000, 0x00000007b0e0d000, 0x0000000800000000)
 Metaspace       used 22244K, capacity 22829K, committed 23168K, reserved 1069056K
  class space    used 2436K, capacity 2661K, committed 2688K, reserved 1048576K
}
Event: 2.989 GC heap after
{Heap after GC invocations=5 (full 2):
 par new generation   total 39296K, used 3353K [0x0000000780000000, 0x0000000782aa0000, 0x00000007aaaa0000)
  eden space 34944K,   0% used [0x0000000780000000, 0x0000000780000000, 0x0000000782220000)
  from space 4352K,  77% used [0x0000000782660000, 0x00000007829a6520, 0x0000000782aa0000)
  to   space 4352K,   0% used [0x0000000782220000, 0x0000000782220000, 0x0000000782660000)
 concurrent mark-sweep generation total 101812K, used 76272K [0x00000007aaaa0000, 0x00000007b0e0d000, 0x0000000800000000)
 Metaspace       used 22244K, capacity 22829K, committed 23168K, reserved 1069056K
  class space    used 2436K, capacity 2661K, committed 2688K, reserved 1048576K
}
Event: 6.011 GC heap before
{Heap before GC invocations=5 (full 3):
 par new generation   total 39296K, used 38297K [0x0000000780000000, 0x0000000782aa0000, 0x00000007aaaa0000)
  eden space 34944K, 100% used [0x0000000780000000, 0x0000000782220000, 0x0000000782220000)
  from space 4352K,  77% used [0x0000000782660000, 0x00000007829a6520, 0x0000000782aa0000)
  to   space 4352K,   0% used [0x0000000782220000, 0x0000000782220000, 0x0000000782660000)
 concurrent mark-sweep generation total 101812K, used 76272K [0x00000007aaaa0000, 0x00000007b0e0d000, 0x0000000800000000)
 Metaspace       used 24600K, capacity 25241K, committed 25600K, reserved 1071104K
  class space    used 2728K, capacity 2953K, committed 3072K, reserved 1048576K
}
Event: 6.015 GC heap after
{Heap after GC invocations=6 (full 3):
 par new generation   total 39296K, used 4352K [0x0000000780000000, 0x0000000782aa0000, 0x00000007aaaa0000)
  eden space 34944K,   0% used [0x0000000780000000, 0x0000000780000000, 0x0000000782220000)
  from space 4352K, 100% used [0x0000000782220000, 0x0000000782660000, 0x0000000782660000)
  to   space 4352K,   0% used [0x0000000782660000, 0x0000000782660000, 0x0000000782aa0000)
 concurrent mark-sweep generation total 101812K, used 85588K [0x00000007aaaa0000, 0x00000007b0e0d000, 0x0000000800000000)
 Metaspace       used 24600K, capacity 25241K, committed 25600K, reserved 1071104K
  class space    used 2728K, capacity 2953K, committed 3072K, reserved 1048576K
}
Event: 6.861 GC heap before
{Heap before GC invocations=6 (full 3):
 par new generation   total 39296K, used 39296K [0x0000000780000000, 0x0000000782aa0000, 0x00000007aaaa0000)
  eden space 34944K, 100% used [0x0000000780000000, 0x0000000782220000, 0x0000000782220000)
  from space 4352K, 100% used [0x0000000782220000, 0x0000000782660000, 0x0000000782660000)
  to   space 4352K,   0% used [0x0000000782660000, 0x0000000782660000, 0x0000000782aa0000)
 concurrent mark-sweep generation total 101812K, used 51930K [0x00000007aaaa0000, 0x00000007b0e0d000, 0x0000000800000000)
 Metaspace       used 25421K, capacity 26075K, committed 26368K, reserved 1073152K
  class space    used 2773K, capacity 2999K, committed 3072K, reserved 1048576K
}
Event: 6.863 GC heap after
{Heap after GC invocations=7 (full 3):
 par new generation   total 39296K, used 4341K [0x0000000780000000, 0x0000000782aa0000, 0x00000007aaaa0000)
  eden space 34944K,   0% used [0x0000000780000000, 0x0000000780000000, 0x0000000782220000)
  from space 4352K,  99% used [0x0000000782660000, 0x0000000782a9d548, 0x0000000782aa0000)
  to   space 4352K,   0% used [0x0000000782220000, 0x0000000782220000, 0x0000000782660000)
 concurrent mark-sweep generation total 101812K, used 57404K [0x00000007aaaa0000, 0x00000007b0e0d000, 0x0000000800000000)
 Metaspace       used 25421K, capacity 26075K, committed 26368K, reserved 1073152K
  class space    used 2773K, capacity 2999K, committed 3072K, reserved 1048576K
}
Event: 17.249 GC heap before
{Heap before GC invocations=7 (full 3):
 par new generation   total 39296K, used 39285K [0x0000000780000000, 0x0000000782aa0000, 0x00000007aaaa0000)
  eden space 34944K, 100% used [0x0000000780000000, 0x0000000782220000, 0x0000000782220000)
  from space 4352K,  99% used [0x0000000782660000, 0x0000000782a9d548, 0x0000000782aa0000)
  to   space 4352K,   0% used [0x0000000782220000, 0x0000000782220000, 0x0000000782660000)
 concurrent mark-sweep generation total 101812K, used 57404K [0x00000007aaaa0000, 0x00000007b0e0d000, 0x0000000800000000)
 Metaspace       used 33792K, capacity 34603K, committed 34816K, reserved 1079296K
  class space    used 3982K, capacity 4291K, committed 4352K, reserved 1048576K
}
Event: 17.252 GC heap after
{Heap after GC invocations=8 (full 3):
 par new generation   total 39296K, used 3536K [0x0000000780000000, 0x0000000782aa0000, 0x00000007aaaa0000)
  eden space 34944K,   0% used [0x0000000780000000, 0x0000000780000000, 0x0000000782220000)
  from space 4352K,  81% used [0x0000000782220000, 0x0000000782594260, 0x0000000782660000)
  to   space 4352K,   0% used [0x0000000782660000, 0x0000000782660000, 0x0000000782aa0000)
 concurrent mark-sweep generation total 101812K, used 61481K [0x00000007aaaa0000, 0x00000007b0e0d000, 0x0000000800000000)
 Metaspace       used 33792K, capacity 34603K, committed 34816K, reserved 1079296K
  class space    used 3982K, capacity 4291K, committed 4352K, reserved 1048576K
}
Event: 17.370 GC heap before
{Heap before GC invocations=8 (full 3):
 par new generation   total 39296K, used 33838K [0x0000000780000000, 0x0000000782aa0000, 0x00000007aaaa0000)
  eden space 34944K,  86% used [0x0000000780000000, 0x0000000781d977a0, 0x0000000782220000)
  from space 4352K,  81% used [0x0000000782220000, 0x0000000782594260, 0x0000000782660000)
  to   space 4352K,   0% used [0x0000000782660000, 0x0000000782660000, 0x0000000782aa0000)
 concurrent mark-sweep generation total 101812K, used 61481K [0x00000007aaaa0000, 0x00000007b0e0d000, 0x0000000800000000)
 Metaspace       used 35665K, capacity 36586K, committed 36736K, reserved 1081344K
  class space    used 4293K, capacity 4663K, committed 4736K, reserved 1048576K
}
Event: 17.379 GC heap after
{Heap after GC invocations=9 (full 3):
 par new generation   total 39296K, used 2183K [0x0000000780000000, 0x0000000782aa0000, 0x00000007aaaa0000)
  eden space 34944K,   0% used [0x0000000780000000, 0x0000000780000000, 0x0000000782220000)
  from space 4352K,  50% used [0x0000000782660000, 0x0000000782881eb0, 0x0000000782aa0000)
  to   space 4352K,   0% used [0x0000000782220000, 0x0000000782220000, 0x0000000782660000)
 concurrent mark-sweep generation total 101812K, used 86754K [0x00000007aaaa0000, 0x00000007b0e0d000, 0x0000000800000000)
 Metaspace       used 35665K, capacity 36586K, committed 36736K, reserved 1081344K
  class space    used 4293K, capacity 4663K, committed 4736K, reserved 1048576K
}
Event: 17.752 GC heap before
{Heap before GC invocations=9 (full 4):
 par new generation   total 39296K, used 37127K [0x0000000780000000, 0x0000000782aa0000, 0x00000007aaaa0000)
  eden space 34944K, 100% used [0x0000000780000000, 0x0000000782220000, 0x0000000782220000)
  from space 4352K,  50% used [0x0000000782660000, 0x0000000782881eb0, 0x0000000782aa0000)
  to   space 4352K,   0% used [0x0000000782220000, 0x0000000782220000, 0x0000000782660000)
 concurrent mark-sweep generation total 101812K, used 86754K [0x00000007aaaa0000, 0x00000007b0e0d000, 0x0000000800000000)
 Metaspace       used 42222K, capacity 43379K, committed 43684K, reserved 1087488K
  class space    used 5063K, capacity 5540K, committed 5632K, reserved 1048576K
}
Event: 17.755 GC heap after
{Heap after GC invocations=10 (full 4):
 par new generation   total 39296K, used 3861K [0x0000000780000000, 0x0000000782aa0000, 0x00000007aaaa0000)
  eden space 34944K,   0% used [0x0000000780000000, 0x0000000780000000, 0x0000000782220000)
  from space 4352K,  88% used [0x0000000782220000, 0x00000007825e5478, 0x0000000782660000)
  to   space 4352K,   0% used [0x0000000782660000, 0x0000000782660000, 0x0000000782aa0000)
 concurrent mark-sweep generation total 101812K, used 94057K [0x00000007aaaa0000, 0x00000007b0e0d000, 0x0000000800000000)
 Metaspace       used 42222K, capacity 43379K, committed 43684K, reserved 1087488K
  class space    used 5063K, capacity 5540K, committed 5632K, reserved 1048576K
}
Event: 18.024 GC heap before
{Heap before GC invocations=10 (full 4):
 par new generation   total 39296K, used 38805K [0x0000000780000000, 0x0000000782aa0000, 0x00000007aaaa0000)
  eden space 34944K, 100% used [0x0000000780000000, 0x0000000782220000, 0x0000000782220000)
  from space 4352K,  88% used [0x0000000782220000, 0x00000007825e5478, 0x0000000782660000)
  to   space 4352K,   0% used [0x0000000782660000, 0x0000000782660000, 0x0000000782aa0000)
 concurrent mark-sweep generation total 127932K, used 76757K [0x00000007aaaa0000, 0x00000007b278f000, 0x0000000800000000)
 Metaspace       used 43200K, capacity 44416K, committed 44580K, reserved 1087488K
  class space    used 5175K, capacity 5692K, committed 5760K, reserved 1048576K
}
Event: 18.032 GC heap after
{Heap after GC invocations=11 (full 4):
 par new generation   total 39296K, used 3502K [0x0000000780000000, 0x0000000782aa0000, 0x00000007aaaa0000)
  eden space 34944K,   0% used [0x0000000780000000, 0x0000000780000000, 0x0000000782220000)
  from space 4352K,  80% used [0x0000000782660000, 0x00000007829cb828, 0x0000000782aa0000)
  to   space 4352K,   0% used [0x0000000782220000, 0x0000000782220000, 0x0000000782660000)
 concurrent mark-sweep generation total 127932K, used 80262K [0x00000007aaaa0000, 0x00000007b278f000, 0x0000000800000000)
 Metaspace       used 43200K, capacity 44416K, committed 44580K, reserved 1087488K
  class space    used 5175K, capacity 5692K, committed 5760K, reserved 1048576K
}
Event: 18.577 GC heap before
{Heap before GC invocations=11 (full 4):
 par new generation   total 39296K, used 38446K [0x0000000780000000, 0x0000000782aa0000, 0x00000007aaaa0000)
  eden space 34944K, 100% used [0x0000000780000000, 0x0000000782220000, 0x0000000782220000)
  from space 4352K,  80% used [0x0000000782660000, 0x00000007829cb828, 0x0000000782aa0000)
  to   space 4352K,   0% used [0x0000000782220000, 0x0000000782220000, 0x0000000782660000)
 concurrent mark-sweep generation total 127932K, used 80262K [0x00000007aaaa0000, 0x00000007b278f000, 0x0000000800000000)
 Metaspace       used 43974K, capacity 45237K, committed 45476K, reserved 1089536K
  class space    used 5234K, capacity 5773K, committed 5888K, reserved 1048576K
}
Event: 18.580 GC heap after
{Heap after GC invocations=12 (full 4):
 par new generation   total 39296K, used 4352K [0x0000000780000000, 0x0000000782aa0000, 0x00000007aaaa0000)
  eden space 34944K,   0% used [0x0000000780000000, 0x0000000780000000, 0x0000000782220000)
  from space 4352K, 100% used [0x0000000782220000, 0x0000000782660000, 0x0000000782660000)
  to   space 4352K,   0% used [0x0000000782660000, 0x0000000782660000, 0x0000000782aa0000)
 concurrent mark-sweep generation total 127932K, used 86897K [0x00000007aaaa0000, 0x00000007b278f000, 0x0000000800000000)
 Metaspace       used 43974K, capacity 45237K, committed 45476K, reserved 1089536K
  class space    used 5234K, capacity 5773K, committed 5888K, reserved 1048576K
}

