# JRE version: OpenJDK Runtime Environment (11.0.5+10) (build 11.0.5+10-LTS)
# Java VM: OpenJDK 64-Bit Server VM (11.0.5+10-LTS, mixed mode, tiered, compressed oops, concurrent mark sweep gc, bsd-amd64)
Heap:
 par new generation   total 39296K, used 38945K [0x0000000780000000, 0x0000000782aa0000, 0x00000007aaaa0000)
  eden space 34944K,  99% used [0x0000000780000000, 0x0000000782206520, 0x0000000782220000)
  from space 4352K,  94% used [0x0000000782660000, 0x0000000782a62218, 0x0000000782aa0000)
  to   space 4352K,   0% used [0x0000000782220000, 0x0000000782220000, 0x0000000782660000)
 concurrent mark-sweep generation total 168312K, used 107226K [0x00000007aaaa0000, 0x00000007b4efe000, 0x0000000800000000)
 Metaspace       used 46441K, capacity 47773K, committed 47996K, reserved 1091584K
  class space    used 5505K, capacity 6077K, committed 6092K, reserved 1048576K
GC Heap History (20 events):
Event: 7.399 GC heap before
{Heap before GC invocations=7 (full 3):
 par new generation   total 39296K, used 39230K [0x0000000780000000, 0x0000000782aa0000, 0x00000007aaaa0000)
  eden space 34944K, 100% used [0x0000000780000000, 0x0000000782220000, 0x0000000782220000)
  from space 4352K,  98% used [0x0000000782660000, 0x0000000782a8f880, 0x0000000782aa0000)
  to   space 4352K,   0% used [0x0000000782220000, 0x0000000782220000, 0x0000000782660000)
 concurrent mark-sweep generation total 101816K, used 55973K [0x00000007aaaa0000, 0x00000007b0e0e000, 0x0000000800000000)
 Metaspace       used 25601K, capacity 26203K, committed 26624K, reserved 1073152K
  class space    used 2805K, capacity 3063K, committed 3072K, reserved 1048576K
}
Event: 7.400 GC heap after
{Heap after GC invocations=8 (full 3):
 par new generation   total 39296K, used 617K [0x0000000780000000, 0x0000000782aa0000, 0x00000007aaaa0000)
  eden space 34944K,   0% used [0x0000000780000000, 0x0000000780000000, 0x0000000782220000)
  from space 4352K,  14% used [0x0000000782220000, 0x00000007822ba590, 0x0000000782660000)
  to   space 4352K,   0% used [0x0000000782660000, 0x0000000782660000, 0x0000000782aa0000)
 concurrent mark-sweep generation total 101816K, used 59806K [0x00000007aaaa0000, 0x00000007b0e0e000, 0x0000000800000000)
 Metaspace       used 25601K, capacity 26203K, committed 26624K, reserved 1073152K
  class space    used 2805K, capacity 3063K, committed 3072K, reserved 1048576K
}
Event: 7.830 GC heap before
{Heap before GC invocations=8 (full 3):
 par new generation   total 39296K, used 35432K [0x0000000780000000, 0x0000000782aa0000, 0x00000007aaaa0000)
  eden space 34944K,  99% used [0x0000000780000000, 0x00000007821ffd40, 0x0000000782220000)
  from space 4352K,  14% used [0x0000000782220000, 0x00000007822ba590, 0x0000000782660000)
  to   space 4352K,   0% used [0x0000000782660000, 0x0000000782660000, 0x0000000782aa0000)
 concurrent mark-sweep generation total 101816K, used 59806K [0x00000007aaaa0000, 0x00000007b0e0e000, 0x0000000800000000)
 Metaspace       used 25701K, capacity 26395K, committed 26624K, reserved 1073152K
  class space    used 2805K, capacity 3063K, committed 3072K, reserved 1048576K
}
Event: 7.831 GC heap after
{Heap after GC invocations=9 (full 3):
 par new generation   total 39296K, used 641K [0x0000000780000000, 0x0000000782aa0000, 0x00000007aaaa0000)
  eden space 34944K,   0% used [0x0000000780000000, 0x0000000780000000, 0x0000000782220000)
  from space 4352K,  14% used [0x0000000782660000, 0x00000007827006d0, 0x0000000782aa0000)
  to   space 4352K,   0% used [0x0000000782220000, 0x0000000782220000, 0x0000000782660000)
 concurrent mark-sweep generation total 101816K, used 59806K [0x00000007aaaa0000, 0x00000007b0e0e000, 0x0000000800000000)
 Metaspace       used 25701K, capacity 26395K, committed 26624K, reserved 1073152K
  class space    used 2805K, capacity 3063K, committed 3072K, reserved 1048576K
}
Event: 17.585 GC heap before
{Heap before GC invocations=9 (full 3):
 par new generation   total 39296K, used 35585K [0x0000000780000000, 0x0000000782aa0000, 0x00000007aaaa0000)
  eden space 34944K,  99% used [0x0000000780000000, 0x000000078221ffe0, 0x0000000782220000)
  from space 4352K,  14% used [0x0000000782660000, 0x00000007827006d0, 0x0000000782aa0000)
  to   space 4352K,   0% used [0x0000000782220000, 0x0000000782220000, 0x0000000782660000)
 concurrent mark-sweep generation total 101816K, used 59806K [0x00000007aaaa0000, 0x00000007b0e0e000, 0x0000000800000000)
 Metaspace       used 30970K, capacity 31769K, committed 32000K, reserved 1077248K
  class space    used 3411K, capacity 3723K, committed 3840K, reserved 1048576K
}
Event: 17.590 GC heap after
{Heap after GC invocations=10 (full 3):
 par new generation   total 39296K, used 3643K [0x0000000780000000, 0x0000000782aa0000, 0x00000007aaaa0000)
  eden space 34944K,   0% used [0x0000000780000000, 0x0000000780000000, 0x0000000782220000)
  from space 4352K,  83% used [0x0000000782220000, 0x00000007825aee48, 0x0000000782660000)
  to   space 4352K,   0% used [0x0000000782660000, 0x0000000782660000, 0x0000000782aa0000)
 concurrent mark-sweep generation total 101816K, used 67109K [0x00000007aaaa0000, 0x00000007b0e0e000, 0x0000000800000000)
 Metaspace       used 30970K, capacity 31769K, committed 32000K, reserved 1077248K
  class space    used 3411K, capacity 3723K, committed 3840K, reserved 1048576K
}
Event: 18.002 GC heap before
{Heap before GC invocations=10 (full 3):
 par new generation   total 39296K, used 38587K [0x0000000780000000, 0x0000000782aa0000, 0x00000007aaaa0000)
  eden space 34944K, 100% used [0x0000000780000000, 0x0000000782220000, 0x0000000782220000)
  from space 4352K,  83% used [0x0000000782220000, 0x00000007825aee48, 0x0000000782660000)
  to   space 4352K,   0% used [0x0000000782660000, 0x0000000782660000, 0x0000000782aa0000)
 concurrent mark-sweep generation total 101816K, used 67109K [0x00000007aaaa0000, 0x00000007b0e0e000, 0x0000000800000000)
 Metaspace       used 39059K, capacity 39886K, committed 40192K, reserved 1085440K
  class space    used 4488K, capacity 4827K, committed 4864K, reserved 1048576K
}
Event: 18.005 GC heap after
{Heap after GC invocations=11 (full 3):
 par new generation   total 39296K, used 4352K [0x0000000780000000, 0x0000000782aa0000, 0x00000007aaaa0000)
  eden space 34944K,   0% used [0x0000000780000000, 0x0000000780000000, 0x0000000782220000)
  from space 4352K, 100% used [0x0000000782660000, 0x0000000782aa0000, 0x0000000782aa0000)
  to   space 4352K,   0% used [0x0000000782220000, 0x0000000782220000, 0x0000000782660000)
 concurrent mark-sweep generation total 101816K, used 70259K [0x00000007aaaa0000, 0x00000007b0e0e000, 0x0000000800000000)
 Metaspace       used 39059K, capacity 39886K, committed 40192K, reserved 1085440K
  class space    used 4488K, capacity 4827K, committed 4864K, reserved 1048576K
}
Event: 18.356 GC heap before
{Heap before GC invocations=11 (full 3):
 par new generation   total 39296K, used 39296K [0x0000000780000000, 0x0000000782aa0000, 0x00000007aaaa0000)
  eden space 34944K, 100% used [0x0000000780000000, 0x0000000782220000, 0x0000000782220000)
  from space 4352K, 100% used [0x0000000782660000, 0x0000000782aa0000, 0x0000000782aa0000)
  to   space 4352K,   0% used [0x0000000782220000, 0x0000000782220000, 0x0000000782660000)
 concurrent mark-sweep generation total 101816K, used 70839K [0x00000007aaaa0000, 0x00000007b0e0e000, 0x0000000800000000)
 Metaspace       used 43269K, capacity 44444K, committed 44620K, reserved 1087488K
  class space    used 5169K, capacity 5637K, committed 5708K, reserved 1048576K
}
Event: 18.359 GC heap after
{Heap after GC invocations=12 (full 3):
 par new generation   total 39296K, used 4347K [0x0000000780000000, 0x0000000782aa0000, 0x00000007aaaa0000)
  eden space 34944K,   0% used [0x0000000780000000, 0x0000000780000000, 0x0000000782220000)
  from space 4352K,  99% used [0x0000000782220000, 0x000000078265ed00, 0x0000000782660000)
  to   space 4352K,   0% used [0x0000000782660000, 0x0000000782660000, 0x0000000782aa0000)
 concurrent mark-sweep generation total 101816K, used 74331K [0x00000007aaaa0000, 0x00000007b0e0e000, 0x0000000800000000)
 Metaspace       used 43269K, capacity 44444K, committed 44620K, reserved 1087488K
  class space    used 5169K, capacity 5637K, committed 5708K, reserved 1048576K
}
Event: 18.515 GC heap before
{Heap before GC invocations=12 (full 4):
 par new generation   total 39296K, used 39295K [0x0000000780000000, 0x0000000782aa0000, 0x00000007aaaa0000)
  eden space 34944K, 100% used [0x0000000780000000, 0x0000000782220000, 0x0000000782220000)
  from space 4352K,  99% used [0x0000000782220000, 0x000000078265fff8, 0x0000000782660000)
  to   space 4352K,   0% used [0x0000000782660000, 0x0000000782660000, 0x0000000782aa0000)
 concurrent mark-sweep generation total 101816K, used 58850K [0x00000007aaaa0000, 0x00000007b0e0e000, 0x0000000800000000)
 Metaspace       used 43820K, capacity 45061K, committed 45436K, reserved 1089536K
  class space    used 5246K, capacity 5757K, committed 5836K, reserved 1048576K
}
Event: 18.518 GC heap after
{Heap after GC invocations=13 (full 4):
 par new generation   total 39296K, used 2792K [0x0000000780000000, 0x0000000782aa0000, 0x00000007aaaa0000)
  eden space 34944K,   0% used [0x0000000780000000, 0x0000000780000000, 0x0000000782220000)
  from space 4352K,  64% used [0x0000000782660000, 0x000000078291a2a8, 0x0000000782aa0000)
  to   space 4352K,   0% used [0x0000000782220000, 0x0000000782220000, 0x0000000782660000)
 concurrent mark-sweep generation total 101816K, used 61651K [0x00000007aaaa0000, 0x00000007b0e0e000, 0x0000000800000000)
 Metaspace       used 43820K, capacity 45061K, committed 45436K, reserved 1089536K
  class space    used 5246K, capacity 5757K, committed 5836K, reserved 1048576K
}
Event: 18.790 GC heap before
{Heap before GC invocations=13 (full 4):
 par new generation   total 39296K, used 36543K [0x0000000780000000, 0x0000000782aa0000, 0x00000007aaaa0000)
  eden space 34944K,  96% used [0x0000000780000000, 0x00000007820f5c58, 0x0000000782220000)
  from space 4352K,  64% used [0x0000000782660000, 0x000000078291a2a8, 0x0000000782aa0000)
  to   space 4352K,   0% used [0x0000000782220000, 0x0000000782220000, 0x0000000782660000)
 concurrent mark-sweep generation total 101816K, used 61651K [0x00000007aaaa0000, 0x00000007b0e0e000, 0x0000000800000000)
 Metaspace       used 44538K, capacity 45793K, committed 45948K, reserved 1089536K
  class space    used 5294K, capacity 5826K, committed 5836K, reserved 1048576K
}
Event: 18.792 GC heap after
{Heap after GC invocations=14 (full 4):
 par new generation   total 39296K, used 4352K [0x0000000780000000, 0x0000000782aa0000, 0x00000007aaaa0000)
  eden space 34944K,   0% used [0x0000000780000000, 0x0000000780000000, 0x0000000782220000)
  from space 4352K, 100% used [0x0000000782220000, 0x0000000782660000, 0x0000000782660000)
  to   space 4352K,   0% used [0x0000000782660000, 0x0000000782660000, 0x0000000782aa0000)
 concurrent mark-sweep generation total 101816K, used 65012K [0x00000007aaaa0000, 0x00000007b0e0e000, 0x0000000800000000)
 Metaspace       used 44538K, capacity 45793K, committed 45948K, reserved 1089536K
  class space    used 5294K, capacity 5826K, committed 5836K, reserved 1048576K
}
Event: 19.342 GC heap before
{Heap before GC invocations=14 (full 4):
 par new generation   total 39296K, used 38081K [0x0000000780000000, 0x0000000782aa0000, 0x00000007aaaa0000)
  eden space 34944K,  96% used [0x0000000780000000, 0x00000007820f0420, 0x0000000782220000)
  from space 4352K, 100% used [0x0000000782220000, 0x0000000782660000, 0x0000000782660000)
  to   space 4352K,   0% used [0x0000000782660000, 0x0000000782660000, 0x0000000782aa0000)
 concurrent mark-sweep generation total 101816K, used 65012K [0x00000007aaaa0000, 0x00000007b0e0e000, 0x0000000800000000)
 Metaspace       used 45058K, capacity 46258K, committed 46588K, reserved 1089536K
  class space    used 5340K, capacity 5851K, committed 5964K, reserved 1048576K
}
Event: 19.345 GC heap after
{Heap after GC invocations=15 (full 4):
 par new generation   total 39296K, used 4352K [0x0000000780000000, 0x0000000782aa0000, 0x00000007aaaa0000)
  eden space 34944K,   0% used [0x0000000780000000, 0x0000000780000000, 0x0000000782220000)
  from space 4352K, 100% used [0x0000000782660000, 0x0000000782aa0000, 0x0000000782aa0000)
  to   space 4352K,   0% used [0x0000000782220000, 0x0000000782220000, 0x0000000782660000)
 concurrent mark-sweep generation total 101816K, used 76374K [0x00000007aaaa0000, 0x00000007b0e0e000, 0x0000000800000000)
 Metaspace       used 45058K, capacity 46258K, committed 46588K, reserved 1089536K
  class space    used 5340K, capacity 5851K, committed 5964K, reserved 1048576K
}
Event: 19.425 GC heap before
{Heap before GC invocations=15 (full 5):
 par new generation   total 39296K, used 33373K [0x0000000780000000, 0x0000000782aa0000, 0x00000007aaaa0000)
  eden space 34944K,  83% used [0x0000000780000000, 0x0000000781c57770, 0x0000000782220000)
  from space 4352K, 100% used [0x0000000782660000, 0x0000000782aa0000, 0x0000000782aa0000)
  to   space 4352K,   0% used [0x0000000782220000, 0x0000000782220000, 0x0000000782660000)
 concurrent mark-sweep generation total 101816K, used 82615K [0x00000007aaaa0000, 0x00000007b0e0e000, 0x0000000800000000)
 Metaspace       used 45211K, capacity 46518K, committed 46844K, reserved 1089536K
  class space    used 5361K, capacity 5894K, committed 5964K, reserved 1048576K
}
Event: 19.431 GC heap after
{Heap after GC invocations=16 (full 5):
 par new generation   total 39296K, used 3140K [0x0000000780000000, 0x0000000782aa0000, 0x00000007aaaa0000)
  eden space 34944K,   0% used [0x0000000780000000, 0x0000000780000000, 0x0000000782220000)
  from space 4352K,  72% used [0x0000000782220000, 0x0000000782531338, 0x0000000782660000)
  to   space 4352K,   0% used [0x0000000782660000, 0x0000000782660000, 0x0000000782aa0000)
 concurrent mark-sweep generation total 109120K, used 101580K [0x00000007aaaa0000, 0x00000007b1530000, 0x0000000800000000)
 Metaspace       used 45211K, capacity 46518K, committed 46844K, reserved 1089536K
  class space    used 5361K, capacity 5894K, committed 5964K, reserved 1048576K
}
Event: 19.519 GC heap before
{Heap before GC invocations=16 (full 5):
 par new generation   total 39296K, used 32266K [0x0000000780000000, 0x0000000782aa0000, 0x00000007aaaa0000)
  eden space 34944K,  83% used [0x0000000780000000, 0x0000000781c718b0, 0x0000000782220000)
  from space 4352K,  72% used [0x0000000782220000, 0x0000000782531338, 0x0000000782660000)
  to   space 4352K,   0% used [0x0000000782660000, 0x0000000782660000, 0x0000000782aa0000)
 concurrent mark-sweep generation total 168312K, used 100985K [0x00000007aaaa0000, 0x00000007b4efe000, 0x0000000800000000)
 Metaspace       used 45384K, capacity 46679K, committed 46844K, reserved 1089536K
  class space    used 5388K, capacity 5947K, committed 5964K, reserved 1048576K
}
Event: 19.523 GC heap after
{Heap after GC invocations=17 (full 5):
 par new generation   total 39296K, used 4104K [0x0000000780000000, 0x0000000782aa0000, 0x00000007aaaa0000)
  eden space 34944K,   0% used [0x0000000780000000, 0x0000000780000000, 0x0000000782220000)
  from space 4352K,  94% used [0x0000000782660000, 0x0000000782a62218, 0x0000000782aa0000)
  to   space 4352K,   0% used [0x0000000782220000, 0x0000000782220000, 0x0000000782660000)
 concurrent mark-sweep generation total 168312K, used 107226K [0x00000007aaaa0000, 0x00000007b4efe000, 0x0000000800000000)
 Metaspace       used 45384K, capacity 46679K, committed 46844K, reserved 1089536K
  class space    used 5388K, capacity 5947K, committed 5964K, reserved 1048576K
}

