# JRE version: OpenJDK Runtime Environment (11.0.5+10) (build 11.0.5+10-LTS)
# Java VM: OpenJDK 64-Bit Server VM (11.0.5+10-LTS, mixed mode, tiered, compressed oops, concurrent mark sweep gc, bsd-amd64)
Heap:
 par new generation   total 39296K, used 13736K [0x0000000780000000, 0x0000000782aa0000, 0x00000007aaaa0000)
  eden space 34944K,  26% used [0x0000000780000000, 0x000000078092a348, 0x0000000782220000)
  from space 4352K, 100% used [0x0000000782660000, 0x0000000782aa0000, 0x0000000782aa0000)
  to   space 4352K,   0% used [0x0000000782220000, 0x0000000782220000, 0x0000000782660000)
 concurrent mark-sweep generation total 101820K, used 70023K [0x00000007aaaa0000, 0x00000007b0e0f000, 0x0000000800000000)
 Metaspace       used 45203K, capacity 46493K, committed 46652K, reserved 1089536K
  class space    used 5344K, capacity 5866K, committed 5948K, reserved 1048576K
GC Heap History (20 events):
Event: 6.398 GC heap before
{Heap before GC invocations=5 (full 3):
 par new generation   total 39296K, used 36453K [0x0000000780000000, 0x0000000782aa0000, 0x00000007aaaa0000)
  eden space 34944K,  91% used [0x0000000780000000, 0x0000000781f594a0, 0x0000000782220000)
  from space 4352K, 100% used [0x0000000782660000, 0x0000000782aa0000, 0x0000000782aa0000)
  to   space 4352K,   0% used [0x0000000782220000, 0x0000000782220000, 0x0000000782660000)
 concurrent mark-sweep generation total 101820K, used 74863K [0x00000007aaaa0000, 0x00000007b0e0f000, 0x0000000800000000)
 Metaspace       used 24933K, capacity 25529K, committed 25856K, reserved 1073152K
  class space    used 2773K, capacity 2985K, committed 3072K, reserved 1048576K
}
Event: 6.402 GC heap after
{Heap after GC invocations=6 (full 3):
 par new generation   total 39296K, used 4352K [0x0000000780000000, 0x0000000782aa0000, 0x00000007aaaa0000)
  eden space 34944K,   0% used [0x0000000780000000, 0x0000000780000000, 0x0000000782220000)
  from space 4352K, 100% used [0x0000000782220000, 0x0000000782660000, 0x0000000782660000)
  to   space 4352K,   0% used [0x0000000782660000, 0x0000000782660000, 0x0000000782aa0000)
 concurrent mark-sweep generation total 101820K, used 81857K [0x00000007aaaa0000, 0x00000007b0e0f000, 0x0000000800000000)
 Metaspace       used 24933K, capacity 25529K, committed 25856K, reserved 1073152K
  class space    used 2773K, capacity 2985K, committed 3072K, reserved 1048576K
}
Event: 6.547 GC heap before
{Heap before GC invocations=6 (full 3):
 par new generation   total 39296K, used 39296K [0x0000000780000000, 0x0000000782aa0000, 0x00000007aaaa0000)
  eden space 34944K, 100% used [0x0000000780000000, 0x0000000782220000, 0x0000000782220000)
  from space 4352K, 100% used [0x0000000782220000, 0x0000000782660000, 0x0000000782660000)
  to   space 4352K,   0% used [0x0000000782660000, 0x0000000782660000, 0x0000000782aa0000)
 concurrent mark-sweep generation total 101820K, used 81857K [0x00000007aaaa0000, 0x00000007b0e0f000, 0x0000000800000000)
 Metaspace       used 25013K, capacity 25616K, committed 25856K, reserved 1073152K
  class space    used 2778K, capacity 2995K, committed 3072K, reserved 1048576K
}
Event: 6.549 GC heap after
{Heap after GC invocations=7 (full 3):
 par new generation   total 39296K, used 4342K [0x0000000780000000, 0x0000000782aa0000, 0x00000007aaaa0000)
  eden space 34944K,   0% used [0x0000000780000000, 0x0000000780000000, 0x0000000782220000)
  from space 4352K,  99% used [0x0000000782660000, 0x0000000782a9d890, 0x0000000782aa0000)
  to   space 4352K,   0% used [0x0000000782220000, 0x0000000782220000, 0x0000000782660000)
 concurrent mark-sweep generation total 101820K, used 89595K [0x00000007aaaa0000, 0x00000007b0e0f000, 0x0000000800000000)
 Metaspace       used 25013K, capacity 25616K, committed 25856K, reserved 1073152K
  class space    used 2778K, capacity 2995K, committed 3072K, reserved 1048576K
}
Event: 7.297 GC heap before
{Heap before GC invocations=7 (full 3):
 par new generation   total 39296K, used 39187K [0x0000000780000000, 0x0000000782aa0000, 0x00000007aaaa0000)
  eden space 34944K,  99% used [0x0000000780000000, 0x0000000782207640, 0x0000000782220000)
  from space 4352K,  99% used [0x0000000782660000, 0x0000000782a9d890, 0x0000000782aa0000)
  to   space 4352K,   0% used [0x0000000782220000, 0x0000000782220000, 0x0000000782660000)
 concurrent mark-sweep generation total 101820K, used 55937K [0x00000007aaaa0000, 0x00000007b0e0f000, 0x0000000800000000)
 Metaspace       used 25578K, capacity 26203K, committed 26368K, reserved 1073152K
  class space    used 2805K, capacity 3063K, committed 3072K, reserved 1048576K
}
Event: 7.299 GC heap after
{Heap after GC invocations=8 (full 3):
 par new generation   total 39296K, used 559K [0x0000000780000000, 0x0000000782aa0000, 0x00000007aaaa0000)
  eden space 34944K,   0% used [0x0000000780000000, 0x0000000780000000, 0x0000000782220000)
  from space 4352K,  12% used [0x0000000782220000, 0x00000007822abd30, 0x0000000782660000)
  to   space 4352K,   0% used [0x0000000782660000, 0x0000000782660000, 0x0000000782aa0000)
 concurrent mark-sweep generation total 101820K, used 59813K [0x00000007aaaa0000, 0x00000007b0e0f000, 0x0000000800000000)
 Metaspace       used 25578K, capacity 26203K, committed 26368K, reserved 1073152K
  class space    used 2805K, capacity 3063K, committed 3072K, reserved 1048576K
}
Event: 7.721 GC heap before
{Heap before GC invocations=8 (full 3):
 par new generation   total 39296K, used 35462K [0x0000000780000000, 0x0000000782aa0000, 0x00000007aaaa0000)
  eden space 34944K,  99% used [0x0000000780000000, 0x0000000782215c88, 0x0000000782220000)
  from space 4352K,  12% used [0x0000000782220000, 0x00000007822abd30, 0x0000000782660000)
  to   space 4352K,   0% used [0x0000000782660000, 0x0000000782660000, 0x0000000782aa0000)
 concurrent mark-sweep generation total 101820K, used 59813K [0x00000007aaaa0000, 0x00000007b0e0f000, 0x0000000800000000)
 Metaspace       used 25691K, capacity 26331K, committed 26624K, reserved 1073152K
  class space    used 2805K, capacity 3063K, committed 3072K, reserved 1048576K
}
Event: 7.722 GC heap after
{Heap after GC invocations=9 (full 3):
 par new generation   total 39296K, used 629K [0x0000000780000000, 0x0000000782aa0000, 0x00000007aaaa0000)
  eden space 34944K,   0% used [0x0000000780000000, 0x0000000780000000, 0x0000000782220000)
  from space 4352K,  14% used [0x0000000782660000, 0x00000007826fd678, 0x0000000782aa0000)
  to   space 4352K,   0% used [0x0000000782220000, 0x0000000782220000, 0x0000000782660000)
 concurrent mark-sweep generation total 101820K, used 59813K [0x00000007aaaa0000, 0x00000007b0e0f000, 0x0000000800000000)
 Metaspace       used 25691K, capacity 26331K, committed 26624K, reserved 1073152K
  class space    used 2805K, capacity 3063K, committed 3072K, reserved 1048576K
}
Event: 57.296 GC heap before
{Heap before GC invocations=9 (full 3):
 par new generation   total 39296K, used 35573K [0x0000000780000000, 0x0000000782aa0000, 0x00000007aaaa0000)
  eden space 34944K, 100% used [0x0000000780000000, 0x0000000782220000, 0x0000000782220000)
  from space 4352K,  14% used [0x0000000782660000, 0x00000007826fd678, 0x0000000782aa0000)
  to   space 4352K,   0% used [0x0000000782220000, 0x0000000782220000, 0x0000000782660000)
 concurrent mark-sweep generation total 101820K, used 59813K [0x00000007aaaa0000, 0x00000007b0e0f000, 0x0000000800000000)
 Metaspace       used 29114K, capacity 29813K, committed 30208K, reserved 1075200K
  class space    used 3223K, capacity 3502K, committed 3584K, reserved 1048576K
}
Event: 57.301 GC heap after
{Heap after GC invocations=10 (full 3):
 par new generation   total 39296K, used 2904K [0x0000000780000000, 0x0000000782aa0000, 0x00000007aaaa0000)
  eden space 34944K,   0% used [0x0000000780000000, 0x0000000780000000, 0x0000000782220000)
  from space 4352K,  66% used [0x0000000782220000, 0x00000007824f60f8, 0x0000000782660000)
  to   space 4352K,   0% used [0x0000000782660000, 0x0000000782660000, 0x0000000782aa0000)
 concurrent mark-sweep generation total 101820K, used 67116K [0x00000007aaaa0000, 0x00000007b0e0f000, 0x0000000800000000)
 Metaspace       used 29114K, capacity 29813K, committed 30208K, reserved 1075200K
  class space    used 3223K, capacity 3502K, committed 3584K, reserved 1048576K
}
Event: 57.659 GC heap before
{Heap before GC invocations=10 (full 3):
 par new generation   total 39296K, used 37848K [0x0000000780000000, 0x0000000782aa0000, 0x00000007aaaa0000)
  eden space 34944K, 100% used [0x0000000780000000, 0x0000000782220000, 0x0000000782220000)
  from space 4352K,  66% used [0x0000000782220000, 0x00000007824f60f8, 0x0000000782660000)
  to   space 4352K,   0% used [0x0000000782660000, 0x0000000782660000, 0x0000000782aa0000)
 concurrent mark-sweep generation total 101820K, used 67116K [0x00000007aaaa0000, 0x00000007b0e0f000, 0x0000000800000000)
 Metaspace       used 37562K, capacity 38470K, committed 38656K, reserved 1083392K
  class space    used 4253K, capacity 4589K, committed 4608K, reserved 1048576K
}
Event: 57.661 GC heap after
{Heap after GC invocations=11 (full 3):
 par new generation   total 39296K, used 3915K [0x0000000780000000, 0x0000000782aa0000, 0x00000007aaaa0000)
  eden space 34944K,   0% used [0x0000000780000000, 0x0000000780000000, 0x0000000782220000)
  from space 4352K,  89% used [0x0000000782660000, 0x0000000782a32d20, 0x0000000782aa0000)
  to   space 4352K,   0% used [0x0000000782220000, 0x0000000782220000, 0x0000000782660000)
 concurrent mark-sweep generation total 101820K, used 69647K [0x00000007aaaa0000, 0x00000007b0e0f000, 0x0000000800000000)
 Metaspace       used 37562K, capacity 38470K, committed 38656K, reserved 1083392K
  class space    used 4253K, capacity 4589K, committed 4608K, reserved 1048576K
}
Event: 58.075 GC heap before
{Heap before GC invocations=11 (full 3):
 par new generation   total 39296K, used 39292K [0x0000000780000000, 0x0000000782aa0000, 0x00000007aaaa0000)
  eden space 34944K, 100% used [0x0000000780000000, 0x0000000782220000, 0x0000000782220000)
  from space 4352K,  99% used [0x0000000782660000, 0x0000000782a9f258, 0x0000000782aa0000)
  to   space 4352K,   0% used [0x0000000782220000, 0x0000000782220000, 0x0000000782660000)
 concurrent mark-sweep generation total 101820K, used 70251K [0x00000007aaaa0000, 0x00000007b0e0f000, 0x0000000800000000)
 Metaspace       used 43197K, capacity 44313K, committed 44604K, reserved 1087488K
  class space    used 5164K, capacity 5636K, committed 5692K, reserved 1048576K
}
Event: 58.078 GC heap after
{Heap after GC invocations=12 (full 3):
 par new generation   total 39296K, used 4231K [0x0000000780000000, 0x0000000782aa0000, 0x00000007aaaa0000)
  eden space 34944K,   0% used [0x0000000780000000, 0x0000000780000000, 0x0000000782220000)
  from space 4352K,  97% used [0x0000000782220000, 0x0000000782641f80, 0x0000000782660000)
  to   space 4352K,   0% used [0x0000000782660000, 0x0000000782660000, 0x0000000782aa0000)
 concurrent mark-sweep generation total 101820K, used 73427K [0x00000007aaaa0000, 0x00000007b0e0f000, 0x0000000800000000)
 Metaspace       used 43197K, capacity 44313K, committed 44604K, reserved 1087488K
  class space    used 5164K, capacity 5636K, committed 5692K, reserved 1048576K
}
Event: 58.303 GC heap before
{Heap before GC invocations=12 (full 4):
 par new generation   total 39296K, used 39296K [0x0000000780000000, 0x0000000782aa0000, 0x00000007aaaa0000)
  eden space 34944K, 100% used [0x0000000780000000, 0x0000000782220000, 0x0000000782220000)
  from space 4352K, 100% used [0x0000000782220000, 0x0000000782660000, 0x0000000782660000)
  to   space 4352K,   0% used [0x0000000782660000, 0x0000000782660000, 0x0000000782aa0000)
 concurrent mark-sweep generation total 101820K, used 57730K [0x00000007aaaa0000, 0x00000007b0e0f000, 0x0000000800000000)
 Metaspace       used 43882K, capacity 45111K, committed 45244K, reserved 1089536K
  class space    used 5241K, capacity 5754K, committed 5820K, reserved 1048576K
}
Event: 58.306 GC heap after
{Heap after GC invocations=13 (full 4):
 par new generation   total 39296K, used 4098K [0x0000000780000000, 0x0000000782aa0000, 0x00000007aaaa0000)
  eden space 34944K,   0% used [0x0000000780000000, 0x0000000780000000, 0x0000000782220000)
  from space 4352K,  94% used [0x0000000782660000, 0x0000000782a60b48, 0x0000000782aa0000)
  to   space 4352K,   0% used [0x0000000782220000, 0x0000000782220000, 0x0000000782660000)
 concurrent mark-sweep generation total 101820K, used 60739K [0x00000007aaaa0000, 0x00000007b0e0f000, 0x0000000800000000)
 Metaspace       used 43882K, capacity 45111K, committed 45244K, reserved 1089536K
  class space    used 5241K, capacity 5754K, committed 5820K, reserved 1048576K
}
Event: 58.627 GC heap before
{Heap before GC invocations=13 (full 4):
 par new generation   total 39296K, used 39042K [0x0000000780000000, 0x0000000782aa0000, 0x00000007aaaa0000)
  eden space 34944K, 100% used [0x0000000780000000, 0x0000000782220000, 0x0000000782220000)
  from space 4352K,  94% used [0x0000000782660000, 0x0000000782a60b48, 0x0000000782aa0000)
  to   space 4352K,   0% used [0x0000000782220000, 0x0000000782220000, 0x0000000782660000)
 concurrent mark-sweep generation total 101820K, used 60739K [0x00000007aaaa0000, 0x00000007b0e0f000, 0x0000000800000000)
 Metaspace       used 44582K, capacity 45838K, committed 46140K, reserved 1089536K
  class space    used 5291K, capacity 5822K, committed 5948K, reserved 1048576K
}
Event: 58.629 GC heap after
{Heap after GC invocations=14 (full 4):
 par new generation   total 39296K, used 4352K [0x0000000780000000, 0x0000000782aa0000, 0x00000007aaaa0000)
  eden space 34944K,   0% used [0x0000000780000000, 0x0000000780000000, 0x0000000782220000)
  from space 4352K, 100% used [0x0000000782220000, 0x0000000782660000, 0x0000000782660000)
  to   space 4352K,   0% used [0x0000000782660000, 0x0000000782660000, 0x0000000782aa0000)
 concurrent mark-sweep generation total 101820K, used 66102K [0x00000007aaaa0000, 0x00000007b0e0f000, 0x0000000800000000)
 Metaspace       used 44582K, capacity 45838K, committed 46140K, reserved 1089536K
  class space    used 5291K, capacity 5822K, committed 5948K, reserved 1048576K
}
Event: 59.178 GC heap before
{Heap before GC invocations=14 (full 4):
 par new generation   total 39296K, used 39296K [0x0000000780000000, 0x0000000782aa0000, 0x00000007aaaa0000)
  eden space 34944K, 100% used [0x0000000780000000, 0x0000000782220000, 0x0000000782220000)
  from space 4352K, 100% used [0x0000000782220000, 0x0000000782660000, 0x0000000782660000)
  to   space 4352K,   0% used [0x0000000782660000, 0x0000000782660000, 0x0000000782aa0000)
 concurrent mark-sweep generation total 101820K, used 66102K [0x00000007aaaa0000, 0x00000007b0e0f000, 0x0000000800000000)
 Metaspace       used 44948K, capacity 46272K, committed 46396K, reserved 1089536K
  class space    used 5315K, capacity 5838K, committed 5948K, reserved 1048576K
}
Event: 59.179 GC heap after
{Heap after GC invocations=15 (full 4):
 par new generation   total 39296K, used 4352K [0x0000000780000000, 0x0000000782aa0000, 0x00000007aaaa0000)
  eden space 34944K,   0% used [0x0000000780000000, 0x0000000780000000, 0x0000000782220000)
  from space 4352K, 100% used [0x0000000782660000, 0x0000000782aa0000, 0x0000000782aa0000)
  to   space 4352K,   0% used [0x0000000782220000, 0x0000000782220000, 0x0000000782660000)
 concurrent mark-sweep generation total 101820K, used 70023K [0x00000007aaaa0000, 0x00000007b0e0f000, 0x0000000800000000)
 Metaspace       used 44948K, capacity 46272K, committed 46396K, reserved 1089536K
  class space    used 5315K, capacity 5838K, committed 5948K, reserved 1048576K
}

